{"numTotalTestSuites":74,"numPassedTestSuites":74,"numFailedTestSuites":0,"numPendingTestSuites":0,"numTotalTests":268,"numPassedTests":268,"numFailedTests":0,"numPendingTests":0,"numTodoTests":0,"snapshot":{"added":0,"failure":false,"filesAdded":0,"filesRemoved":0,"filesRemovedList":[],"filesUnmatched":0,"filesUpdated":0,"matched":0,"total":0,"unchecked":0,"uncheckedKeysByFile":[],"unmatched":0,"updated":0,"didUpdate":false},"startTime":1790377556097,"success":true,"testResults":[{"assertionResults":[{"ancestorTitles":["T-02-14 clubs-admin shell"],"fullName":"T-02-14 clubs-admin shell uses the compact mark with the runtime club name","status":"passed","title":"uses the compact mark with the runtime club name","duration":105.88479200000006,"failureMessages":[],"location":{"line":79,"column":3},"meta":{},"tags":[],"benchmarks":[]},{"ancestorTitles":["T-02-14 clubs-admin shell"],"fullName":"T-02-14 clubs-admin shell hides the Configuració group from instructors","status":"passed","title":"hides the Configuració group from instructors","duration":27.820000000000164,"failureMessages":[],"location":{"line":95,"column":3},"meta":{},"tags":[],"benchmarks":[]},{"ancestorTitles":["T-02-14 clubs-admin shell"],"fullName":"T-02-14 clubs-admin shell T-06-26 shows «Plantilla setmanal» to instructors (read-only D3, S06 §13-10)","status":"passed","title":"T-06-26 shows «Plantilla setmanal» to instructors (read-only D3, S06 §13-10)","duration":13.58120800000006,"failureMessages":[],"location":{"line":102,"column":3},"meta":{},"tags":[],"benchmarks":[]},{"ancestorTitles":["T-02-14 clubs-admin shell"],"fullName":"T-02-14 clubs-admin shell T-06-28 shows «Calendari de classes» to instructors (read-only D4, A22 c)","status":"passed","title":"T-06-28 shows «Calendari de classes» to instructors (read-only D4, A22 c)","duration":14.469959000000017,"failureMessages":[],"location":{"line":108,"column":3},"meta":{},"tags":[],"benchmarks":[]},{"ancestorTitles":["T-02-14 clubs-admin shell"],"fullName":"T-02-14 clubs-admin shell shows the fixed sidebar groups to administrators","status":"passed","title":"shows the fixed sidebar groups to administrators","duration":15.34170899999981,"failureMessages":[],"location":{"line":114,"column":3},"meta":{},"tags":[],"benchmarks":[]},{"ancestorTitles":["T-02-14 clubs-admin shell"],"fullName":"T-02-14 clubs-admin shell registers every desktop route from the frontend plan","status":"passed","title":"registers every desktop route from the frontend plan","duration":1.8006249999998545,"failureMessages":[],"location":{"line":123,"column":3},"meta":{},"tags":[],"benchmarks":[]},{"ancestorTitles":["E3-W07 step 9 menu counters (S14 R-14-08)"],"fullName":"E3-W07 step 9 menu counters (S14 R-14-08) reads the counters once for an ADMIN, again on focus, and not on every navigation","status":"passed","title":"reads the counters once for an ADMIN, again on focus, and not on every navigation","duration":142.81062500000007,"failureMessages":[],"location":{"line":169,"column":3},"meta":{},"tags":[],"benchmarks":[]},{"ancestorTitles":["E3-W07 step 9 menu counters (S14 R-14-08)"],"fullName":"E3-W07 step 9 menu counters (S14 R-14-08) never asks an INSTRUCTOR for the counters (ADMIN only, no 403)","status":"passed","title":"never asks an INSTRUCTOR for the counters (ADMIN only, no 403)","duration":45.14837499999976,"failureMessages":[],"location":{"line":194,"column":3},"meta":{},"tags":[],"benchmarks":[]},{"ancestorTitles":["T-01-18 clubs-admin access"],"fullName":"T-01-18 clubs-admin access offers magic-link and password entry with the shared auth components","status":"passed","title":"offers magic-link and password entry with the shared auth components","duration":29.317125000000033,"failureMessages":[],"location":{"line":210,"column":3},"meta":{},"tags":[],"benchmarks":[]},{"ancestorTitles":["T-01-20 clubs-admin handoff"],"fullName":"T-01-20 clubs-admin handoff exchanges the one-time handoff code on the landing route","status":"passed","title":"exchanges the one-time handoff code on the landing route","duration":8.095833000000312,"failureMessages":[],"location":{"line":230,"column":3},"meta":{},"tags":[],"benchmarks":[]},{"ancestorTitles":["T-01-26 clubs-admin onboarding"],"fullName":"T-01-26 clubs-admin onboarding shows profile completion as a non-dismissible backoffice modal","status":"passed","title":"shows profile completion as a non-dismissible backoffice modal","duration":36.76958300000024,"failureMessages":[],"location":{"line":246,"column":3},"meta":{},"tags":[],"benchmarks":[]},{"ancestorTitles":["T-01-26 clubs-admin onboarding"],"fullName":"T-01-26 clubs-admin onboarding removes the postpone action when the policy limit is exhausted","status":"passed","title":"removes the postpone action when the policy limit is exhausted","duration":21.13700000000017,"failureMessages":[],"location":{"line":260,"column":3},"meta":{},"tags":[],"benchmarks":[]}],"startTime":1790377558039,"endTime":1790377558502.137,"status":"passed","message":"","name":"/Users/jordib/dev/agilityhub/agilityhub-core-web/apps/clubs-admin/src/App.test.tsx"},{"assertionResults":[{"ancestorTitles":["T-07-29 D7 activities (list, maintenance, publication, cancellation)"],"fullName":"T-07-29 D7 activities (list, maintenance, publication, cancellation) draws the four mockup rows with the R-07-13 dates, rings, registrations and state chips","status":"passed","title":"draws the four mockup rows with the R-07-13 dates, rings, registrations and state chips","duration":295.270542,"failureMessages":[],"location":{"line":119,"column":3},"meta":{},"tags":[],"benchmarks":[]},{"ancestorTitles":["T-07-29 D7 activities (list, maintenance, publication, cancellation)"],"fullName":"T-07-29 D7 activities (list, maintenance, publication, cancellation) «Nova activitat» creates a draft with title and type and opens its maintenance","status":"passed","title":"«Nova activitat» creates a draft with title and type and opens its maintenance","duration":203.28933400000028,"failureMessages":[],"location":{"line":154,"column":3},"meta":{},"tags":[],"benchmarks":[]},{"ancestorTitles":["T-07-29 D7 activities (list, maintenance, publication, cancellation)"],"fullName":"T-07-29 D7 activities (list, maintenance, publication, cancellation) shows the mockup maintenance of «Torneig d'Estiu 2026» with the ring, level and waitlist chips","status":"passed","title":"shows the mockup maintenance of «Torneig d'Estiu 2026» with the ring, level and waitlist chips","duration":139.83962500000007,"failureMessages":[],"location":{"line":179,"column":3},"meta":{},"tags":[],"benchmarks":[]},{"ancestorTitles":["T-07-29 D7 activities (list, maintenance, publication, cancellation)"],"fullName":"T-07-29 D7 activities (list, maintenance, publication, cancellation) disables the ring chips of an activity outside the club («— (fora del club)»)","status":"passed","title":"disables the ring chips of an activity outside the club («— (fora del club)»)","duration":91.0471249999996,"failureMessages":[],"location":{"line":218,"column":3},"meta":{},"tags":[],"benchmarks":[]},{"ancestorTitles":["T-07-29 D7 activities (list, maintenance, publication, cancellation)"],"fullName":"T-07-29 D7 activities (list, maintenance, publication, cancellation) R-07-14 hides «Nivells» with levels.enabled=false and «Llista d'espera» without WAITLIST","status":"passed","title":"R-07-14 hides «Nivells» with levels.enabled=false and «Llista d'espera» without WAITLIST","duration":139.74024999999983,"failureMessages":[],"location":{"line":232,"column":3},"meta":{},"tags":[],"benchmarks":[]},{"ancestorTitles":["T-07-29 D7 activities (list, maintenance, publication, cancellation)"],"fullName":"T-07-29 D7 activities (list, maintenance, publication, cancellation) R-07-03 [DESA] sends only the allow-listed rich text of the editor, with the version","status":"passed","title":"R-07-03 [DESA] sends only the allow-listed rich text of the editor, with the version","duration":130.1734160000001,"failureMessages":[],"location":{"line":252,"column":3},"meta":{},"tags":[],"benchmarks":[]},{"ancestorTitles":["T-07-29 D7 activities (list, maintenance, publication, cancellation)"],"fullName":"T-07-29 D7 activities (list, maintenance, publication, cancellation) R-07-05 [PUBLICA] with conflicts opens the dialog with the conflicts and the required notice text","status":"passed","title":"R-07-05 [PUBLICA] with conflicts opens the dialog with the conflicts and the required notice text","duration":182.7297920000001,"failureMessages":[],"location":{"line":276,"column":3},"meta":{},"tags":[],"benchmarks":[]},{"ancestorTitles":["T-07-29 D7 activities (list, maintenance, publication, cancellation)"],"fullName":"T-07-29 D7 activities (list, maintenance, publication, cancellation) R-07-04 a draft without the registration period answers ACTIVITY_INCOMPLETE on the fields","status":"passed","title":"R-07-04 a draft without the registration period answers ACTIVITY_INCOMPLETE on the fields","duration":157.3253749999999,"failureMessages":[],"location":{"line":321,"column":3},"meta":{},"tags":[],"benchmarks":[]},{"ancestorTitles":["T-07-29 D7 activities (list, maintenance, publication, cancellation)"],"fullName":"T-07-29 D7 activities (list, maintenance, publication, cancellation) R-07-06 [CANCEL·LA L'ACTIVITAT] opens the modal with «CANCEL·LA I AVISA ELS 22 INSCRITS» disabled without text","status":"passed","title":"R-07-06 [CANCEL·LA L'ACTIVITAT] opens the modal with «CANCEL·LA I AVISA ELS 22 INSCRITS» disabled without text","duration":186.4221660000003,"failureMessages":[],"location":{"line":337,"column":3},"meta":{},"tags":[],"benchmarks":[]},{"ancestorTitles":["T-07-29 D7 activities (list, maintenance, publication, cancellation)"],"fullName":"T-07-29 D7 activities (list, maintenance, publication, cancellation) INSTRUCTOR reads D7 without actions, export or internal notes","status":"passed","title":"INSTRUCTOR reads D7 without actions, export or internal notes","duration":72.58358300000009,"failureMessages":[],"location":{"line":365,"column":3},"meta":{},"tags":[],"benchmarks":[]},{"ancestorTitles":["T-07-29 D7 activities (list, maintenance, publication, cancellation)"],"fullName":"T-07-29 D7 activities (list, maintenance, publication, cancellation) lists the registrants with the FIFO waitlist positions","status":"passed","title":"lists the registrants with the FIFO waitlist positions","duration":44.5654169999998,"failureMessages":[],"location":{"line":377,"column":3},"meta":{},"tags":[],"benchmarks":[]},{"ancestorTitles":["T-07-29 D7 activities (list, maintenance, publication, cancellation)"],"fullName":"T-07-29 D7 activities (list, maintenance, publication, cancellation) R-07-04 after an upload [DESA] sends only the admin's own edits with the fresh version","status":"passed","title":"R-07-04 after an upload [DESA] sends only the admin's own edits with the fresh version","duration":163.29033400000026,"failureMessages":[],"location":{"line":412,"column":3},"meta":{},"tags":[],"benchmarks":[]},{"ancestorTitles":["T-07-29 D7 activities (list, maintenance, publication, cancellation)"],"fullName":"T-07-29 D7 activities (list, maintenance, publication, cancellation) R-07-05 a RING_BLOCK conflict is not forceable: no option for it and [PUBLICA I APLICA] disabled with the reason","status":"passed","title":"R-07-05 a RING_BLOCK conflict is not forceable: no option for it and [PUBLICA I APLICA] disabled with the reason","duration":157.4141669999999,"failureMessages":[],"location":{"line":453,"column":3},"meta":{},"tags":[],"benchmarks":[]},{"ancestorTitles":["T-07-29 D7 activities (list, maintenance, publication, cancellation)"],"fullName":"T-07-29 D7 activities (list, maintenance, publication, cancellation) R-07-05 the conflict dialog never hangs: a repeated 409 and other errors show inside it","status":"passed","title":"R-07-05 the conflict dialog never hangs: a repeated 409 and other errors show inside it","duration":101.46791699999994,"failureMessages":[],"location":{"line":508,"column":3},"meta":{},"tags":[],"benchmarks":[]},{"ancestorTitles":["T-07-29 D7 activities (list, maintenance, publication, cancellation)"],"fullName":"T-07-29 D7 activities (list, maintenance, publication, cancellation) R-07-04/05 save mode: a resync conflict opens «DESA I APLICA»; STALE_VERSION closes it, refetches and says so","status":"passed","title":"R-07-04/05 save mode: a resync conflict opens «DESA I APLICA»; STALE_VERSION closes it, refetches and says so","duration":193.3833749999999,"failureMessages":[],"location":{"line":568,"column":3},"meta":{},"tags":[],"benchmarks":[]},{"ancestorTitles":["T-07-29 D7 activities (list, maintenance, publication, cancellation)"],"fullName":"T-07-29 D7 activities (list, maintenance, publication, cancellation) the plain publish confirm is pending once, keeps one key per payload and turns ADMIN_TEXT_REQUIRED into the text","status":"passed","title":"the plain publish confirm is pending once, keeps one key per payload and turns ADMIN_TEXT_REQUIRED into the text","duration":173.84712499999978,"failureMessages":[],"location":{"line":601,"column":3},"meta":{},"tags":[],"benchmarks":[]},{"ancestorTitles":["T-07-29 D7 activities (list, maintenance, publication, cancellation)"],"fullName":"T-07-29 D7 activities (list, maintenance, publication, cancellation) [DESPUBLICA] answers ACTIVITY_HAS_REGISTRATIONS with registrants and unpublishes without them","status":"passed","title":"[DESPUBLICA] answers ACTIVITY_HAS_REGISTRATIONS with registrants and unpublishes without them","duration":180.53050000000076,"failureMessages":[],"location":{"line":642,"column":3},"meta":{},"tags":[],"benchmarks":[]},{"ancestorTitles":["T-07-29 D7 activities (list, maintenance, publication, cancellation)"],"fullName":"T-07-29 D7 activities (list, maintenance, publication, cancellation) [ELIMINA] cancels the draft with reason DELETED and returns to the list","status":"passed","title":"[ELIMINA] cancels the draft with reason DELETED and returns to the list","duration":58.79166600000008,"failureMessages":[],"location":{"line":656,"column":3},"meta":{},"tags":[],"benchmarks":[]},{"ancestorTitles":["T-07-29 D7 activities (list, maintenance, publication, cancellation)"],"fullName":"T-07-29 D7 activities (list, maintenance, publication, cancellation) R-07-02 DUPLICATE_SLUG and SLUG_LOCKED land on the slug field","status":"passed","title":"R-07-02 DUPLICATE_SLUG and SLUG_LOCKED land on the slug field","duration":107.7372919999998,"failureMessages":[],"location":{"line":671,"column":3},"meta":{},"tags":[],"benchmarks":[]},{"ancestorTitles":["T-07-29 D7 activities (list, maintenance, publication, cancellation)"],"fullName":"T-07-29 D7 activities (list, maintenance, publication, cancellation) D7 list: a finished activity without maximum reads «—»; a filtered empty list keeps «Neteja»","status":"passed","title":"D7 list: a finished activity without maximum reads «—»; a filtered empty list keeps «Neteja»","duration":43.17724999999973,"failureMessages":[],"location":{"line":700,"column":3},"meta":{},"tags":[],"benchmarks":[]},{"ancestorTitles":["T-07-29 D7 activities (list, maintenance, publication, cancellation)"],"fullName":"T-07-29 D7 activities (list, maintenance, publication, cancellation) registrants: «cancel·lada pel club» after a cancellation; an INSTRUCTOR reads plain text","status":"passed","title":"registrants: «cancel·lada pel club» after a cancellation; an INSTRUCTOR reads plain text","duration":84.91937499999949,"failureMessages":[],"location":{"line":746,"column":3},"meta":{},"tags":[],"benchmarks":[]},{"ancestorTitles":["T-07-29 E4-W08 D7 follow-ups of the E4-W04 round-2 review"],"fullName":"T-07-29 E4-W08 D7 follow-ups of the E4-W04 round-2 review R-07-04 the rich text is read-only while [DESA] is pending, and nothing typed is lost","status":"passed","title":"R-07-04 the rich text is read-only while [DESA] is pending, and nothing typed is lost","duration":142.62424999999985,"failureMessages":[],"location":{"line":862,"column":3},"meta":{},"tags":[],"benchmarks":[]},{"ancestorTitles":["T-07-29 E4-W08 D7 follow-ups of the E4-W04 round-2 review"],"fullName":"T-07-29 E4-W08 D7 follow-ups of the E4-W04 round-2 review R-07-14 an INSTRUCTOR (403 on /parameters) of a club without levels sees no «Nivells» on an activity without levels","status":"passed","title":"R-07-14 an INSTRUCTOR (403 on /parameters) of a club without levels sees no «Nivells» on an activity without levels","duration":42.93816599999991,"failureMessages":[],"location":{"line":919,"column":3},"meta":{},"tags":[],"benchmarks":[]},{"ancestorTitles":["T-07-29 E4-W08 D7 follow-ups of the E4-W04 round-2 review"],"fullName":"T-07-29 E4-W08 D7 follow-ups of the E4-W04 round-2 review R-07-14 an INSTRUCTOR sees «Nivells» when the activity itself has levels (the D4 rule)","status":"passed","title":"R-07-14 an INSTRUCTOR sees «Nivells» when the activity itself has levels (the D4 rule)","duration":44.98712499999965,"failureMessages":[],"location":{"line":933,"column":3},"meta":{},"tags":[],"benchmarks":[]},{"ancestorTitles":["T-07-29 E4-W08 D7 follow-ups of the E4-W04 round-2 review"],"fullName":"T-07-29 E4-W08 D7 follow-ups of the E4-W04 round-2 review R-07-05 away from the club the hours cover the whole day: 6:00 when the club opens at 7:00","status":"passed","title":"R-07-05 away from the club the hours cover the whole day: 6:00 when the club opens at 7:00","duration":359.8610410000001,"failureMessages":[],"location":{"line":947,"column":3},"meta":{},"tags":[],"benchmarks":[]},{"ancestorTitles":["T-07-29 E4-W08 D7 follow-ups of the E4-W04 round-2 review"],"fullName":"T-07-29 E4-W08 D7 follow-ups of the E4-W04 round-2 review R-07-06 ADMIN_TEXT_REQUIRED after an empty preview fetches it again and asks for the notice text","status":"passed","title":"R-07-06 ADMIN_TEXT_REQUIRED after an empty preview fetches it again and asks for the notice text","duration":172.2440000000006,"failureMessages":[],"location":{"line":973,"column":3},"meta":{},"tags":[],"benchmarks":[]},{"ancestorTitles":["T-07-29 E4-W08 D7 follow-ups of the E4-W04 round-2 review"],"fullName":"T-07-29 E4-W08 D7 follow-ups of the E4-W04 round-2 review S07 §6 the registrants filter by member (memberId): values from the registrants, the name in the chip, saved views and the URL","status":"passed","title":"S07 §6 the registrants filter by member (memberId): values from the registrants, the name in the chip, saved views and the URL","duration":101.85329199999978,"failureMessages":[],"location":{"line":1014,"column":3},"meta":{},"tags":[],"benchmarks":[]},{"ancestorTitles":["T-07-29 E4-W10 D7 follow-ups of the E4-W08 and E4-W09 reviews"],"fullName":"T-07-29 E4-W10 D7 follow-ups of the E4-W08 and E4-W09 reviews S07 §6 CONVENCIONS_API §4 the member filter reads every page: with 1,001 distinct registrants the member on the second page can be selected","status":"passed","title":"S07 §6 CONVENCIONS_API §4 the member filter reads every page: with 1,001 distinct registrants the member on the second page can be selected","duration":564.7564169999996,"failureMessages":[],"location":{"line":1099,"column":3},"meta":{},"tags":[],"benchmarks":[]},{"ancestorTitles":["T-07-29 E4-W10 D7 follow-ups of the E4-W08 and E4-W09 reviews"],"fullName":"T-07-29 E4-W10 D7 follow-ups of the E4-W08 and E4-W09 reviews R-07-05 R-02-09 at the club with linked rings, a closed day shows «El club està tancat aquest dia» and offers no times; an open day or away from the club offers them","status":"passed","title":"R-07-05 R-02-09 at the club with linked rings, a closed day shows «El club està tancat aquest dia» and offers no times; an open day or away from the club offers them","duration":189.99020800000017,"failureMessages":[],"location":{"line":1170,"column":3},"meta":{},"tags":[],"benchmarks":[]},{"ancestorTitles":["T-07-29 E4-W10 D7 follow-ups of the E4-W08 and E4-W09 reviews"],"fullName":"T-07-29 E4-W10 D7 follow-ups of the E4-W08 and E4-W09 reviews R-07-05 S06 §3 a failed GET /club/opening-hours shows its error with [Torna-ho a provar]; at the club with rings no times are offered until it loads","status":"passed","title":"R-07-05 S06 §3 a failed GET /club/opening-hours shows its error with [Torna-ho a provar]; at the club with rings no times are offered until it loads","duration":112.82983400000012,"failureMessages":[],"location":{"line":1199,"column":3},"meta":{},"tags":[],"benchmarks":[]},{"ancestorTitles":["T-07-29 E4-W05 the registrants list against the published core"],"fullName":"T-07-29 E4-W05 the registrants list against the published core S07 §6 CONVENCIONS_API §4 asks `fields` in response keys (never «contact»), always with the row key and the member","status":"passed","title":"S07 §6 CONVENCIONS_API §4 asks `fields` in response keys (never «contact»), always with the row key and the member","duration":32.04120800000055,"failureMessages":[],"location":{"line":1230,"column":3},"meta":{},"tags":[],"benchmarks":[]},{"ancestorTitles":["T-07-29 E4-W05 the registrants list against the published core"],"fullName":"T-07-29 E4-W05 the registrants list against the published core S07 §6 with only the «Contacte» column the rows keep their key and member (the core answers null to keys not asked for)","status":"passed","title":"S07 §6 with only the «Contacte» column the rows keep their key and member (the core answers null to keys not asked for)","duration":26.136000000000422,"failureMessages":[],"location":{"line":1249,"column":3},"meta":{},"tags":[],"benchmarks":[]}],"startTime":1790377557855,"endTime":1790377562553.136,"status":"passed","message":"","name":"/Users/jordib/dev/agilityhub/agilityhub-core-web/apps/clubs-admin/src/activities/ActivitiesPage.test.tsx"},{"assertionResults":[{"ancestorTitles":["T-14-26 member audit and exports"],"fullName":"T-14-26 member audit and exports filters by action and opens the masked before/after change drawer","status":"passed","title":"filters by action and opens the masked before/after change drawer","duration":369.43775000000005,"failureMessages":[],"location":{"line":76,"column":3},"meta":{},"tags":[],"benchmarks":[]},{"ancestorTitles":["T-14-26 member audit and exports"],"fullName":"T-14-26 member audit and exports E3-W07 step 0 labels a readmission submitted from the public form (SIGNUP_SUBMITTED, PUBLIC)","status":"passed","title":"E3-W07 step 0 labels a readmission submitted from the public form (SIGNUP_SUBMITTED, PUBLIC)","duration":67.847125,"failureMessages":[],"location":{"line":94,"column":3},"meta":{},"tags":[],"benchmarks":[]},{"ancestorTitles":["T-14-26 member audit and exports"],"fullName":"T-14-26 member audit and exports opens the exports drawer for a queued job and exposes its READY download","status":"passed","title":"opens the exports drawer for a queued job and exposes its READY download","duration":1231.135084,"failureMessages":[],"location":{"line":126,"column":3},"meta":{},"tags":[],"benchmarks":[]},{"ancestorTitles":["T-14-26 member audit and exports"],"fullName":"T-14-26 member audit and exports shows the catalogued EXPORT_LIMIT explanation in the exports drawer","status":"passed","title":"shows the catalogued EXPORT_LIMIT explanation in the exports drawer","duration":175.864458,"failureMessages":[],"location":{"line":146,"column":3},"meta":{},"tags":[],"benchmarks":[]},{"ancestorTitles":["T-14-26 member audit and exports"],"fullName":"T-14-26 member audit and exports routes a queued members list export into the global drawer","status":"passed","title":"routes a queued members list export into the global drawer","duration":73.94508399999995,"failureMessages":[],"location":{"line":172,"column":14},"meta":{},"tags":[],"benchmarks":[]},{"ancestorTitles":["T-14-26 member audit and exports"],"fullName":"T-14-26 member audit and exports routes a queued dogs list export into the global drawer","status":"passed","title":"routes a queued dogs list export into the global drawer","duration":72.54312500000015,"failureMessages":[],"location":{"line":172,"column":14},"meta":{},"tags":[],"benchmarks":[]},{"ancestorTitles":["T-14-26 member audit and exports"],"fullName":"T-14-26 member audit and exports links LastChange to the entity-scoped audit trail","status":"passed","title":"links LastChange to the entity-scoped audit trail","duration":4.920082999999977,"failureMessages":[],"location":{"line":199,"column":3},"meta":{},"tags":[],"benchmarks":[]}],"startTime":1790377557743,"endTime":1790377559738.9202,"status":"passed","message":"","name":"/Users/jordib/dev/agilityhub/agilityhub-core-web/apps/clubs-admin/src/audit/AuditPage.test.tsx"},{"assertionResults":[{"ancestorTitles":["T-14-26 R-14-12 E4-W07 D5 members «Excel · PDF» → Excel"],"fullName":"T-14-26 R-14-12 E4-W07 D5 members «Excel · PDF» → Excel 200: saves the api's file byte for byte, with its Content-Type and the Content-Disposition name, and sends the list's parameters","status":"passed","title":"200: saves the api's file byte for byte, with its Content-Type and the Content-Disposition name, and sends the list's parameters","duration":354.8130000000001,"failureMessages":[],"location":{"line":232,"column":3},"meta":{},"tags":[],"benchmarks":[]},{"ancestorTitles":["T-14-26 R-14-12 E4-W07 D5 members «Excel · PDF» → Excel"],"fullName":"T-14-26 R-14-12 E4-W07 D5 members «Excel · PDF» → Excel 202: opens the exports drawer with the queued job and saves nothing","status":"passed","title":"202: opens the exports drawer with the queued job and saves nothing","duration":236.01933299999973,"failureMessages":[],"location":{"line":265,"column":3},"meta":{},"tags":[],"benchmarks":[]},{"ancestorTitles":["T-14-26 R-14-12 E4-W07 D5 members «Excel · PDF» → Excel"],"fullName":"T-14-26 R-14-12 E4-W07 D5 members «Excel · PDF» → Excel 422 EXPORT_LIMIT: shows the drawer's notice","status":"passed","title":"422 EXPORT_LIMIT: shows the drawer's notice","duration":224.5389580000001,"failureMessages":[],"location":{"line":276,"column":3},"meta":{},"tags":[],"benchmarks":[]},{"ancestorTitles":["T-14-26 R-14-12 E4-W07 D5 members «Excel · PDF» → Excel"],"fullName":"T-14-26 R-14-12 E4-W07 D5 members «Excel · PDF» → Excel 422 EXPORT_TOO_LARGE: shows errors:EXPORT_TOO_LARGE next to the button","status":"passed","title":"422 EXPORT_TOO_LARGE: shows errors:EXPORT_TOO_LARGE next to the button","duration":196.17320900000004,"failureMessages":[],"location":{"line":288,"column":3},"meta":{},"tags":[],"benchmarks":[]},{"ancestorTitles":["T-14-26 R-14-12 E4-W07 D5 members «Exportar selecció»"],"fullName":"T-14-26 R-14-12 E4-W07 D5 members «Exportar selecció» 200: saves the api's file byte for byte, with its Content-Type and the Content-Disposition name, and sends the list's parameters","status":"passed","title":"200: saves the api's file byte for byte, with its Content-Type and the Content-Disposition name, and sends the list's parameters","duration":256.558,"failureMessages":[],"location":{"line":232,"column":3},"meta":{},"tags":[],"benchmarks":[]},{"ancestorTitles":["T-14-26 R-14-12 E4-W07 D5 members «Exportar selecció»"],"fullName":"T-14-26 R-14-12 E4-W07 D5 members «Exportar selecció» 202: opens the exports drawer with the queued job and saves nothing","status":"passed","title":"202: opens the exports drawer with the queued job and saves nothing","duration":249.36225000000013,"failureMessages":[],"location":{"line":265,"column":3},"meta":{},"tags":[],"benchmarks":[]},{"ancestorTitles":["T-14-26 R-14-12 E4-W07 D5 members «Exportar selecció»"],"fullName":"T-14-26 R-14-12 E4-W07 D5 members «Exportar selecció» 422 EXPORT_LIMIT: shows the drawer's notice","status":"passed","title":"422 EXPORT_LIMIT: shows the drawer's notice","duration":244.55695800000012,"failureMessages":[],"location":{"line":276,"column":3},"meta":{},"tags":[],"benchmarks":[]},{"ancestorTitles":["T-14-26 R-14-12 E4-W07 D5 members «Exportar selecció»"],"fullName":"T-14-26 R-14-12 E4-W07 D5 members «Exportar selecció» 422 EXPORT_TOO_LARGE: shows errors:EXPORT_TOO_LARGE next to the button","status":"passed","title":"422 EXPORT_TOO_LARGE: shows errors:EXPORT_TOO_LARGE next to the button","duration":200.8668749999997,"failureMessages":[],"location":{"line":288,"column":3},"meta":{},"tags":[],"benchmarks":[]},{"ancestorTitles":["T-14-26 R-14-12 E4-W07 D15 dogs «Excel · PDF» → PDF"],"fullName":"T-14-26 R-14-12 E4-W07 D15 dogs «Excel · PDF» → PDF 200: saves the api's file byte for byte, with its Content-Type and the Content-Disposition name, and sends the list's parameters","status":"passed","title":"200: saves the api's file byte for byte, with its Content-Type and the Content-Disposition name, and sends the list's parameters","duration":173.5909590000001,"failureMessages":[],"location":{"line":232,"column":3},"meta":{},"tags":[],"benchmarks":[]},{"ancestorTitles":["T-14-26 R-14-12 E4-W07 D15 dogs «Excel · PDF» → PDF"],"fullName":"T-14-26 R-14-12 E4-W07 D15 dogs «Excel · PDF» → PDF 202: opens the exports drawer with the queued job and saves nothing","status":"passed","title":"202: opens the exports drawer with the queued job and saves nothing","duration":204.81795799999963,"failureMessages":[],"location":{"line":265,"column":3},"meta":{},"tags":[],"benchmarks":[]},{"ancestorTitles":["T-14-26 R-14-12 E4-W07 D15 dogs «Excel · PDF» → PDF"],"fullName":"T-14-26 R-14-12 E4-W07 D15 dogs «Excel · PDF» → PDF 422 EXPORT_LIMIT: shows the drawer's notice","status":"passed","title":"422 EXPORT_LIMIT: shows the drawer's notice","duration":205.02170899999965,"failureMessages":[],"location":{"line":276,"column":3},"meta":{},"tags":[],"benchmarks":[]},{"ancestorTitles":["T-14-26 R-14-12 E4-W07 D15 dogs «Excel · PDF» → PDF"],"fullName":"T-14-26 R-14-12 E4-W07 D15 dogs «Excel · PDF» → PDF 422 EXPORT_TOO_LARGE: shows errors:EXPORT_TOO_LARGE next to the button","status":"passed","title":"422 EXPORT_TOO_LARGE: shows errors:EXPORT_TOO_LARGE next to the button","duration":195.90491699999984,"failureMessages":[],"location":{"line":288,"column":3},"meta":{},"tags":[],"benchmarks":[]},{"ancestorTitles":["T-14-26 R-14-12 E4-W07 member audit «Excel · PDF» → Excel"],"fullName":"T-14-26 R-14-12 E4-W07 member audit «Excel · PDF» → Excel 200: saves the api's file byte for byte, with its Content-Type and the Content-Disposition name, and sends the list's parameters","status":"passed","title":"200: saves the api's file byte for byte, with its Content-Type and the Content-Disposition name, and sends the list's parameters","duration":155.9164580000006,"failureMessages":[],"location":{"line":232,"column":3},"meta":{},"tags":[],"benchmarks":[]},{"ancestorTitles":["T-14-26 R-14-12 E4-W07 member audit «Excel · PDF» → Excel"],"fullName":"T-14-26 R-14-12 E4-W07 member audit «Excel · PDF» → Excel 202: opens the exports drawer with the queued job and saves nothing","status":"passed","title":"202: opens the exports drawer with the queued job and saves nothing","duration":156.57795899999928,"failureMessages":[],"location":{"line":265,"column":3},"meta":{},"tags":[],"benchmarks":[]},{"ancestorTitles":["T-14-26 R-14-12 E4-W07 member audit «Excel · PDF» → Excel"],"fullName":"T-14-26 R-14-12 E4-W07 member audit «Excel · PDF» → Excel 422 EXPORT_LIMIT: shows the drawer's notice","status":"passed","title":"422 EXPORT_LIMIT: shows the drawer's notice","duration":144.24133299999994,"failureMessages":[],"location":{"line":276,"column":3},"meta":{},"tags":[],"benchmarks":[]},{"ancestorTitles":["T-14-26 R-14-12 E4-W07 member audit «Excel · PDF» → Excel"],"fullName":"T-14-26 R-14-12 E4-W07 member audit «Excel · PDF» → Excel 422 EXPORT_TOO_LARGE: shows errors:EXPORT_TOO_LARGE next to the button","status":"passed","title":"422 EXPORT_TOO_LARGE: shows errors:EXPORT_TOO_LARGE next to the button","duration":146.55091699999957,"failureMessages":[],"location":{"line":288,"column":3},"meta":{},"tags":[],"benchmarks":[]},{"ancestorTitles":["T-14-26 R-14-12 E4-W07 D7 activities «Excel · PDF» → PDF"],"fullName":"T-14-26 R-14-12 E4-W07 D7 activities «Excel · PDF» → PDF 200: saves the api's file byte for byte, with its Content-Type and the Content-Disposition name, and sends the list's parameters","status":"passed","title":"200: saves the api's file byte for byte, with its Content-Type and the Content-Disposition name, and sends the list's parameters","duration":38.60041600000022,"failureMessages":[],"location":{"line":232,"column":3},"meta":{},"tags":[],"benchmarks":[]},{"ancestorTitles":["T-14-26 R-14-12 E4-W07 D7 activities «Excel · PDF» → PDF"],"fullName":"T-14-26 R-14-12 E4-W07 D7 activities «Excel · PDF» → PDF 202: opens the exports drawer with the queued job and saves nothing","status":"passed","title":"202: opens the exports drawer with the queued job and saves nothing","duration":39.32499999999982,"failureMessages":[],"location":{"line":265,"column":3},"meta":{},"tags":[],"benchmarks":[]},{"ancestorTitles":["T-14-26 R-14-12 E4-W07 D7 activities «Excel · PDF» → PDF"],"fullName":"T-14-26 R-14-12 E4-W07 D7 activities «Excel · PDF» → PDF 422 EXPORT_LIMIT: shows the drawer's notice","status":"passed","title":"422 EXPORT_LIMIT: shows the drawer's notice","duration":37.95645799999966,"failureMessages":[],"location":{"line":276,"column":3},"meta":{},"tags":[],"benchmarks":[]},{"ancestorTitles":["T-14-26 R-14-12 E4-W07 D7 activities «Excel · PDF» → PDF"],"fullName":"T-14-26 R-14-12 E4-W07 D7 activities «Excel · PDF» → PDF 422 EXPORT_TOO_LARGE: shows errors:EXPORT_TOO_LARGE next to the button","status":"passed","title":"422 EXPORT_TOO_LARGE: shows errors:EXPORT_TOO_LARGE next to the button","duration":35.4222920000002,"failureMessages":[],"location":{"line":288,"column":3},"meta":{},"tags":[],"benchmarks":[]},{"ancestorTitles":["T-14-26 R-14-12 E4-W07 registrants «Excel · PDF» → Excel"],"fullName":"T-14-26 R-14-12 E4-W07 registrants «Excel · PDF» → Excel 200: saves the api's file byte for byte, with its Content-Type and the Content-Disposition name, and sends the list's parameters","status":"passed","title":"200: saves the api's file byte for byte, with its Content-Type and the Content-Disposition name, and sends the list's parameters","duration":33.76729199999954,"failureMessages":[],"location":{"line":232,"column":3},"meta":{},"tags":[],"benchmarks":[]},{"ancestorTitles":["T-14-26 R-14-12 E4-W07 registrants «Excel · PDF» → Excel"],"fullName":"T-14-26 R-14-12 E4-W07 registrants «Excel · PDF» → Excel 202: opens the exports drawer with the queued job and saves nothing","status":"passed","title":"202: opens the exports drawer with the queued job and saves nothing","duration":36.55283299999974,"failureMessages":[],"location":{"line":265,"column":3},"meta":{},"tags":[],"benchmarks":[]},{"ancestorTitles":["T-14-26 R-14-12 E4-W07 registrants «Excel · PDF» → Excel"],"fullName":"T-14-26 R-14-12 E4-W07 registrants «Excel · PDF» → Excel 422 EXPORT_LIMIT: shows the drawer's notice","status":"passed","title":"422 EXPORT_LIMIT: shows the drawer's notice","duration":37.36579200000051,"failureMessages":[],"location":{"line":276,"column":3},"meta":{},"tags":[],"benchmarks":[]},{"ancestorTitles":["T-14-26 R-14-12 E4-W07 registrants «Excel · PDF» → Excel"],"fullName":"T-14-26 R-14-12 E4-W07 registrants «Excel · PDF» → Excel 422 EXPORT_TOO_LARGE: shows errors:EXPORT_TOO_LARGE next to the button","status":"passed","title":"422 EXPORT_TOO_LARGE: shows errors:EXPORT_TOO_LARGE next to the button","duration":34.98174999999992,"failureMessages":[],"location":{"line":288,"column":3},"meta":{},"tags":[],"benchmarks":[]},{"ancestorTitles":["T-14-26 R-14-12 E4-W07 one export at a time"],"fullName":"T-14-26 R-14-12 E4-W07 one export at a time disables both formats while the export runs, so a second click sends nothing","status":"passed","title":"disables both formats while the export runs, so a second click sends nothing","duration":39.564542000000074,"failureMessages":[],"location":{"line":302,"column":3},"meta":{},"tags":[],"benchmarks":[]},{"ancestorTitles":["T-14-26 R-14-12 E4-W07 one export at a time"],"fullName":"T-14-26 R-14-12 E4-W07 one export at a time R-03-24 «Exportar selecció» still exports the selected rows after a new search hides them","status":"passed","title":"R-03-24 «Exportar selecció» still exports the selected rows after a new search hides them","duration":521.4084579999999,"failureMessages":[],"location":{"line":337,"column":3},"meta":{},"tags":[],"benchmarks":[]},{"ancestorTitles":["T-14-26 R-14-12 E4-W07 one export at a time"],"fullName":"T-14-26 R-14-12 E4-W07 one export at a time registrants: the export carries the list's q, filters, sort and exportable columns (review #4)","status":"passed","title":"registrants: the export carries the list's q, filters, sort and exportable columns (review #4)","duration":24.908124999999927,"failureMessages":[],"location":{"line":361,"column":3},"meta":{},"tags":[],"benchmarks":[]},{"ancestorTitles":["T-14-26 R-14-12 E4-W07 one export at a time"],"fullName":"T-14-26 R-14-12 E4-W07 one export at a time registrants: the member filter (memberId, E4-W08 #10) reaches the export","status":"passed","title":"registrants: the member filter (memberId, E4-W08 #10) reaches the export","duration":27.01929199999995,"failureMessages":[],"location":{"line":380,"column":3},"meta":{},"tags":[],"benchmarks":[]}],"startTime":1790377557851,"endTime":1790377562104.0193,"status":"passed","message":"","name":"/Users/jordib/dev/agilityhub/agilityhub-core-web/apps/clubs-admin/src/audit/list-exports.test.tsx"},{"assertionResults":[{"ancestorTitles":["T-05-CP-07 club page editor"],"fullName":"T-05-CP-07 club page editor warns about provisional text and confirms the next consent version before publishing","status":"passed","title":"warns about provisional text and confirms the next consent version before publishing","duration":258.21187499999996,"failureMessages":[],"location":{"line":56,"column":3},"meta":{},"tags":[],"benchmarks":[]},{"ancestorTitles":["T-05-CP-07 club page editor"],"fullName":"T-05-CP-07 club page editor maps STALE_VERSION to the page-specific reload message","status":"passed","title":"maps STALE_VERSION to the page-specific reload message","duration":84.18983300000014,"failureMessages":[],"location":{"line":81,"column":3},"meta":{},"tags":[],"benchmarks":[]}],"startTime":1790377557713,"endTime":1790377558055.19,"status":"passed","message":"","name":"/Users/jordib/dev/agilityhub/agilityhub-core-web/apps/clubs-admin/src/catalogs/ClubPagesCard.test.tsx"},{"assertionResults":[{"ancestorTitles":["T-02-13 D11 parameter rows"],"fullName":"T-02-13 D11 parameter rows keeps module-less parameters that the core sends with module null","status":"passed","title":"keeps module-less parameters that the core sends with module null","duration":224.69399999999996,"failureMessages":[],"location":{"line":31,"column":3},"meta":{},"tags":[],"benchmarks":[]}],"startTime":1790377557726,"endTime":1790377557950.694,"status":"passed","message":"","name":"/Users/jordib/dev/agilityhub/agilityhub-core-web/apps/clubs-admin/src/catalogs/ParameterSettings.test.tsx"},{"assertionResults":[{"ancestorTitles":["T-02-13 D11 derived settings"],"fullName":"T-02-13 D11 derived settings groups consecutive level capacities from the catalog","status":"passed","title":"groups consecutive level capacities from the catalog","duration":0.9262079999999742,"failureMessages":[],"location":{"line":54,"column":3},"meta":{},"tags":[],"benchmarks":[]},{"ancestorTitles":["T-02-13 D11 derived settings"],"fullName":"T-02-13 D11 derived settings shows each of the four read rows only under its module gate","status":"passed","title":"shows each of the four read rows only under its module gate","duration":0.5109579999999596,"failureMessages":[],"location":{"line":69,"column":3},"meta":{},"tags":[],"benchmarks":[]}],"startTime":1790377558129,"endTime":1790377558130.511,"status":"passed","message":"","name":"/Users/jordib/dev/agilityhub/agilityhub-core-web/apps/clubs-admin/src/catalogs/derived-settings.test.ts"},{"assertionResults":[{"ancestorTitles":["T-03-38 D5 universal member list"],"fullName":"T-03-38 D5 universal member list renders applied filters and preserves selection when page size changes","status":"passed","title":"renders applied filters and preserves selection when page size changes","duration":455.1027919999999,"failureMessages":[],"location":{"line":55,"column":3},"meta":{},"tags":[],"benchmarks":[]},{"ancestorTitles":["T-03-38 D5 universal member list"],"fullName":"T-03-38 D5 universal member list toggles visible columns and synchronizes the ordered fields to the URL","status":"passed","title":"toggles visible columns and synchronizes the ordered fields to the URL","duration":283.4278750000003,"failureMessages":[],"location":{"line":73,"column":3},"meta":{},"tags":[],"benchmarks":[]},{"ancestorTitles":["T-03-42 D15 translated dog list"],"fullName":"T-03-42 D15 translated dog list renders the approved columns and dog record links","status":"passed","title":"renders the approved columns and dog record links","duration":755.4197920000001,"failureMessages":[],"location":{"line":91,"column":3},"meta":{},"tags":[],"benchmarks":[]}],"startTime":1790377557727,"endTime":1790377559221.4197,"status":"passed","message":"","name":"/Users/jordib/dev/agilityhub/agilityhub-core-web/apps/clubs-admin/src/census/CensusListPage.test.tsx"},{"assertionResults":[{"ancestorTitles":["T-03-39 D10 member record"],"fullName":"T-03-39 D10 member record renders the approved badges, masked account, consent warning, dog rights, and WhatsApp URL","status":"passed","title":"renders the approved badges, masked account, consent warning, dog rights, and WhatsApp URL","duration":259.023958,"failureMessages":[],"location":{"line":56,"column":3},"meta":{},"tags":[],"benchmarks":[]},{"ancestorTitles":["T-03-39 D10 member record"],"fullName":"T-03-39 D10 member record blocks and unblocks new bookings with the required reason","status":"passed","title":"blocks and unblocks new bookings with the required reason","duration":140.01591699999994,"failureMessages":[],"location":{"line":79,"column":3},"meta":{},"tags":[],"benchmarks":[]},{"ancestorTitles":["T-03-39 D10 member record"],"fullName":"T-03-39 D10 member record maps STALE_VERSION when another administrator edited the member","status":"passed","title":"maps STALE_VERSION when another administrator edited the member","duration":91.45924999999988,"failureMessages":[],"location":{"line":97,"column":3},"meta":{},"tags":[],"benchmarks":[]},{"ancestorTitles":["T-03-38 dog record"],"fullName":"T-03-38 dog record shows the complete dog record and changes level without a booking warning","status":"passed","title":"shows the complete dog record and changes level without a booking warning","duration":191.6494590000002,"failureMessages":[],"location":{"line":127,"column":3},"meta":{},"tags":[],"benchmarks":[]},{"ancestorTitles":["T-03-38 dog record"],"fullName":"T-03-38 dog record deactivates and reactivates a dog without deleting its record","status":"passed","title":"deactivates and reactivates a dog without deleting its record","duration":204.11595799999986,"failureMessages":[],"location":{"line":147,"column":3},"meta":{},"tags":[],"benchmarks":[]}],"startTime":1790377557738,"endTime":1790377558624.116,"status":"passed","message":"","name":"/Users/jordib/dev/agilityhub/agilityhub-core-web/apps/clubs-admin/src/census/CensusRecordPage.test.tsx"},{"assertionResults":[{"ancestorTitles":["T-14-25 D1 dashboard"],"fullName":"T-14-25 D1 dashboard renders the server aggregate, all risk rows, pending signups, and accessible chart","status":"passed","title":"renders the server aggregate, all risk rows, pending signups, and accessible chart","duration":233.1484579999999,"failureMessages":[],"location":{"line":61,"column":3},"meta":{},"tags":[],"benchmarks":[]},{"ancestorTitles":["T-14-25 D1 dashboard"],"fullName":"T-14-25 D1 dashboard hides nullable module blocks and refetches when the window regains the focus","status":"passed","title":"hides nullable module blocks and refetches when the window regains the focus","duration":49.10508299999992,"failureMessages":[],"location":{"line":83,"column":3},"meta":{},"tags":[],"benchmarks":[]},{"ancestorTitles":["T-14-25 D1 dashboard"],"fullName":"T-14-25 D1 dashboard uses the same ICU day plural as D2 in the pending signups card","status":"passed","title":"uses the same ICU day plural as D2 in the pending signups card","duration":38.943084,"failureMessages":[],"location":{"line":98,"column":3},"meta":{},"tags":[],"benchmarks":[]},{"ancestorTitles":["E3-W07 step 9 · the D1 minors (S14 R-14-05…07, T-14-25)"],"fullName":"E3-W07 step 9 · the D1 minors (S14 R-14-05…07, T-14-25) gives each VALIDA its own accessible name","status":"passed","title":"gives each VALIDA its own accessible name","duration":30.32574999999997,"failureMessages":[],"location":{"line":105,"column":3},"meta":{},"tags":[],"benchmarks":[]},{"ancestorTitles":["E3-W07 step 9 · the D1 minors (S14 R-14-05…07, T-14-25)"],"fullName":"E3-W07 step 9 · the D1 minors (S14 R-14-05…07, T-14-25) marks an add-dog row «(nou gos)»","status":"passed","title":"marks an add-dog row «(nou gos)»","duration":41.015458999999964,"failureMessages":[],"location":{"line":114,"column":3},"meta":{},"tags":[],"benchmarks":[]},{"ancestorTitles":["E3-W07 step 9 · the D1 minors (S14 R-14-05…07, T-14-25)"],"fullName":"E3-W07 step 9 · the D1 minors (S14 R-14-05…07, T-14-25) R-14-05 paints the submission date red only when pendingDays > warnDays","status":"passed","title":"R-14-05 paints the submission date red only when pendingDays > warnDays","duration":25.498749999999973,"failureMessages":[],"location":{"line":121,"column":3},"meta":{},"tags":[],"benchmarks":[]},{"ancestorTitles":["E3-W07 step 9 · the D1 minors (S14 R-14-05…07, T-14-25)"],"fullName":"E3-W07 step 9 · the D1 minors (S14 R-14-05…07, T-14-25) signs the members delta 3 as «+3 aquest mes»","status":"passed","title":"signs the members delta 3 as «+3 aquest mes»","duration":25.97262499999988,"failureMessages":[],"location":{"line":133,"column":5},"meta":{},"tags":[],"benchmarks":[]},{"ancestorTitles":["E3-W07 step 9 · the D1 minors (S14 R-14-05…07, T-14-25)"],"fullName":"E3-W07 step 9 · the D1 minors (S14 R-14-05…07, T-14-25) signs the members delta -2 as «−2 aquest mes»","status":"passed","title":"signs the members delta -2 as «−2 aquest mes»","duration":26.997166000000107,"failureMessages":[],"location":{"line":133,"column":5},"meta":{},"tags":[],"benchmarks":[]},{"ancestorTitles":["E3-W07 step 9 · the D1 minors (S14 R-14-05…07, T-14-25)"],"fullName":"E3-W07 step 9 · the D1 minors (S14 R-14-05…07, T-14-25) signs the members delta 0 as «0 aquest mes»","status":"passed","title":"signs the members delta 0 as «0 aquest mes»","duration":26.415207999999893,"failureMessages":[],"location":{"line":133,"column":5},"meta":{},"tags":[],"benchmarks":[]},{"ancestorTitles":["E3-W07 step 9 · the D1 minors (S14 R-14-05…07, T-14-25)"],"fullName":"E3-W07 step 9 · the D1 minors (S14 R-14-05…07, T-14-25) counts 1 risk alert(s) with an ICU plural","status":"passed","title":"counts 1 risk alert(s) with an ICU plural","duration":26.596791999999823,"failureMessages":[],"location":{"line":142,"column":5},"meta":{},"tags":[],"benchmarks":[]},{"ancestorTitles":["E3-W07 step 9 · the D1 minors (S14 R-14-05…07, T-14-25)"],"fullName":"E3-W07 step 9 · the D1 minors (S14 R-14-05…07, T-14-25) counts 4 risk alert(s) with an ICU plural","status":"passed","title":"counts 4 risk alert(s) with an ICU plural","duration":17.0811249999997,"failureMessages":[],"location":{"line":142,"column":5},"meta":{},"tags":[],"benchmarks":[]},{"ancestorTitles":["E3-W07 step 9 · the D1 minors (S14 R-14-05…07, T-14-25)"],"fullName":"E3-W07 step 9 · the D1 minors (S14 R-14-05…07, T-14-25) writes times as «7:30» and links each risk row to D4 on its class","status":"passed","title":"writes times as «7:30» and links each risk row to D4 on its class","duration":25.044750000000022,"failureMessages":[],"location":{"line":147,"column":3},"meta":{},"tags":[],"benchmarks":[]},{"ancestorTitles":["E3-W07 step 9 · the D1 minors (S14 R-14-05…07, T-14-25)"],"fullName":"E3-W07 step 9 · the D1 minors (S14 R-14-05…07, T-14-25) shows at most 6 risk rows, then «+{n} més» to D4 on the first hidden one","status":"passed","title":"shows at most 6 risk rows, then «+{n} més» to D4 on the first hidden one","duration":27.920042000000194,"failureMessages":[],"location":{"line":158,"column":3},"meta":{},"tags":[],"benchmarks":[]},{"ancestorTitles":["E3-W07 step 9 · the D1 minors (S14 R-14-05…07, T-14-25)"],"fullName":"E3-W07 step 9 · the D1 minors (S14 R-14-05…07, T-14-25) puts the warning icon on the risk card title","status":"passed","title":"puts the warning icon on the risk card title","duration":16.34524999999985,"failureMessages":[],"location":{"line":181,"column":3},"meta":{},"tags":[],"benchmarks":[]},{"ancestorTitles":["E3-W07 step 9 · the D1 minors (S14 R-14-05…07, T-14-25)"],"fullName":"E3-W07 step 9 · the D1 minors (S14 R-14-05…07, T-14-25) E35 paints one column per progression level with the level name as tooltip, never `others`","status":"passed","title":"E35 paints one column per progression level with the level name as tooltip, never `others`","duration":33.09945800000014,"failureMessages":[],"location":{"line":187,"column":3},"meta":{},"tags":[],"benchmarks":[]},{"ancestorTitles":["E3-W07 step 9 · the D1 minors (S14 R-14-05…07, T-14-25)"],"fullName":"E3-W07 step 9 · the D1 minors (S14 R-14-05…07, T-14-25) follows coverage.activeDogWeeks = 1 in the chart legend","status":"passed","title":"follows coverage.activeDogWeeks = 1 in the chart legend","duration":19.847749999999905,"failureMessages":[],"location":{"line":202,"column":5},"meta":{},"tags":[],"benchmarks":[]},{"ancestorTitles":["E3-W07 step 9 · the D1 minors (S14 R-14-05…07, T-14-25)"],"fullName":"E3-W07 step 9 · the D1 minors (S14 R-14-05…07, T-14-25) follows coverage.activeDogWeeks = 2 in the chart legend","status":"passed","title":"follows coverage.activeDogWeeks = 2 in the chart legend","duration":18.3854580000002,"failureMessages":[],"location":{"line":202,"column":5},"meta":{},"tags":[],"benchmarks":[]},{"ancestorTitles":["E3-W07 step 9 · the D1 minors (S14 R-14-05…07, T-14-25)"],"fullName":"E3-W07 step 9 · the D1 minors (S14 R-14-05…07, T-14-25) follows coverage.activeDogWeeks = 3 in the chart legend","status":"passed","title":"follows coverage.activeDogWeeks = 3 in the chart legend","duration":19.382250000000113,"failureMessages":[],"location":{"line":202,"column":5},"meta":{},"tags":[],"benchmarks":[]},{"ancestorTitles":["E3-W07 step 9 · the D1 minors (S14 R-14-05…07, T-14-25)"],"fullName":"E3-W07 step 9 · the D1 minors (S14 R-14-05…07, T-14-25) R-04-23 keeps the refund notice after a rejection with a collected payment","status":"passed","title":"R-04-23 keeps the refund notice after a rejection with a collected payment","duration":22.395665999999892,"failureMessages":[],"location":{"line":207,"column":3},"meta":{},"tags":[],"benchmarks":[]}],"startTime":1790377557708,"endTime":1790377558432.3958,"status":"passed","message":"","name":"/Users/jordib/dev/agilityhub/agilityhub-core-web/apps/clubs-admin/src/dashboard/DashboardPage.test.tsx"},{"assertionResults":[{"ancestorTitles":["T-04-33 D2 signup validation"],"fullName":"T-04-33 D2 signup validation shows the mockup: DNI and phone in full, signed documents, consent warning, level, invoice and Stripe payment","status":"passed","title":"shows the mockup: DNI and phone in full, signed documents, consent warning, level, invoice and Stripe payment","duration":228.68512499999997,"failureMessages":[],"location":{"line":158,"column":3},"meta":{},"tags":[],"benchmarks":[]},{"ancestorTitles":["T-04-33 D2 signup validation"],"fullName":"T-04-33 D2 signup validation shows the required next-invoice date from the proposed MONTHLY plan when the pending member has no plan yet","status":"passed","title":"shows the required next-invoice date from the proposed MONTHLY plan when the pending member has no plan yet","duration":50.597790999999916,"failureMessages":[],"location":{"line":184,"column":3},"meta":{},"tags":[],"benchmarks":[]},{"ancestorTitles":["T-04-33 D2 signup validation"],"fullName":"T-04-33 D2 signup validation shows the pending badge as an ICU plural for 0 days","status":"passed","title":"shows the pending badge as an ICU plural for 0 days","duration":34.62629199999992,"failureMessages":[],"location":{"line":197,"column":5},"meta":{},"tags":[],"benchmarks":[]},{"ancestorTitles":["T-04-33 D2 signup validation"],"fullName":"T-04-33 D2 signup validation shows the pending badge as an ICU plural for 1 days","status":"passed","title":"shows the pending badge as an ICU plural for 1 days","duration":23.43183299999987,"failureMessages":[],"location":{"line":197,"column":5},"meta":{},"tags":[],"benchmarks":[]},{"ancestorTitles":["T-04-33 D2 signup validation"],"fullName":"T-04-33 D2 signup validation shows the pending badge as an ICU plural for 5 days","status":"passed","title":"shows the pending badge as an ICU plural for 5 days","duration":23.055000000000064,"failureMessages":[],"location":{"line":197,"column":5},"meta":{},"tags":[],"benchmarks":[]},{"ancestorTitles":["T-04-33 D2 signup validation"],"fullName":"T-04-33 D2 signup validation R-04-24 warns on the age badge only when pendingDays > warnDays, read from the signup view","status":"passed","title":"R-04-24 warns on the age badge only when pendingDays > warnDays, read from the signup view","duration":49.716833999999835,"failureMessages":[],"location":{"line":202,"column":3},"meta":{},"tags":[],"benchmarks":[]},{"ancestorTitles":["T-04-33 D2 signup validation"],"fullName":"T-04-33 D2 signup validation step 0 renders each review warning by its code, so a new api value needs only its key","status":"passed","title":"step 0 renders each review warning by its code, so a new api value needs only its key","duration":21.737625000000207,"failureMessages":[],"location":{"line":214,"column":3},"meta":{},"tags":[],"benchmarks":[]},{"ancestorTitles":["T-04-33 D2 signup validation"],"fullName":"T-04-33 D2 signup validation tolerates null optional fields (INC-08) and never sends null back","status":"passed","title":"tolerates null optional fields (INC-08) and never sends null back","duration":84.57816599999978,"failureMessages":[],"location":{"line":225,"column":3},"meta":{},"tags":[],"benchmarks":[]},{"ancestorTitles":["T-04-33 D2 signup validation"],"fullName":"T-04-33 D2 signup validation T-04-16 validates a FOUND claim whose holder has no group yet without familyGroupId (the api creates the group)","status":"passed","title":"T-04-16 validates a FOUND claim whose holder has no group yet without familyGroupId (the api creates the group)","duration":81.25941599999987,"failureMessages":[],"location":{"line":245,"column":3},"meta":{},"tags":[],"benchmarks":[]},{"ancestorTitles":["T-04-33 D2 signup validation"],"fullName":"T-04-33 D2 signup validation validates a signup with a null payment method, upfront and family claim without sending null","status":"passed","title":"validates a signup with a null payment method, upfront and family claim without sending null","duration":83.36504100000002,"failureMessages":[],"location":{"line":257,"column":3},"meta":{},"tags":[],"benchmarks":[]},{"ancestorTitles":["T-04-33 D2 signup validation"],"fullName":"T-04-33 D2 signup validation shows signup warnings as compact header badges","status":"passed","title":"shows signup warnings as compact header badges","duration":20.450124999999844,"failureMessages":[],"location":{"line":276,"column":3},"meta":{},"tags":[],"benchmarks":[]},{"ancestorTitles":["T-04-33 D2 signup validation"],"fullName":"T-04-33 D2 signup validation requires explicit confirmation when a manual upfront payment is zero","status":"passed","title":"requires explicit confirmation when a manual upfront payment is zero","duration":94.17483300000004,"failureMessages":[],"location":{"line":285,"column":3},"meta":{},"tags":[],"benchmarks":[]},{"ancestorTitles":["E3-W07 step 1 · M12 each dog is saved with its own version (R-04-19)"],"fullName":"E3-W07 step 1 · M12 each dog is saved with its own version (R-04-19) edits the member and the dog in one save: the dog PATCH carries the dog's version, not the member's","status":"passed","title":"edits the member and the dog in one save: the dog PATCH carries the dog's version, not the member's","duration":105.22500000000036,"failureMessages":[],"location":{"line":301,"column":3},"meta":{},"tags":[],"benchmarks":[]},{"ancestorTitles":["E3-W07 step 1 · M12 each dog is saved with its own version (R-04-19)"],"fullName":"E3-W07 step 1 · M12 each dog is saved with its own version (R-04-19) add-dog: the person is read-only and the new dog is saved with its version 0 while the member is at 7 (R-04-25)","status":"passed","title":"add-dog: the person is read-only and the new dog is saved with its version 0 while the member is at 7 (R-04-25)","duration":65.75808299999971,"failureMessages":[],"location":{"line":315,"column":3},"meta":{},"tags":[],"benchmarks":[]},{"ancestorTitles":["E3-W07 step 1 · M12 each dog is saved with its own version (R-04-19)"],"fullName":"E3-W07 step 1 · M12 each dog is saved with its own version (R-04-19) after a partial save (the member saved, the dog failed) reloads, shows the error in the drawer and retries only the dog","status":"passed","title":"after a partial save (the member saved, the dog failed) reloads, shows the error in the drawer and retries only the dog","duration":103.46187499999996,"failureMessages":[],"location":{"line":334,"column":3},"meta":{},"tags":[],"benchmarks":[]},{"ancestorTitles":["E3-W07 async drawer: nothing typed during a save is lost"],"fullName":"E3-W07 async drawer: nothing typed during a save is lost locks the fields while the save is in flight","status":"passed","title":"locks the fields while the save is in flight","duration":72.10249999999996,"failureMessages":[],"location":{"line":359,"column":3},"meta":{},"tags":[],"benchmarks":[]},{"ancestorTitles":["E3-W07 step 2 · M13 422 codes on their fields (S04 §2 D2)"],"fullName":"E3-W07 step 2 · M13 422 codes on their fields (S04 §2 D2) LEVEL_REQUIRED (422, bare as the api sends it) is shown on its field","status":"passed","title":"LEVEL_REQUIRED (422, bare as the api sends it) is shown on its field","duration":33.606209000000035,"failureMessages":[],"location":{"line":391,"column":14},"meta":{},"tags":[],"benchmarks":[]},{"ancestorTitles":["E3-W07 step 2 · M13 422 codes on their fields (S04 §2 D2)"],"fullName":"E3-W07 step 2 · M13 422 codes on their fields (S04 §2 D2) LEVEL_NOT_ACTIVE (422, bare as the api sends it) is shown on its field","status":"passed","title":"LEVEL_NOT_ACTIVE (422, bare as the api sends it) is shown on its field","duration":32.991457999999966,"failureMessages":[],"location":{"line":391,"column":14},"meta":{},"tags":[],"benchmarks":[]},{"ancestorTitles":["E3-W07 step 2 · M13 422 codes on their fields (S04 §2 D2)"],"fullName":"E3-W07 step 2 · M13 422 codes on their fields (S04 §2 D2) NEXT_INVOICE_DATE_REQUIRED (422, bare as the api sends it) is shown on its field","status":"passed","title":"NEXT_INVOICE_DATE_REQUIRED (422, bare as the api sends it) is shown on its field","duration":32.835000000000036,"failureMessages":[],"location":{"line":391,"column":14},"meta":{},"tags":[],"benchmarks":[]},{"ancestorTitles":["E3-W07 step 2 · M13 422 codes on their fields (S04 §2 D2)"],"fullName":"E3-W07 step 2 · M13 422 codes on their fields (S04 §2 D2) VALIDATION_ERROR (400, bare as the api sends it) is shown on its field","status":"passed","title":"VALIDATION_ERROR (400, bare as the api sends it) is shown on its field","duration":34.43570799999998,"failureMessages":[],"location":{"line":391,"column":14},"meta":{},"tags":[],"benchmarks":[]},{"ancestorTitles":["E3-W07 step 2 · M13 422 codes on their fields (S04 §2 D2)"],"fullName":"E3-W07 step 2 · M13 422 codes on their fields (S04 §2 D2) UPFRONT_AMOUNT_EXCEEDS_DUE (422, bare as the api sends it) is shown on its field","status":"passed","title":"UPFRONT_AMOUNT_EXCEEDS_DUE (422, bare as the api sends it) is shown on its field","duration":36.18445800000018,"failureMessages":[],"location":{"line":391,"column":14},"meta":{},"tags":[],"benchmarks":[]},{"ancestorTitles":["E3-W07 step 2 · M13 422 codes on their fields (S04 §2 D2)"],"fullName":"E3-W07 step 2 · M13 422 codes on their fields (S04 §2 D2) PLAN_NOT_AVAILABLE (422, bare as the api sends it) is shown on its field","status":"passed","title":"PLAN_NOT_AVAILABLE (422, bare as the api sends it) is shown on its field","duration":31.824125000000095,"failureMessages":[],"location":{"line":391,"column":14},"meta":{},"tags":[],"benchmarks":[]},{"ancestorTitles":["E3-W07 step 2 · M13 422 codes on their fields (S04 §2 D2)"],"fullName":"E3-W07 step 2 · M13 422 codes on their fields (S04 §2 D2) INVALID_STATE (409, bare as the api sends it) is shown on its field","status":"passed","title":"INVALID_STATE (409, bare as the api sends it) is shown on its field","duration":30.46770800000013,"failureMessages":[],"location":{"line":391,"column":14},"meta":{},"tags":[],"benchmarks":[]},{"ancestorTitles":["E3-W07 step 2 · M13 422 codes on their fields (S04 §2 D2)"],"fullName":"E3-W07 step 2 · M13 422 codes on their fields (S04 §2 D2) MEMBERSHIP_EXISTS (409, bare as the api sends it) is shown on its field","status":"passed","title":"MEMBERSHIP_EXISTS (409, bare as the api sends it) is shown on its field","duration":32.585875000000215,"failureMessages":[],"location":{"line":391,"column":14},"meta":{},"tags":[],"benchmarks":[]},{"ancestorTitles":["E3-W07 step 2 · M13 422 codes on their fields (S04 §2 D2)"],"fullName":"E3-W07 step 2 · M13 422 codes on their fields (S04 §2 D2) MEMBER_ERASED (409, bare as the api sends it) is shown on its field","status":"passed","title":"MEMBER_ERASED (409, bare as the api sends it) is shown on its field","duration":37.534250000000156,"failureMessages":[],"location":{"line":391,"column":14},"meta":{},"tags":[],"benchmarks":[]},{"ancestorTitles":["E3-W07 step 2 · M13 422 codes on their fields (S04 §2 D2)"],"fullName":"E3-W07 step 2 · M13 422 codes on their fields (S04 §2 D2) caps the amount input at the amount due","status":"passed","title":"caps the amount input at the amount due","duration":14.932291999999961,"failureMessages":[],"location":{"line":413,"column":3},"meta":{},"tags":[],"benchmarks":[]},{"ancestorTitles":["E3-W07 step 2 · M13 422 codes on their fields (S04 §2 D2)"],"fullName":"E3-W07 step 2 · M13 422 codes on their fields (S04 §2 D2) maps the mock's own answers too: a missing level and a missing date","status":"passed","title":"maps the mock's own answers too: a missing level and a missing date","duration":44.08479099999977,"failureMessages":[],"location":{"line":419,"column":3},"meta":{},"tags":[],"benchmarks":[]},{"ancestorTitles":["E3-W07 step 3 · M14 both contacts and the full edit drawer (R-04-19, R-04-03)"],"fullName":"E3-W07 step 3 · M14 both contacts and the full edit drawer (R-04-19, R-04-03) editing the first email keeps the second, and the untouched phones are not sent","status":"passed","title":"editing the first email keeps the second, and the untouched phones are not sent","duration":47.390292000000045,"failureMessages":[],"location":{"line":435,"column":3},"meta":{},"tags":[],"benchmarks":[]},{"ancestorTitles":["E3-W07 step 3 · M14 both contacts and the full edit drawer (R-04-19, R-04-03)"],"fullName":"E3-W07 step 3 · M14 both contacts and the full edit drawer (R-04-19, R-04-03) editing the second phone sends both phones, each with its label","status":"passed","title":"editing the second phone sends both phones, each with its label","duration":40.40908300000001,"failureMessages":[],"location":{"line":460,"column":3},"meta":{},"tags":[],"benchmarks":[]},{"ancestorTitles":["E3-W07 step 3 · M14 both contacts and the full edit drawer (R-04-19, R-04-03)"],"fullName":"E3-W07 step 3 · M14 both contacts and the full edit drawer (R-04-19, R-04-03) offers gender (three values), the notes, holderTaxId and the requested plan read-only","status":"passed","title":"offers gender (three values), the notes, holderTaxId and the requested plan read-only","duration":81.86970799999972,"failureMessages":[],"location":{"line":479,"column":3},"meta":{},"tags":[],"benchmarks":[]},{"ancestorTitles":["E3-W07 step 3 · M14 both contacts and the full edit drawer (R-04-19, R-04-03)"],"fullName":"E3-W07 step 3 · M14 both contacts and the full edit drawer (R-04-19, R-04-03) adds a dog document forwarding the signed upload headers, and removes one","status":"passed","title":"adds a dog document forwarding the signed upload headers, and removes one","duration":126.02533400000038,"failureMessages":[],"location":{"line":505,"column":3},"meta":{},"tags":[],"benchmarks":[]},{"ancestorTitles":["E3-W07 step 4 · M15 the plan and family decisions (R-04-13, T-04-33)"],"fullName":"E3-W07 step 4 · M15 the plan and family decisions (R-04-13, T-04-33) lists planOptions with their periodicity and runs dryRun on a change to Pack 6: lines, date and body updated","status":"passed","title":"lists planOptions with their periodicity and runs dryRun on a change to Pack 6: lines, date and body updated","duration":88.36879200000021,"failureMessages":[],"location":{"line":543,"column":3},"meta":{},"tags":[],"benchmarks":[]},{"ancestorTitles":["E3-W07 step 4 · M15 the plan and family decisions (R-04-13, T-04-33)"],"fullName":"E3-W07 step 4 · M15 the plan and family decisions (R-04-13, T-04-33) renders the dry run's warnings on the plan card (PAID_EXCEEDS_QUOTE on a cheaper plan)","status":"passed","title":"renders the dry run's warnings on the plan card (PAID_EXCEEDS_QUOTE on a cheaper plan)","duration":23.660334000000148,"failureMessages":[],"location":{"line":580,"column":3},"meta":{},"tags":[],"benchmarks":[]},{"ancestorTitles":["E3-W07 step 4 · M15 the plan and family decisions (R-04-13, T-04-33)"],"fullName":"E3-W07 step 4 · M15 the plan and family decisions (R-04-13, T-04-33) a NOT_FOUND_PENDING claim shows what the applicant typed and is resolved by attaching the holder's group","status":"passed","title":"a NOT_FOUND_PENDING claim shows what the applicant typed and is resolved by attaching the holder's group","duration":525.5389999999998,"failureMessages":[],"location":{"line":589,"column":3},"meta":{},"tags":[],"benchmarks":[]},{"ancestorTitles":["E3-W07 step 4 · M15 the plan and family decisions (R-04-13, T-04-33)"],"fullName":"E3-W07 step 4 · M15 the plan and family decisions (R-04-13, T-04-33) a NOT_FOUND_PENDING claim is resolved with an explicit «Sense grup»: no familyGroupId","status":"passed","title":"a NOT_FOUND_PENDING claim is resolved with an explicit «Sense grup»: no familyGroupId","duration":81.71587499999987,"failureMessages":[],"location":{"line":611,"column":3},"meta":{},"tags":[],"benchmarks":[]},{"ancestorTitles":["E3-W07 step 5 · M11 D1 fresh after a decision (R-14-01)"],"fullName":"E3-W07 step 5 · M11 D1 fresh after a decision (R-14-01) after VALIDA navigates to /tauler and refreshes the menu counters","status":"passed","title":"after VALIDA navigates to /tauler and refreshes the menu counters","duration":70.76733400000012,"failureMessages":[],"location":{"line":625,"column":3},"meta":{},"tags":[],"benchmarks":[]},{"ancestorTitles":["E3-W07 step 5 · M11 D1 fresh after a decision (R-14-01)"],"fullName":"E3-W07 step 5 · M11 D1 fresh after a decision (R-14-01) a signup with nothing pending (409 INVALID_STATE NOT_PENDING) says it is resolved and links to D10","status":"passed","title":"a signup with nothing pending (409 INVALID_STATE NOT_PENDING) says it is resolved and links to D10","duration":8.734415999999328,"failureMessages":[],"location":{"line":633,"column":3},"meta":{},"tags":[],"benchmarks":[]},{"ancestorTitles":["E3-W07 step 5 · M11 D1 fresh after a decision (R-14-01)"],"fullName":"E3-W07 step 5 · M11 D1 fresh after a decision (R-14-01) a VALIDA on a signup another admin already resolved shows the resolved state","status":"passed","title":"a VALIDA on a signup another admin already resolved shows the resolved state","duration":23.613209000000097,"failureMessages":[],"location":{"line":647,"column":3},"meta":{},"tags":[],"benchmarks":[]},{"ancestorTitles":["E3-W07 step 7 · the refund warning (R-04-23)"],"fullName":"E3-W07 step 7 · the refund warning (R-04-23) warns before rejecting a signup with a collected payment and keeps the refund flag for D1","status":"passed","title":"warns before rejecting a signup with a collected payment and keeps the refund flag for D1","duration":88.98824999999943,"failureMessages":[],"location":{"line":656,"column":3},"meta":{},"tags":[],"benchmarks":[]},{"ancestorTitles":["E3-W07 step 7 · the refund warning (R-04-23)"],"fullName":"E3-W07 step 7 · the refund warning (R-04-23) rejects a signup with nothing collected without the warning","status":"passed","title":"rejects a signup with nothing collected without the warning","duration":81.43741599999976,"failureMessages":[],"location":{"line":669,"column":3},"meta":{},"tags":[],"benchmarks":[]},{"ancestorTitles":["E3-W07 step 8 · the D2 minors"],"fullName":"E3-W07 step 8 · the D2 minors STALE_VERSION offers a reload that keeps the admin's own choices","status":"passed","title":"STALE_VERSION offers a reload that keeps the admin's own choices","duration":45.6957910000001,"failureMessages":[],"location":{"line":682,"column":3},"meta":{},"tags":[],"benchmarks":[]},{"ancestorTitles":["E3-W07 step 8 · the D2 minors"],"fullName":"E3-W07 step 8 · the D2 minors shows a rejection error inside the modal, with the reload action","status":"passed","title":"shows a rejection error inside the modal, with the reload action","duration":37.05366700000013,"failureMessages":[],"location":{"line":697,"column":3},"meta":{},"tags":[],"benchmarks":[]},{"ancestorTitles":["E3-W07 step 8 · the D2 minors"],"fullName":"E3-W07 step 8 · the D2 minors names the first month and its portion from upfront.firstMonth: a full month has no «(mitja quota)»","status":"passed","title":"names the first month and its portion from upfront.firstMonth: a full month has no «(mitja quota)»","duration":14.473207999999431,"failureMessages":[],"location":{"line":708,"column":3},"meta":{},"tags":[],"benchmarks":[]},{"ancestorTitles":["E3-W07 step 8 · the D2 minors"],"fullName":"E3-W07 step 8 · the D2 minors E3-W08 step 0: a first month frozen without its portion (null, api E3-T12) names the month, never «(mitja quota)»","status":"passed","title":"E3-W08 step 0: a first month frozen without its portion (null, api E3-T12) names the month, never «(mitja quota)»","duration":14.769000000000233,"failureMessages":[],"location":{"line":721,"column":3},"meta":{},"tags":[],"benchmarks":[]},{"ancestorTitles":["E3-W07 step 8 · the D2 minors"],"fullName":"E3-W07 step 8 · the D2 minors en: gender OTHER → «them»","status":"passed","title":"en: gender OTHER → «them»","duration":18.132791999999426,"failureMessages":[],"location":{"line":732,"column":3},"meta":{},"tags":[],"benchmarks":[]},{"ancestorTitles":["E3-W07 step 8 · the D2 minors"],"fullName":"E3-W07 step 8 · the D2 minors gates the plan, payment and upfront blocks on BILLING and the group row on FAMILY_GROUP","status":"passed","title":"gates the plan, payment and upfront blocks on BILLING and the group row on FAMILY_GROUP","duration":17.36474999999973,"failureMessages":[],"location":{"line":743,"column":3},"meta":{},"tags":[],"benchmarks":[]},{"ancestorTitles":["E3-W07 round 2 · 1 the invoice date is canonical (R-04-15, S04 §10)"],"fullName":"E3-W07 round 2 · 1 the invoice date is canonical (R-04-15, S04 §10) 10/11/2026 typed in ca still sends 2026-11-10 after a switch to en, shown in the en format","status":"passed","title":"10/11/2026 typed in ca still sends 2026-11-10 after a switch to en, shown in the en format","duration":86.56795800000054,"failureMessages":[],"location":{"line":755,"column":3},"meta":{},"tags":[],"benchmarks":[]},{"ancestorTitles":["E3-W07 round 2 · 2 a quote belongs to its plan, price and signup version (S04 §2 D2)"],"fullName":"E3-W07 round 2 · 2 a quote belongs to its plan, price and signup version (S04 §2 D2) Pack 6 is quoted, then the Pack 10 quote fails: no 135 € breakdown or max remains, and VALIDA is disabled","status":"passed","title":"Pack 6 is quoted, then the Pack 10 quote fails: no 135 € breakdown or max remains, and VALIDA is disabled","duration":53.97858300000007,"failureMessages":[],"location":{"line":771,"column":3},"meta":{},"tags":[],"benchmarks":[]},{"ancestorTitles":["E3-W07 round 2 · 2 a quote belongs to its plan, price and signup version (S04 §2 D2)"],"fullName":"E3-W07 round 2 · 2 a quote belongs to its plan, price and signup version (S04 §2 D2) a reload after a full payment shows no editable amount (the old quote is discarded)","status":"passed","title":"a reload after a full payment shows no editable amount (the old quote is discarded)","duration":68.37858400000005,"failureMessages":[],"location":{"line":796,"column":3},"meta":{},"tags":[],"benchmarks":[]},{"ancestorTitles":["E3-W07 round 2 · 2 a quote belongs to its plan, price and signup version (S04 §2 D2)"],"fullName":"E3-W07 round 2 · 2 a quote belongs to its plan, price and signup version (S04 §2 D2) drops a Pack 6 answer that lands after the change to Pack 10","status":"passed","title":"drops a Pack 6 answer that lands after the change to Pack 10","duration":125.67333299999973,"failureMessages":[],"location":{"line":829,"column":3},"meta":{},"tags":[],"benchmarks":[]},{"ancestorTitles":["T-04-33 E3-W11 step 1 · a reload drops the quote at once (review #1, S04 §2 D2, R-04-15)"],"fullName":"T-04-33 E3-W11 step 1 · a reload drops the quote at once (review #1, S04 §2 D2, R-04-15) a delayed reload after STALE_VERSION: no upfront block and VALIDA disabled until the reload and the new quote both land","status":"passed","title":"a delayed reload after STALE_VERSION: no upfront block and VALIDA disabled until the reload and the new quote both land","duration":115.93079200000011,"failureMessages":[],"location":{"line":870,"column":3},"meta":{},"tags":[],"benchmarks":[]},{"ancestorTitles":["T-04-33 E3-W11 step 1 · a reload drops the quote at once (review #1, S04 §2 D2, R-04-15)"],"fullName":"T-04-33 E3-W11 step 1 · a reload drops the quote at once (review #1, S04 §2 D2, R-04-15) a failed reload shows its error with a retry, never the old quote (its «Data del proper rebut» included), and the retry brings a fresh one","status":"passed","title":"a failed reload shows its error with a retry, never the old quote (its «Data del proper rebut» included), and the retry brings a fresh one","duration":62.52466700000059,"failureMessages":[],"location":{"line":916,"column":3},"meta":{},"tags":[],"benchmarks":[]},{"ancestorTitles":["T-04-33 E3-W11 step 1 · a reload drops the quote at once (review #1, S04 §2 D2, R-04-15)"],"fullName":"T-04-33 E3-W11 step 1 · a reload drops the quote at once (review #1, S04 §2 D2, R-04-15) the reload after a drawer save drops the quote too, until the fresh view lands","status":"passed","title":"the reload after a drawer save drops the quote too, until the fresh view lands","duration":60.90020800000002,"failureMessages":[],"location":{"line":948,"column":3},"meta":{},"tags":[],"benchmarks":[]},{"ancestorTitles":["T-04-14 T-04-20 T-04-33 E3-W11 step 2 · the drawer's payment methods come from the D2 view (review #2, R-04-10, R-04-19)"],"fullName":"T-04-14 T-04-20 T-04-33 E3-W11 step 2 · the drawer's payment methods come from the D2 view (review #2, R-04-10, R-04-19) a view without the card offers no «Targeta», even with Stripe listed (disabled) on /club, and keeps the applicant's method","status":"passed","title":"a view without the card offers no «Targeta», even with Stripe listed (disabled) on /club, and keeps the applicant's method","duration":34.841959000000315,"failureMessages":[],"location":{"line":981,"column":3},"meta":{},"tags":[],"benchmarks":[]},{"ancestorTitles":["T-04-14 T-04-20 T-04-33 E3-W11 step 2 · the drawer's payment methods come from the D2 view (review #2, R-04-10, R-04-19)"],"fullName":"T-04-14 T-04-20 T-04-33 E3-W11 step 2 · the drawer's payment methods come from the D2 view (review #2, R-04-10, R-04-19) the applicant's card, not assignable any more, is shown preselected but cannot be chosen again","status":"passed","title":"the applicant's card, not assignable any more, is shown preselected but cannot be chosen again","duration":70.87504199999967,"failureMessages":[],"location":{"line":995,"column":3},"meta":{},"tags":[],"benchmarks":[]},{"ancestorTitles":["T-04-14 T-04-20 T-04-33 E3-W11 step 2 · the drawer's payment methods come from the D2 view (review #2, R-04-10, R-04-19)"],"fullName":"T-04-14 T-04-20 T-04-33 E3-W11 step 2 · the drawer's payment methods come from the D2 view (review #2, R-04-10, R-04-19) the preselected method is the view's `current` one (a readmission's submitted method)","status":"passed","title":"the preselected method is the view's `current` one (a readmission's submitted method)","duration":27.79724999999962,"failureMessages":[],"location":{"line":1021,"column":3},"meta":{},"tags":[],"benchmarks":[]},{"ancestorTitles":["T-04-14 T-04-20 T-04-33 E3-W11 step 2 · the drawer's payment methods come from the D2 view (review #2, R-04-10, R-04-19)"],"fullName":"T-04-14 T-04-20 T-04-33 E3-W11 step 2 · the drawer's payment methods come from the D2 view (review #2, R-04-10, R-04-19) a PENDING applicant with no assignable method sees the current one read-only","status":"passed","title":"a PENDING applicant with no assignable method sees the current one read-only","duration":27.863040999999612,"failureMessages":[],"location":{"line":1032,"column":3},"meta":{},"tags":[],"benchmarks":[]},{"ancestorTitles":["T-04-14 T-04-20 T-04-33 E3-W11 step 2 · the drawer's payment methods come from the D2 view (review #2, R-04-10, R-04-19)"],"fullName":"T-04-14 T-04-20 T-04-33 E3-W11 step 2 · the drawer's payment methods come from the D2 view (review #2, R-04-10, R-04-19) add-dog (R-04-19, R-04-25): the member's method is shown read-only, as the view lists it","status":"passed","title":"add-dog (R-04-19, R-04-25): the member's method is shown read-only, as the view lists it","duration":26.87816699999985,"failureMessages":[],"location":{"line":1043,"column":3},"meta":{},"tags":[],"benchmarks":[]},{"ancestorTitles":["T-04-14 T-04-20 T-04-33 E3-W11 step 2 · the drawer's payment methods come from the D2 view (review #2, R-04-10, R-04-19)"],"fullName":"T-04-14 T-04-20 T-04-33 E3-W11 step 2 · the drawer's payment methods come from the D2 view (review #2, R-04-10, R-04-19) an empty list (an ACTIVE member without a method) shows no method row","status":"passed","title":"an empty list (an ACTIVE member without a method) shows no method row","duration":29.029915999999503,"failureMessages":[],"location":{"line":1054,"column":3},"meta":{},"tags":[],"benchmarks":[]},{"ancestorTitles":["E3-W07 round 2 · 3 the drawer can change the payment method (R-04-19, R-04-10)"],"fullName":"E3-W07 round 2 · 3 the drawer can change the payment method (R-04-19, R-04-10) moves a cash applicant to direct debit with IBAN and holder, among the view's methods","status":"passed","title":"moves a cash applicant to direct debit with IBAN and holder, among the view's methods","duration":89.55120799999986,"failureMessages":[],"location":{"line":1070,"column":3},"meta":{},"tags":[],"benchmarks":[]},{"ancestorTitles":["E3-W07 round 2 · 3 the drawer can change the payment method (R-04-19, R-04-10)"],"fullName":"E3-W07 round 2 · 3 the drawer can change the payment method (R-04-19, R-04-10) moves a direct-debit applicant to cash: only the type is sent, and D2 reads «Efectiu»","status":"passed","title":"moves a direct-debit applicant to cash: only the type is sent, and D
[...]
es":[],"location":{"line":106,"column":3},"meta":{},"tags":[],"benchmarks":[]},{"ancestorTitles":["T-06-27 D3b day view per ring / per instructor"],"fullName":"T-06-27 D3b day view per ring / per instructor rewrites an unsupported day in the URL to the template's first day","status":"passed","title":"rewrites an unsupported day in the URL to the template's first day","duration":50.344082999999955,"failureMessages":[],"location":{"line":121,"column":5},"meta":{},"tags":[],"benchmarks":[]},{"ancestorTitles":["T-06-27 D3b day view per ring / per instructor"],"fullName":"T-06-27 D3b day view per ring / per instructor rewrites an unknown day in the URL to the template's first day","status":"passed","title":"rewrites an unknown day in the URL to the template's first day","duration":41.13420899999983,"failureMessages":[],"location":{"line":121,"column":5},"meta":{},"tags":[],"benchmarks":[]},{"ancestorTitles":["T-06-27 D3b day view per ring / per instructor"],"fullName":"T-06-27 D3b day view per ring / per instructor shows the Saturday template with its single day","status":"passed","title":"shows the Saturday template with its single day","duration":43.10866699999997,"failureMessages":[],"location":{"line":137,"column":3},"meta":{},"tags":[],"benchmarks":[]}],"startTime":1790377557723,"endTime":1790377558309.1086,"status":"passed","message":"","name":"/Users/jordib/dev/agilityhub/agilityhub-core-web/apps/clubs-admin/src/planning/TemplateDayPage.test.tsx"},{"assertionResults":[{"ancestorTitles":["T-06-26 D3 weekly templates"],"fullName":"T-06-26 D3 weekly templates prefills band and day from an empty cell, fills the description by levels, keeps the manual text and asks for another class in the band","status":"passed","title":"prefills band and day from an empty cell, fills the description by levels, keeps the manual text and asks for another class in the band","duration":610.833875,"failureMessages":[],"location":{"line":69,"column":3},"meta":{},"tags":[],"benchmarks":[]},{"ancestorTitles":["T-06-26 D3 weekly templates"],"fullName":"T-06-26 D3 weekly templates saves every change of a full cell at once with the template version","status":"passed","title":"saves every change of a full cell at once with the template version","duration":363.6888750000003,"failureMessages":[],"location":{"line":119,"column":3},"meta":{},"tags":[],"benchmarks":[]},{"ancestorTitles":["T-06-26 D3 weekly templates"],"fullName":"T-06-26 D3 weekly templates queues two quick changes of a full cell and sends each PATCH with the latest version","status":"passed","title":"queues two quick changes of a full cell and sends each PATCH with the latest version","duration":236.7369590000003,"failureMessages":[],"location":{"line":147,"column":3},"meta":{},"tags":[],"benchmarks":[]},{"ancestorTitles":["T-06-26 D3 weekly templates"],"fullName":"T-06-26 D3 weekly templates reloads the template and remounts the card on STALE_VERSION","status":"passed","title":"reloads the template and remounts the card on STALE_VERSION","duration":267.0464159999997,"failureMessages":[],"location":{"line":178,"column":3},"meta":{},"tags":[],"benchmarks":[]},{"ancestorTitles":["T-06-26 D3 weekly templates"],"fullName":"T-06-26 D3 weekly templates puts the form back to the saved class when a PATCH fails","status":"passed","title":"puts the form back to the saved class when a PATCH fails","duration":171.9854580000001,"failureMessages":[],"location":{"line":228,"column":3},"meta":{},"tags":[],"benchmarks":[]},{"ancestorTitles":["T-06-26 D3 weekly templates"],"fullName":"T-06-26 D3 weekly templates shows a failed load of the weeks and the coverage with [Torna-ho a provar] instead of a loading table","status":"passed","title":"shows a failed load of the weeks and the coverage with [Torna-ho a provar] instead of a loading table","duration":161.95649999999978,"failureMessages":[],"location":{"line":259,"column":3},"meta":{},"tags":[],"benchmarks":[]},{"ancestorTitles":["T-06-26 D3 weekly templates"],"fullName":"T-06-26 D3 weekly templates shows each band error on the field that caused it","status":"passed","title":"shows each band error on the field that caused it","duration":139.876166,"failureMessages":[],"location":{"line":288,"column":3},"meta":{},"tags":[],"benchmarks":[]},{"ancestorTitles":["T-06-26 D3 weekly templates"],"fullName":"T-06-26 D3 weekly templates marks the inconsistency on the cells and in the footer note and blocks the generation","status":"passed","title":"marks the inconsistency on the cells and in the footer note and blocks the generation","duration":207.68325000000004,"failureMessages":[],"location":{"line":325,"column":3},"meta":{},"tags":[],"benchmarks":[]},{"ancestorTitles":["T-06-26 D3 weekly templates"],"fullName":"T-06-26 D3 weekly templates confirms «Es generaran com a esborrany les classes de la setmana del …» and generates the proposed week","status":"passed","title":"confirms «Es generaran com a esborrany les classes de la setmana del …» and generates the proposed week","duration":161.9033330000002,"failureMessages":[],"location":{"line":358,"column":3},"meta":{},"tags":[],"benchmarks":[]},{"ancestorTitles":["T-06-26 D3 weekly templates"],"fullName":"T-06-26 D3 weekly templates hides every action from INSTRUCTOR and keeps the cells inert (A22 c)","status":"passed","title":"hides every action from INSTRUCTOR and keeps the cells inert (A22 c)","duration":78.32508400000006,"failureMessages":[],"location":{"line":385,"column":3},"meta":{},"tags":[],"benchmarks":[]},{"ancestorTitles":["T-06-26 D3 weekly templates"],"fullName":"T-06-26 D3 weekly templates shows the coverage table with the D3 vocabulary and one-decimal places","status":"passed","title":"shows the coverage table with the D3 vocabulary and one-decimal places","duration":85.10595899999998,"failureMessages":[],"location":{"line":404,"column":3},"meta":{},"tags":[],"benchmarks":[]},{"ancestorTitles":["T-06-26 D3 weekly templates"],"fullName":"T-06-26 D3 weekly templates R-06-15 offers instructor chips with maxInstructorsPerClass = 2","status":"passed","title":"R-06-15 offers instructor chips with maxInstructorsPerClass = 2","duration":72.7319580000003,"failureMessages":[],"location":{"line":426,"column":3},"meta":{},"tags":[],"benchmarks":[]},{"ancestorTitles":["T-06-26 D3 weekly templates"],"fullName":"T-06-26 D3 weekly templates R-06-15 hides levels and coverage with levels.enabled = false and requires a manual description","status":"passed","title":"R-06-15 hides levels and coverage with levels.enabled = false and requires a manual description","duration":71.0518749999992,"failureMessages":[],"location":{"line":437,"column":3},"meta":{},"tags":[],"benchmarks":[]},{"ancestorTitles":["E4-W10 D3 closed days (S06 R-06-01, S02 R-02-09)"],"fullName":"E4-W10 D3 closed days (S06 R-06-01, S02 R-02-09) R-06-01 R-02-09 a template whose kind has a closed day takes no band: the drawer says which day and sends nothing; the Saturday template still takes one","status":"passed","title":"R-06-01 R-02-09 a template whose kind has a closed day takes no band: the drawer says which day and sends nothing; the Saturday template still takes one","duration":324.1301249999997,"failureMessages":[],"location":{"line":487,"column":3},"meta":{},"tags":[],"benchmarks":[]},{"ancestorTitles":["E4-W10 D3 closed days (S06 R-06-01, S02 R-02-09)"],"fullName":"E4-W10 D3 closed days (S06 R-06-01, S02 R-02-09) S06 §3 a failed GET /club/opening-hours shows its error with [Torna-ho a provar] instead of assuming 07:00–22:00","status":"passed","title":"S06 §3 a failed GET /club/opening-hours shows its error with [Torna-ho a provar] instead of assuming 07:00–22:00","duration":182.48358300000018,"failureMessages":[],"location":{"line":536,"column":3},"meta":{},"tags":[],"benchmarks":[]}],"startTime":1790377557750,"endTime":1790377560885.4836,"status":"passed","message":"","name":"/Users/jordib/dev/agilityhub/agilityhub-core-web/apps/clubs-admin/src/planning/TemplatesPage.test.tsx"},{"assertionResults":[{"ancestorTitles":["T-06-30 D4 / D4b / D4c literals (admin-scheduling, ca)"],"fullName":"T-06-30 D4 / D4b / D4c literals (admin-scheduling, ca) keeps the exact mockup texts of the footers, the validation card and the D4c modal","status":"passed","title":"keeps the exact mockup texts of the footers, the validation card and the D4c modal","duration":28.103291000000127,"failureMessages":[],"location":{"line":23,"column":3},"meta":{},"tags":[],"benchmarks":[]},{"ancestorTitles":["T-06-30 D4 / D4b / D4c literals (admin-scheduling, ca)"],"fullName":"T-06-30 D4 / D4b / D4c literals (admin-scheduling, ca) keeps the D4 / D4b grid and card literals","status":"passed","title":"keeps the D4 / D4b grid and card literals","duration":4.002124999999978,"failureMessages":[],"location":{"line":65,"column":3},"meta":{},"tags":[],"benchmarks":[]}],"startTime":1790377557554,"endTime":1790377557586.0022,"status":"passed","message":"","name":"/Users/jordib/dev/agilityhub/agilityhub-core-web/apps/clubs-admin/src/planning/calendar-literals.test.ts"},{"assertionResults":[{"ancestorTitles":["R-06-14 clubInstant (club-local date + time → UTC instant)"],"fullName":"R-06-14 clubInstant (club-local date + time → UTC instant) uses the offset in force on each side of the DST changes","status":"passed","title":"uses the offset in force on each side of the DST changes","duration":30.21545900000001,"failureMessages":[],"location":{"line":6,"column":3},"meta":{},"tags":[],"benchmarks":[]},{"ancestorTitles":["R-06-14 clubInstant (club-local date + time → UTC instant)"],"fullName":"R-06-14 clubInstant (club-local date + time → UTC instant) resolves an ambiguous local time (autumn overlap) to its first occurrence","status":"passed","title":"resolves an ambiguous local time (autumn overlap) to its first occurrence","duration":5.6401670000000195,"failureMessages":[],"location":{"line":14,"column":3},"meta":{},"tags":[],"benchmarks":[]},{"ancestorTitles":["R-06-14 clubInstant (club-local date + time → UTC instant)"],"fullName":"R-06-14 clubInstant (club-local date + time → UTC instant) moves a local time inside the spring gap forward by the gap length (ZonedDateTime.of)","status":"passed","title":"moves a local time inside the spring gap forward by the gap length (ZonedDateTime.of)","duration":6.469166000000087,"failureMessages":[],"location":{"line":20,"column":3},"meta":{},"tags":[],"benchmarks":[]},{"ancestorTitles":["R-06-14 clubInstant (club-local date + time → UTC instant)"],"fullName":"R-06-14 clubInstant (club-local date + time → UTC instant) works for other club zones (Canary Islands, one west of UTC)","status":"passed","title":"works for other club zones (Canary Islands, one west of UTC)","duration":4.075458000000026,"failureMessages":[],"location":{"line":28,"column":3},"meta":{},"tags":[],"benchmarks":[]},{"ancestorTitles":["R-06-14 clubInstant (club-local date + time → UTC instant)"],"fullName":"R-06-14 clubInstant (club-local date + time → UTC instant) finds both sides of a transition that is more than 12 h away from wall-time-as-UTC","status":"passed","title":"finds both sides of a transition that is more than 12 h away from wall-time-as-UTC","duration":7.085874999999987,"failureMessages":[],"location":{"line":34,"column":3},"meta":{},"tags":[],"benchmarks":[]},{"ancestorTitles":["S06 §3 time options on slot boundaries (E4-W09)"],"fullName":"S06 §3 time options on slot boundaries (E4-W09) S06 §3 an opening at 07:05 with 10-minute slots starts at 07:10 and never passes the closing time","status":"passed","title":"S06 §3 an opening at 07:05 with 10-minute slots starts at 07:10 and never passes the closing time","duration":0.2189579999999296,"failureMessages":[],"location":{"line":47,"column":3},"meta":{},"tags":[],"benchmarks":[]},{"ancestorTitles":["S06 §3 time options on slot boundaries (E4-W09)"],"fullName":"S06 §3 time options on slot boundaries (E4-W09) S06 §3 R-06-11 T-06-32 a range keeps at least its minimum length on slot boundaries (classes, and ring blocks of training.slotMinutes)","status":"passed","title":"S06 §3 R-06-11 T-06-32 a range keeps at least its minimum length on slot boundaries (classes, and ring blocks of training.slotMinutes)","duration":0.48916700000017954,"failureMessages":[],"location":{"line":54,"column":3},"meta":{},"tags":[],"benchmarks":[]},{"ancestorTitles":["S06 §3 time options on slot boundaries (E4-W09)"],"fullName":"S06 §3 time options on slot boundaries (E4-W09) R-02-09 a weekday absent from club.openingHours is closed: no window, no options","status":"passed","title":"R-02-09 a weekday absent from club.openingHours is closed: no window, no options","duration":0.11237499999992906,"failureMessages":[],"location":{"line":72,"column":3},"meta":{},"tags":[],"benchmarks":[]}],"startTime":1790377557562,"endTime":1790377557617.1123,"status":"passed","message":"","name":"/Users/jordib/dev/agilityhub/agilityhub-core-web/apps/clubs-admin/src/planning/calendar-shared.test.ts"},{"assertionResults":[{"ancestorTitles":["T-06-02 R-06-03 automatic description preview (D3 class card)"],"fullName":"T-06-02 R-06-03 automatic description preview (D3 class card) builds «B+C», «D i sup.», «A+C» and «Cadells» from the catalog order","status":"passed","title":"builds «B+C», «D i sup.», «A+C» and «Cadells» from the catalog order","duration":20.106583,"failureMessages":[],"location":{"line":38,"column":3},"meta":{},"tags":[],"benchmarks":[]},{"ancestorTitles":["T-06-02 R-06-03 automatic description preview (D3 class card)"],"fullName":"T-06-02 R-06-03 automatic description preview (D3 class card) E29: a level outside the progression joins with «+» and never ends a «… i sup.» run","status":"passed","title":"E29: a level outside the progression joins with «+» and never ends a «… i sup.» run","duration":3.011207999999897,"failureMessages":[],"location":{"line":49,"column":3},"meta":{},"tags":[],"benchmarks":[]},{"ancestorTitles":["T-06-02 R-06-03 automatic description preview (D3 class card)"],"fullName":"T-06-02 R-06-03 automatic description preview (D3 class card) ignores inactive levels when deciding the last active level","status":"passed","title":"ignores inactive levels when deciding the last active level","duration":2.437249999999949,"failureMessages":[],"location":{"line":63,"column":3},"meta":{},"tags":[],"benchmarks":[]},{"ancestorTitles":["T-06-02 R-06-03 automatic description preview (D3 class card)"],"fullName":"T-06-02 R-06-03 automatic description preview (D3 class card) uses the es form of «i sup.»","status":"passed","title":"uses the es form of «i sup.»","duration":15.32725000000005,"failureMessages":[],"location":{"line":75,"column":14},"meta":{},"tags":[],"benchmarks":[]},{"ancestorTitles":["T-06-02 R-06-03 automatic description preview (D3 class card)"],"fullName":"T-06-02 R-06-03 automatic description preview (D3 class card) uses the en form of «i sup.»","status":"passed","title":"uses the en form of «i sup.»","duration":7.207208000000037,"failureMessages":[],"location":{"line":75,"column":14},"meta":{},"tags":[],"benchmarks":[]},{"ancestorTitles":["T-06-30 D3 literals and vocabulary (admin-scheduling, ca)"],"fullName":"T-06-30 D3 literals and vocabulary (admin-scheduling, ca) keeps the exact mockup literals","status":"passed","title":"keeps the exact mockup literals","duration":4.040707999999995,"failureMessages":[],"location":{"line":83,"column":3},"meta":{},"tags":[],"benchmarks":[]},{"ancestorTitles":["T-06-30 D3 literals and vocabulary (admin-scheduling, ca)"],"fullName":"T-06-30 D3 literals and vocabulary (admin-scheduling, ca) uses no forbidden vocabulary or requirement codes in the three locales","status":"passed","title":"uses no forbidden vocabulary or requirement codes in the three locales","duration":26.566417,"failureMessages":[],"location":{"line":114,"column":3},"meta":{},"tags":[],"benchmarks":[]}],"startTime":1790377557560,"endTime":1790377557639.5664,"status":"passed","message":"","name":"/Users/jordib/dev/agilityhub/agilityhub-core-web/apps/clubs-admin/src/planning/description.test.ts"},{"assertionResults":[{"ancestorTitles":["R-06-14 planning business dates are calendar dates in every club zone"],"fullName":"R-06-14 planning business dates are calendar dates in every club zone labels days and weekdays without shifting them in Pacific/Auckland","status":"passed","title":"labels days and weekdays without shifting them in Pacific/Auckland","duration":12.364332999999988,"failureMessages":[],"location":{"line":8,"column":89},"meta":{},"tags":[],"benchmarks":[]},{"ancestorTitles":["R-06-14 planning business dates are calendar dates in every club zone"],"fullName":"R-06-14 planning business dates are calendar dates in every club zone labels days and weekdays without shifting them in Pacific/Kiritimati","status":"passed","title":"labels days and weekdays without shifting them in Pacific/Kiritimati","duration":0.4887499999999818,"failureMessages":[],"location":{"line":8,"column":89},"meta":{},"tags":[],"benchmarks":[]},{"ancestorTitles":["R-06-14 planning business dates are calendar dates in every club zone"],"fullName":"R-06-14 planning business dates are calendar dates in every club zone labels days and weekdays without shifting them in Europe/Madrid","status":"passed","title":"labels days and weekdays without shifting them in Europe/Madrid","duration":0.34600000000000364,"failureMessages":[],"location":{"line":8,"column":89},"meta":{},"tags":[],"benchmarks":[]},{"ancestorTitles":["R-06-14 planning business dates are calendar dates in every club zone"],"fullName":"R-06-14 planning business dates are calendar dates in every club zone labels days and weekdays without shifting them in America/Bogota","status":"passed","title":"labels days and weekdays without shifting them in America/Bogota","duration":0.31854199999997945,"failureMessages":[],"location":{"line":8,"column":89},"meta":{},"tags":[],"benchmarks":[]},{"ancestorTitles":["R-06-14 planning business dates are calendar dates in every club zone"],"fullName":"R-06-14 planning business dates are calendar dates in every club zone rejects 2026-13-01","status":"passed","title":"rejects 2026-13-01","duration":0.06329199999993307,"failureMessages":[],"location":{"line":21,"column":62},"meta":{},"tags":[],"benchmarks":[]},{"ancestorTitles":["R-06-14 planning business dates are calendar dates in every club zone"],"fullName":"R-06-14 planning business dates are calendar dates in every club zone rejects 2026-08-32","status":"passed","title":"rejects 2026-08-32","duration":0.0717499999999518,"failureMessages":[],"location":{"line":21,"column":62},"meta":{},"tags":[],"benchmarks":[]},{"ancestorTitles":["R-06-14 planning business dates are calendar dates in every club zone"],"fullName":"R-06-14 planning business dates are calendar dates in every club zone rejects 2026-02-30","status":"passed","title":"rejects 2026-02-30","duration":0.057458999999994376,"failureMessages":[],"location":{"line":21,"column":62},"meta":{},"tags":[],"benchmarks":[]},{"ancestorTitles":["R-06-14 planning business dates are calendar dates in every club zone"],"fullName":"R-06-14 planning business dates are calendar dates in every club zone rejects hola","status":"passed","title":"rejects hola","duration":0.031207999999992353,"failureMessages":[],"location":{"line":21,"column":62},"meta":{},"tags":[],"benchmarks":[]},{"ancestorTitles":["R-06-14 planning business dates are calendar dates in every club zone"],"fullName":"R-06-14 planning business dates are calendar dates in every club zone parses masked dates only when they are real","status":"passed","title":"parses masked dates only when they are real","duration":0.34845800000005056,"failureMessages":[],"location":{"line":25,"column":3},"meta":{},"tags":[],"benchmarks":[]}],"startTime":1790377558173,"endTime":1790377558187.3484,"status":"passed","message":"","name":"/Users/jordib/dev/agilityhub/agilityhub-core-web/apps/clubs-admin/src/planning/plain-dates.test.ts"}]}