{"numTotalTestSuites":38,"numPassedTestSuites":38,"numFailedTestSuites":0,"numPendingTestSuites":0,"numTotalTests":167,"numPassedTests":167,"numFailedTests":0,"numPendingTests":0,"numTodoTests":0,"snapshot":{"added":0,"failure":false,"filesAdded":0,"filesRemoved":0,"filesRemovedList":[],"filesUnmatched":0,"filesUpdated":0,"matched":0,"total":0,"unchecked":0,"uncheckedKeysByFile":[],"unmatched":0,"updated":0,"didUpdate":false},"startTime":1790377551244,"success":true,"testResults":[{"assertionResults":[{"ancestorTitles":["T-02-14 clubs shell"],"fullName":"T-02-14 clubs shell uses the compact mark with the runtime club name","status":"passed","title":"uses the compact mark with the runtime club name","duration":83.4011660000001,"failureMessages":[],"location":{"line":129,"column":3},"meta":{},"tags":[],"benchmarks":[]},{"ancestorTitles":["T-02-14 clubs shell"],"fullName":"T-02-14 clubs shell filters the six-tab mockup navigation by modules and roles","status":"passed","title":"filters the six-tab mockup navigation by modules and roles","duration":31.376207999999906,"failureMessages":[],"location":{"line":143,"column":3},"meta":{},"tags":[],"benchmarks":[]},{"ancestorTitles":["T-02-14 clubs shell"],"fullName":"T-02-14 clubs shell E4-W03 turns the «Avui» slot into «Visió global» for the instructor profile","status":"passed","title":"E4-W03 turns the «Avui» slot into «Visió global» for the instructor profile","duration":12.129042000000027,"failureMessages":[],"location":{"line":155,"column":3},"meta":{},"tags":[],"benchmarks":[]},{"ancestorTitles":["T-02-14 clubs shell"],"fullName":"T-02-14 clubs shell omits Entrenaments when FREE_TRAINING is disabled","status":"passed","title":"omits Entrenaments when FREE_TRAINING is disabled","duration":8.77195800000004,"failureMessages":[],"location":{"line":166,"column":3},"meta":{},"tags":[],"benchmarks":[]},{"ancestorTitles":["T-02-14 clubs shell"],"fullName":"T-02-14 clubs shell registers every mobile route from the frontend plan","status":"passed","title":"registers every mobile route from the frontend plan","duration":1.1530829999999241,"failureMessages":[],"location":{"line":173,"column":3},"meta":{},"tags":[],"benchmarks":[]},{"ancestorTitles":["T-01-18 access screen"],"fullName":"T-01-18 access screen uses the exact access actions, focuses an empty email and gates signup","status":"passed","title":"uses the exact access actions, focuses an empty email and gates signup","duration":50.058249999999816,"failureMessages":[],"location":{"line":211,"column":3},"meta":{},"tags":[],"benchmarks":[]},{"ancestorTitles":["T-01-18 access screen"],"fullName":"T-01-18 access screen shows the Retry-After countdown and disables requests","status":"passed","title":"shows the Retry-After countdown and disables requests","duration":20.348625000000084,"failureMessages":[],"location":{"line":273,"column":3},"meta":{},"tags":[],"benchmarks":[]},{"ancestorTitles":["T-01-19 activation screen"],"fullName":"T-01-19 activation screen renders gender-aware, reset and invalid-link variants","status":"passed","title":"renders gender-aware, reset and invalid-link variants","duration":66.34595800000011,"failureMessages":[],"location":{"line":298,"column":3},"meta":{},"tags":[],"benchmarks":[]},{"ancestorTitles":["T-01-20 profile choice"],"fullName":"T-01-20 profile choice shows cards for every available role and sends the remember choice","status":"passed","title":"shows cards for every available role and sends the remember choice","duration":19.870249999999942,"failureMessages":[],"location":{"line":338,"column":3},"meta":{},"tags":[],"benchmarks":[]},{"ancestorTitles":["T-01-21 profile access rows and impersonation"],"fullName":"T-01-21 profile access rows and impersonation renders the mockup rows in order without account sessions or backoffice handoff","status":"passed","title":"renders the mockup rows in order without account sessions or backoffice handoff","duration":49.76883399999997,"failureMessages":[],"location":{"line":362,"column":3},"meta":{},"tags":[],"benchmarks":[]},{"ancestorTitles":["T-01-21 profile access rows and impersonation"],"fullName":"T-01-21 profile access rows and impersonation keeps the impersonation banner visible from /me","status":"passed","title":"keeps the impersonation banner visible from /me","duration":14.029875000000175,"failureMessages":[],"location":{"line":423,"column":3},"meta":{},"tags":[],"benchmarks":[]},{"ancestorTitles":["E4-W08 S07 §6 /activitats/:id is for MEMBER and impersonated sessions (AGENTS rule 3)"],"fullName":"E4-W08 S07 §6 /activitats/:id is for MEMBER and impersonated sessions (AGENTS rule 3) an instructor-only session gets the usual no-access path: no detail, no /me/activities call","status":"passed","title":"an instructor-only session gets the usual no-access path: no detail, no /me/activities call","duration":413.48683300000016,"failureMessages":[],"location":{"line":467,"column":3},"meta":{},"tags":[],"benchmarks":[]},{"ancestorTitles":["E4-W08 S07 §6 /activitats/:id is for MEMBER and impersonated sessions (AGENTS rule 3)"],"fullName":"E4-W08 S07 §6 /activitats/:id is for MEMBER and impersonated sessions (AGENTS rule 3) a member session opens the detail","status":"passed","title":"a member session opens the detail","duration":29.283500000000004,"failureMessages":[],"location":{"line":484,"column":3},"meta":{},"tags":[],"benchmarks":[]},{"ancestorTitles":["E4-W08 S07 §6 /activitats/:id is for MEMBER and impersonated sessions (AGENTS rule 3)"],"fullName":"E4-W08 S07 §6 /activitats/:id is for MEMBER and impersonated sessions (AGENTS rule 3) an impersonated session opens the detail and its cancellation asks for «Motiu»","status":"passed","title":"an impersonated session opens the detail and its cancellation asks for «Motiu»","duration":28.103166999999985,"failureMessages":[],"location":{"line":499,"column":3},"meta":{},"tags":[],"benchmarks":[]},{"ancestorTitles":["T-01-26 imported-account onboarding and policy re-consent"],"fullName":"T-01-26 imported-account onboarding and policy re-consent renders configured fields and sends consent, profile data and image choice","status":"passed","title":"renders configured fields and sends consent, profile data and image choice","duration":27.92558299999996,"failureMessages":[],"location":{"line":523,"column":3},"meta":{},"tags":[],"benchmarks":[]},{"ancestorTitles":["T-01-26 imported-account onboarding and policy re-consent"],"fullName":"T-01-26 imported-account onboarding and policy re-consent redirects blocking onboarding and permits a policy postponement","status":"passed","title":"redirects blocking onboarding and permits a policy postponement","duration":80.97137499999985,"failureMessages":[],"location":{"line":566,"column":3},"meta":{},"tags":[],"benchmarks":[]},{"ancestorTitles":["T-01-26 imported-account onboarding and policy re-consent"],"fullName":"T-01-26 imported-account onboarding and policy re-consent reloads an outdated policy version before accepting it","status":"passed","title":"reloads an outdated policy version before accepting it","duration":34.90037500000017,"failureMessages":[],"location":{"line":601,"column":3},"meta":{},"tags":[],"benchmarks":[]},{"ancestorTitles":["T-01-26 imported-account onboarding and policy re-consent"],"fullName":"T-01-26 imported-account onboarding and policy re-consent renders the screen and pop-up in Catalan, Spanish and English","status":"passed","title":"renders the screen and pop-up in Catalan, Spanish and English","duration":64.47624999999994,"failureMessages":[],"location":{"line":639,"column":3},"meta":{},"tags":[],"benchmarks":[]},{"ancestorTitles":["T-03-40 mobile own dogs"],"fullName":"T-03-40 mobile own dogs renders own dogs, saves the note, shows task totals and gates TASKS","status":"passed","title":"renders own dogs, saves the note, shows task totals and gates TASKS","duration":48.97333299999991,"failureMessages":[],"location":{"line":669,"column":3},"meta":{},"tags":[],"benchmarks":[]},{"ancestorTitles":["T-03-40 mobile own dogs"],"fullName":"T-03-40 mobile own dogs E36 (R-04-25): a dog added from the app shows «pendent de validació» and has no actions","status":"passed","title":"E36 (R-04-25): a dog added from the app shows «pendent de validació» and has no actions","duration":20.812916999999743,"failureMessages":[],"location":{"line":710,"column":3},"meta":{},"tags":[],"benchmarks":[]},{"ancestorTitles":["T-03-40 E3-W12 screen 13 without /parameters (S03 §6 GET /me/dogs, R-03-15, R-03-30, R-03-32)"],"fullName":"T-03-40 E3-W12 screen 13 without /parameters (S03 §6 GET /me/dogs, R-03-15, R-03-30, R-03-32) step 1: «＋ DOC.» offers the club's three types of GET /me/dogs in order, «Assegurança» sends INSURANCE, and /parameters is never read","status":"passed","title":"step 1: «＋ DOC.» offers the club's three types of GET /me/dogs in order, «Assegurança» sends INSURANCE, and /parameters is never read","duration":37.58916700000009,"failureMessages":[],"location":{"line":793,"column":3},"meta":{},"tags":[],"benchmarks":[]},{"ancestorTitles":["T-03-40 E3-W12 screen 13 without /parameters (S03 §6 GET /me/dogs, R-03-15, R-03-30, R-03-32)"],"fullName":"T-03-40 E3-W12 screen 13 without /parameters (S03 §6 GET /me/dogs, R-03-15, R-03-30, R-03-32) step 1: the labels are the reader's (es), as GET /me/dogs resolves them","status":"passed","title":"step 1: the labels are the reader's (es), as GET /me/dogs resolves them","duration":20.353541000000405,"failureMessages":[],"location":{"line":818,"column":3},"meta":{},"tags":[],"benchmarks":[]},{"ancestorTitles":["T-03-40 E3-W12 screen 13 without /parameters (S03 §6 GET /me/dogs, R-03-15, R-03-30, R-03-32)"],"fullName":"T-03-40 E3-W12 screen 13 without /parameters (S03 §6 GET /me/dogs, R-03-15, R-03-30, R-03-32) step 2: «Nivell {codi}» only when the dog carries its level (none without levels.enabled), without reading /parameters","status":"passed","title":"step 2: «Nivell {codi}» only when the dog carries its level (none without levels.enabled), without reading /parameters","duration":22.89620799999966,"failureMessages":[],"location":{"line":826,"column":3},"meta":{},"tags":[],"benchmarks":[]},{"ancestorTitles":["T-03-41 mobile own data"],"fullName":"T-03-41 mobile own data keeps identity read-only, resolves towns, maps READ_ONLY and gates billing","status":"passed","title":"keeps identity read-only, resolves towns, maps READ_ONLY and gates billing","duration":47.59662500000013,"failureMessages":[],"location":{"line":844,"column":3},"meta":{},"tags":[],"benchmarks":[]},{"ancestorTitles":["T-03-41 mobile own data"],"fullName":"T-03-41 mobile own data validates DNI, NIE, phone and postal code from the country profile","status":"passed","title":"validates DNI, NIE, phone and postal code from the country profile","duration":0.3731660000003103,"failureMessages":[],"location":{"line":884,"column":3},"meta":{},"tags":[],"benchmarks":[]}],"startTime":1790377552277,"endTime":1790377553512.5967,"status":"passed","message":"","name":"/Users/jordib/dev/agilityhub/agilityhub-core-web/apps/clubs/src/App.test.tsx"},{"assertionResults":[{"ancestorTitles":["T-05-CP-07 screen 30 Info"],"fullName":"T-05-CP-07 screen 30 Info shows FAQ, rules and other active pages only","status":"passed","title":"shows FAQ, rules and other active pages only","duration":112.05612499999995,"failureMessages":[],"location":{"line":55,"column":3},"meta":{},"tags":[],"benchmarks":[]},{"ancestorTitles":["T-05-CP-07 screen 30 Info"],"fullName":"T-05-CP-07 screen 30 Info keeps Info available without the FAQ module and omits the FAQ tab","status":"passed","title":"keeps Info available without the FAQ module and omits the FAQ tab","duration":14.364084000000048,"failureMessages":[],"location":{"line":72,"column":3},"meta":{},"tags":[],"benchmarks":[]}],"startTime":1790377552200,"endTime":1790377552326.364,"status":"passed","message":"","name":"/Users/jordib/dev/agilityhub/agilityhub-core-web/apps/clubs/src/InfoPage.test.tsx"},{"assertionResults":[{"ancestorTitles":["T-04-29 signup person and draft"],"fullName":"T-04-29 signup person and draft persists a current draft, expires it after 24 hours and maps identity states","status":"passed","title":"persists a current draft, expires it after 24 hours and maps identity states","duration":265.29591600000003,"failureMessages":[],"location":{"line":284,"column":3},"meta":{},"tags":[],"benchmarks":[]},{"ancestorTitles":["T-04-29 signup person and draft"],"fullName":"T-04-29 signup person and draft keeps the draft and refetches localized configuration after a language change","status":"passed","title":"keeps the draft and refetches localized configuration after a language change","duration":43.162874999999985,"failureMessages":[],"location":{"line":317,"column":3},"meta":{},"tags":[],"benchmarks":[]},{"ancestorTitles":["T-04-29 signup person and draft"],"fullName":"T-04-29 signup person and draft masks and validates the browser-independent birth date control","status":"passed","title":"masks and validates the browser-independent birth date control","duration":68.39470899999992,"failureMessages":[],"location":{"line":329,"column":3},"meta":{},"tags":[],"benchmarks":[]},{"ancestorTitles":["T-04-29 signup person and draft"],"fullName":"T-04-29 signup person and draft M2 checks the ES postal code and a past birth date from 1900 before any request","status":"passed","title":"M2 checks the ES postal code and a past birth date from 1900 before any request","duration":80.22625000000016,"failureMessages":[],"location":{"line":341,"column":3},"meta":{},"tags":[],"benchmarks":[]},{"ancestorTitles":["T-04-29 signup person and draft"],"fullName":"T-04-29 signup person and draft focuses the first error after it renders and links each field to its message","status":"passed","title":"focuses the first error after it renders and links each field to its message","duration":24.104417000000012,"failureMessages":[],"location":{"line":358,"column":3},"meta":{},"tags":[],"benchmarks":[]},{"ancestorTitles":["T-04-29 signup person and draft"],"fullName":"T-04-29 signup person and draft keeps fields typed while the town lookup is in flight","status":"passed","title":"keeps fields typed while the town lookup is in flight","duration":80.59937500000001,"failureMessages":[],"location":{"line":377,"column":3},"meta":{},"tags":[],"benchmarks":[]},{"ancestorTitles":["T-04-29 signup person and draft"],"fullName":"T-04-29 signup person and draft GENERIC profile: the first document type of the profile and an editable prefix","status":"passed","title":"GENERIC profile: the first document type of the profile and an editable prefix","duration":63.59891700000003,"failureMessages":[],"location":{"line":407,"column":3},"meta":{},"tags":[],"benchmarks":[]},{"ancestorTitles":["T-04-30 signup dog, uploads, plans and module gates"],"fullName":"T-04-30 signup dog, uploads, plans and module gates uploads sequentially named vaccination pages and renders API plans","status":"passed","title":"uploads sequentially named vaccination pages and renders API plans","duration":53.51604100000009,"failureMessages":[],"location":{"line":450,"column":3},"meta":{},"tags":[],"benchmarks":[]},{"ancestorTitles":["T-04-30 signup dog, uploads, plans and module gates"],"fullName":"T-04-30 signup dog, uploads, plans and module gates removes amounts without BILLING and the family offer and step without FAMILY_GROUP","status":"passed","title":"removes amounts without BILLING and the family offer and step without FAMILY_GROUP","duration":30.18491700000004,"failureMessages":[],"location":{"line":497,"column":3},"meta":{},"tags":[],"benchmarks":[]},{"ancestorTitles":["T-04-30 signup dog, uploads, plans and module gates"],"fullName":"T-04-30 signup dog, uploads, plans and module gates gates offerLabel by FAMILY_GROUP even when the configuration sends it","status":"passed","title":"gates offerLabel by FAMILY_GROUP even when the configuration sends it","duration":14.963625000000093,"failureMessages":[],"location":{"line":511,"column":3},"meta":{},"tags":[],"benchmarks":[]},{"ancestorTitles":["T-04-30 signup dog, uploads, plans and module gates"],"fullName":"T-04-30 signup dog, uploads, plans and module gates validates and normalises the chip per country profile and the birth month","status":"passed","title":"validates and normalises the chip per country profile and the birth month","duration":58.164000000000215,"failureMessages":[],"location":{"line":521,"column":3},"meta":{},"tags":[],"benchmarks":[]},{"ancestorTitles":["T-04-30 signup dog, uploads, plans and module gates"],"fullName":"T-04-30 signup dog, uploads, plans and module gates keeps fields typed while an upload is in flight","status":"passed","title":"keeps fields typed while an upload is in flight","duration":76.29429200000004,"failureMessages":[],"location":{"line":553,"column":3},"meta":{},"tags":[],"benchmarks":[]},{"ancestorTitles":["T-04-31 signup family lookup"],"fullName":"T-04-31 signup family lookup continues empty, resolves the fixture family and supports a pending lookup","status":"passed","title":"continues empty, resolves the fixture family and supports a pending lookup","duration":54.652708000000075,"failureMessages":[],"location":{"line":584,"column":3},"meta":{},"tags":[],"benchmarks":[]},{"ancestorTitles":["T-04-31 signup family lookup"],"fullName":"T-04-31 signup family lookup keeps the dog draft when returning from the family step","status":"passed","title":"keeps the dog draft when returning from the family step","duration":27.248374999999896,"failureMessages":[],"location":{"line":627,"column":3},"meta":{},"tags":[],"benchmarks":[]},{"ancestorTitles":["T-04-31 signup family lookup"],"fullName":"T-04-31 signup family lookup prefills the account holder with the group holder when the group is found (R-04-10)","status":"passed","title":"prefills the account holder with the group holder when the group is found (R-04-10)","duration":19.929959000000053,"failureMessages":[],"location":{"line":641,"column":3},"meta":{},"tags":[],"benchmarks":[]},{"ancestorTitles":["T-04-32 signup payment, checkout and add-dog mode"],"fullName":"T-04-32 signup payment, checkout and add-dog mode renders API totals and payment conditions and submits only after privacy consent","status":"passed","title":"renders API totals and payment conditions and submits only after privacy consent","duration":36.556041999999934,"failureMessages":[],"location":{"line":658,"column":3},"meta":{},"tags":[],"benchmarks":[]},{"ancestorTitles":["T-04-32 signup payment, checkout and add-dog mode"],"fullName":"T-04-32 signup payment, checkout and add-dog mode shows each payment text only under its method (T-04-32, M7 web half)","status":"passed","title":"shows each payment text only under its method (T-04-32, M7 web half)","duration":36.57524999999987,"failureMessages":[],"location":{"line":716,"column":3},"meta":{},"tags":[],"benchmarks":[]},{"ancestorTitles":["T-04-32 signup payment, checkout and add-dog mode"],"fullName":"T-04-32 signup payment, checkout and add-dog mode redirects through checkout when Stripe is enabled","status":"passed","title":"redirects through checkout when Stripe is enabled","duration":26.91450000000009,"failureMessages":[],"location":{"line":744,"column":3},"meta":{},"tags":[],"benchmarks":[]},{"ancestorTitles":["T-04-32 signup payment, checkout and add-dog mode"],"fullName":"T-04-32 signup payment, checkout and add-dog mode uses the member plan and payment method and posts the add-dog flow","status":"passed","title":"uses the member plan and payment method and posts the add-dog flow","duration":21.874915999999985,"failureMessages":[],"location":{"line":757,"column":3},"meta":{},"tags":[],"benchmarks":[]},{"ancestorTitles":["T-04-32 signup payment, checkout and add-dog mode"],"fullName":"T-04-32 signup payment, checkout and add-dog mode the add-dog success page does not promise a welcome email","status":"passed","title":"the add-dog success page does not promise a welcome email","duration":8.080209000000195,"failureMessages":[],"location":{"line":771,"column":3},"meta":{},"tags":[],"benchmarks":[]},{"ancestorTitles":["T-04-32 signup payment, checkout and add-dog mode"],"fullName":"T-04-32 signup payment, checkout and add-dog mode sends notesToInstructors from 17 and holderTaxId from 19 (§2, §3)","status":"passed","title":"sends notesToInstructors from 17 and holderTaxId from 19 (§2, §3)","duration":38.41337500000009,"failureMessages":[],"location":{"line":778,"column":3},"meta":{},"tags":[],"benchmarks":[]},{"ancestorTitles":["T-04-32 signup payment, checkout and add-dog mode"],"fullName":"T-04-32 signup payment, checkout and add-dog mode drops the IBAN from the session draft when the method changes away from SEPA","status":"passed","title":"drops the IBAN from the session draft when the method changes away from SEPA","duration":25.007458999999926,"failureMessages":[],"location":{"line":801,"column":3},"meta":{},"tags":[],"benchmarks":[]},{"ancestorTitles":["T-04-32 signup payment, checkout and add-dog mode"],"fullName":"T-04-32 signup payment, checkout and add-dog mode checks the IBAN mod-97 before sending","status":"passed","title":"checks the IBAN mod-97 before sending","duration":21.76675000000023,"failureMessages":[],"location":{"line":816,"column":3},"meta":{},"tags":[],"benchmarks":[]},{"ancestorTitles":["T-04-32 signup payment, checkout and add-dog mode"],"fullName":"T-04-32 signup payment, checkout and add-dog mode omits planId and planIdRequested when the club has no signup plans (R-04-09)","status":"passed","title":"omits planId and planIdRequested when the club has no signup plans (R-04-09)","duration":34.68841599999996,"failureMessages":[],"location":{"line":835,"column":3},"meta":{},"tags":[],"benchmarks":[]},{"ancestorTitles":["T-04-32 signup payment, checkout and add-dog mode"],"fullName":"T-04-32 signup payment, checkout and add-dog mode hides the honeypot from assistive technology and the tab order","status":"passed","title":"hides the honeypot from assistive technology and the tab order","duration":12.526375000000371,"failureMessages":[],"location":{"line":868,"column":3},"meta":{},"tags":[],"benchmarks":[]},{"ancestorTitles":["T-04-32 signup payment, checkout and add-dog mode"],"fullName":"T-04-32 signup payment, checkout and add-dog mode reads the image-consent text from texts.imageConsent, then legal.imageConsentText","status":"passed","title":"reads the image-consent text from texts.imageConsent, then legal.imageConsentText","duration":33.25824999999986,"failureMessages":[],"location":{"line":877,"column":3},"meta":{},"tags":[],"benchmarks":[]},{"ancestorTitles":["B1 identity document at submission (R-04-01)"],"fullName":"B1 identity document at submission (R-04-01) submits a DNI applicant with the identity-check document","status":"passed","title":"submits a DNI applicant with the identity-check document","duration":20.663790999999947,"failureMessages":[],"location":{"line":908,"column":5},"meta":{},"tags":[],"benchmarks":[]},{"ancestorTitles":["B1 identity document at submission (R-04-01)"],"fullName":"B1 identity document at submission (R-04-01) submits a NIE applicant with the identity-check document","status":"passed","title":"submits a NIE applicant with the identity-check document","duration":22.640084000000115,"failureMessages":[],"location":{"line":908,"column":5},"meta":{},"tags":[],"benchmarks":[]},{"ancestorTitles":["B1 identity document at submission (R-04-01)"],"fullName":"B1 identity document at submission (R-04-01) submits a passport only applicant with the identity-check document","status":"passed","title":"submits a passport only applicant with the identity-check document","duration":20.784999999999854,"failureMessages":[],"location":{"line":908,"column":5},"meta":{},"tags":[],"benchmarks":[]},{"ancestorTitles":["M1 stable retries (CONVENCIONS_API §7, R-04-26/27)"],"fullName":"M1 stable retries (CONVENCIONS_API §7, R-04-26/27) retries a lost 201 with the same Idempotency-Key and gets the same 201","status":"passed","title":"retries a lost 201 with the same Idempotency-Key and gets the same 201","duration":30.97504200000003,"failureMessages":[],"location":{"line":924,"column":3},"meta":{},"tags":[],"benchmarks":[]},{"ancestorTitles":["M1 stable retries (CONVENCIONS_API §7, R-04-26/27)"],"fullName":"M1 stable retries (CONVENCIONS_API §7, R-04-26/27) changing a payload field after a failure uses a new key","status":"passed","title":"changing a payload field after a failure uses a new key","duration":32.800083000000086,"failureMessages":[],"location":{"line":955,"column":3},"meta":{},"tags":[],"benchmarks":[]},{"ancestorTitles":["M1 stable retries (CONVENCIONS_API §7, R-04-26/27)"],"fullName":"M1 stable retries (CONVENCIONS_API §7, R-04-26/27) add-dog: a lost 201 is replayed, never DOG_CHIP_ALREADY_REGISTERED for the member's own dog","status":"passed","title":"add-dog: a lost 201 is replayed, never DOG_CHIP_ALREADY_REGISTERED for the member's own dog","duration":28.223375000000033,"failureMessages":[],"location":{"line":974,"column":3},"meta":{},"tags":[],"benchmarks":[]},{"ancestorTitles":["M1 stable retries (CONVENCIONS_API §7, R-04-26/27)"],"fullName":"M1 stable retries (CONVENCIONS_API §7, R-04-26/27) a cancelled checkout returns to 19 with the data and retries only the checkout","status":"passed","title":"a cancelled checkout returns to 19 with the data and retries only the checkout","duration":93.7830829999998,"failureMessages":[],"location":{"line":1003,"column":3},"meta":{},"tags":[],"benchmarks":[]},{"ancestorTitles":["M2 api errors land on their field and step (§2, CATALEG_ERRORS)"],"fullName":"M2 api errors land on their field and step (§2, CATALEG_ERRORS) INVALID_ID_DOCUMENT (400) → /apuntat-hi","status":"passed","title":"INVALID_ID_DOCUMENT (400) → /apuntat-hi","duration":34.83020800000031,"failureMessages":[],"location":{"line":1092,"column":17},"meta":{},"tags":[],"benchmarks":[]},{"ancestorTitles":["M2 api errors land on their field and step (§2, CATALEG_ERRORS)"],"fullName":"M2 api errors land on their field and step (§2, CATALEG_ERRORS) ID_DOCUMENT_AMBIGUOUS (422) → /apuntat-hi","status":"passed","title":"ID_DOCUMENT_AMBIGUOUS (422) → /apuntat-hi","duration":30.954583000000184,"failureMessages":[],"location":{"line":1092,"column":17},"meta":{},"tags":[],"benchmarks":[]},{"ancestorTitles":["M2 api errors land on their field and step (§2, CATALEG_ERRORS)"],"fullName":"M2 api errors land on their field and step (§2, CATALEG_ERRORS) INVALID_PHONE (400) → /apuntat-hi","status":"passed","title":"INVALID_PHONE (400) → /apuntat-hi","duration":27.110666000000037,"failureMessages":[],"location":{"line":1092,"column":17},"meta":{},"tags":[],"benchmarks":[]},{"ancestorTitles":["M2 api errors land on their field and step (§2, CATALEG_ERRORS)"],"fullName":"M2 api errors land on their field and step (§2, CATALEG_ERRORS) INVALID_IBAN (400) → undefined","status":"passed","title":"INVALID_IBAN (400) → undefined","duration":23.021624999999858,"failureMessages":[],"location":{"line":1092,"column":17},"meta":{},"tags":[],"benchmarks":[]},{"ancestorTitles":["M2 api errors land on their field and step (§2, CATALEG_ERRORS)"],"fullName":"M2 api errors land on their field and step (§2, CATALEG_ERRORS) PLAN_NOT_AVAILABLE (422) → /apuntat-hi/gos","status":"passed","title":"PLAN_NOT_AVAILABLE (422) → /apuntat-hi/gos","duration":28.28270799999973,"failureMessages":[],"location":{"line":1092,"column":17},"meta":{},"tags":[],"benchmarks":[]},{"ancestorTitles":["M2 api errors land on their field and step (§2, CATALEG_ERRORS)"],"fullName":"M2 api errors land on their field and step (§2, CATALEG_ERRORS) DOG_DOCUMENT_REQUIRED (422) → /apuntat-hi/gos","status":"passed","title":"DOG_DOCUMENT_REQUIRED (422) → /apuntat-hi/gos","duration":23.591334000000188,"failureMessages":[],"location":{"line":1092,"column":17},"meta":{},"tags":[],"benchmarks":[]},{"ancestorTitles":["M2 api errors land on their field and step (§2, CATALEG_ERRORS)"],"fullName":"M2 api errors land on their field and step (§2, CATALEG_ERRORS) FILE_NOT_FOUND (400) → /apuntat-hi/gos","status":"passed","title":"FILE_NOT_FOUND (400) → /apuntat-hi/gos","duration":23.958542000000307,"failureMessages":[],"location":{"line":1092,"column":17},"meta":{},"tags":[],"benchmarks":[]},{"ancestorTitles":["M2 api errors land on their field and step (§2, CATALEG_ERRORS)"],"fullName":"M2 api errors land on their field and step (§2, CATALEG_ERRORS) DOG_CHIP_ALREADY_REGISTERED (422) → /apuntat-hi/gos","status":"passed","title":"DOG_CHIP_ALREADY_REGISTERED (422) → /apuntat-hi/gos","duration":23.136749999999665,"failureMessages":[],"location":{"line":1092,"column":17},"meta":{},"tags":[],"benchmarks":[]},{"ancestorTitles":["M2 api errors land on their field and step (§2, CATALEG_ERRORS)"],"fullName":"M2 api errors land on their field and step (§2, CATALEG_ERRORS) FAMILY_HOLDER_NOT_FOUND (422) → /apuntat-hi/familia","status":"passed","title":"FAMILY_HOLDER_NOT_FOUND (422) → /apuntat-hi/familia","duration":21.21895799999993,"failureMessages":[],"location":{"line":1092,"column":17},"meta":{},"tags":[],"benchmarks":[]},{"ancestorTitles":["M2 api errors land on their field and step (§2, CATALEG_ERRORS)"],"fullName":"M2 api errors land on their field and step (§2, CATALEG_ERRORS) CONSENT_VERSION_OUTDATED (422) → undefined","status":"passed","title":"CONSENT_VERSION_OUTDATED (422) → undefined","duration":23.203250000000025,"failureMessages":[],"location":{"line":1092,"column":17},"meta":{},"tags":[],"benchmarks":[]},{"ancestorTitles":["M2 api errors land on their field and step (§2, CATALEG_ERRORS)"],"fullName":"M2 api errors land on their field and step (§2, CATALEG_ERRORS) MEMBER_ALREADY_EXISTS (409) → /apuntat-hi","status":"passed","title":"MEMBER_ALREADY_EXISTS (409) → /apuntat-hi","duration":24.567457999999988,"failureMessages":[],"location":{"line":1092,"column":17},"meta":{},"tags":[],"benchmarks":[]},{"ancestorTitles":["M2 api errors land on their field and step (§2, CATALEG_ERRORS)"],"fullName":"M2 api errors land on their field and step (§2, CATALEG_ERRORS) SIGNUP_ALREADY_PENDING (422) → /apuntat-hi","status":"passed","title":"SIGNUP_ALREADY_PENDING (422) → /apuntat-hi","duration":23.99979200000007,"failureMessages":[],"location":{"line":1092,"column":17},"meta":{},"tags":[],"benchmarks":[]},{"ancestorTitles":["M2 api errors land on their field and step (§2, CATALEG_ERRORS)"],"fullName":"M2 api errors land on their field and step (§2, CATALEG_ERRORS) SIGNUP_CLOSED (422) → undefined","status":"passed","title":"SIGNUP_CLOSED (422) → undefined","duration":21.43166599999995,"failureMessages":[],"location":{"line":1092,"column":17},"meta":{},"tags":[],"benchmarks":[]},{"ancestorTitles":["M2 api errors land on their field and step (§2, CATALEG_ERRORS)"],"fullName":"M2 api errors land on their field and step (§2, CATALEG_ERRORS) RATE_LIMITED (429) → undefined","status":"passed","title":"RATE_LIMITED (429) → undefined","duration":19.546834000000217,"failureMessages":[],"location":{"line":1092,"column":17},"meta":{},"tags":[],"benchmarks":[]},{"ancestorTitles":["M2 api errors land on their field and step (§2, CATALEG_ERRORS)"],"fullName":"M2 api errors land on their field and step (§2, CATALEG_ERRORS) PAYMENT_METHOD_NOT_AVAILABLE (422) → undefined","status":"passed","title":"PAYMENT_METHOD_NOT_AVAILABLE (422) → undefined","duration":21.191291999999976,"failureMessages":[],"location":{"line":1092,"column":17},"meta":{},"tags":[],"benchmarks":[]},{"ancestorTitles":["M2 api errors land on their field and step (§2, CATALEG_ERRORS)"],"fullName":"M2 api errors land on their field and step (§2, CATALEG_ERRORS) SOMETHING_NEW (422) → undefined","status":"passed","title":"SOMETHING_NEW (422) → undefined","duration":21.342875000000276,"failureMessages":[],"location":{"line":1092,"column":17},"meta":{},"tags":[],"benchmarks":[]},{"ancestorTitles":["M2 api errors land on their field and step (§2, CATALEG_ERRORS)"],"fullName":"M2 api errors land on their field and step (§2, CATALEG_ERRORS) VALIDATION_ERROR (400) → /apuntat-hi","status":"passed","title":"VALIDATION_ERROR (400) → /apuntat-hi","duration":24.23358300000018,"failureMessages":[],"location":{"line":1092,"column":17},"meta":{},"tags":[],"benchmarks":[]},{"ancestorTitles":["M2 api errors land on their field and step (§2, CATALEG_ERRORS)"],"fullName":"M2 api errors land on their field and step (§2, CATALEG_ERRORS) VALIDATION_ERROR (400) → /apuntat-hi/gos","status":"passed","title":"VALIDATION_ERROR (400) → /apuntat-hi/gos","duration":22.89325000000008,"failureMessages":[],"location":{"line":1092,"column":17},"meta":{},"tags":[],"benchmarks":[]},{"ancestorTitles":["M19 the consent version sent is the accepted one (R-04-17)"],"fullName":"M19 the consent version sent is the accepted one (R-04-17) clears an acceptance of other legal texts and sends the version accepted again","status":"passed","title":"clears an acceptance of other legal texts and sends the version accepted again","duration":25.676124999999956,"failureMessages":[],"location":{"line":1142,"column":3},"meta":{},"tags":[],"benchmarks":[]},{"ancestorTitles":["M19 the consent version sent is the accepted one (R-04-17)"],"fullName":"M19 the consent version sent is the accepted one (R-04-17) a saved acceptance of an older version is not carried into the new texts","status":"passed","title":"a saved acceptance of an older version is not carried into the new texts","duration":12.260166000000027,"failureMessages":[],"location":{"line":1180,"column":3},"meta":{},"tags":[],"benchmarks":[]},{"ancestorTitles":["E3-W06 round 2"],"fullName":"E3-W06 round 2 #1 an INVALID_IBAN from 19 stays on 19, on the IBAN field (production navigator)","status":"passed","title":"#1 an INVALID_IBAN from 19 stays on 19, on the IBAN field (production navigator)","duration":66.78679199999988,"failureMessages":[],"location":{"line":1244,"column":3},"meta":{},"tags":[],"benchmarks":[]},{"ancestorTitles":["E3-W06 round 2"],"fullName":"E3-W06 round 2 #1 an INVALID_ID_DOCUMENT routed to 16 survives the full page load and focuses the document","status":"passed","title":"#1 an INVALID_ID_DOCUMENT routed to 16 survives the full page load and focuses the document","duration":90.09891700000026,"failureMessages":[],"location":{"line":1266,"column":3},"meta":{},"tags":[],"benchmarks":[]},{"ancestorTitles":["E3-W06 round 2"],"fullName":"E3-W06 round 2 #2 after a cancelled checkout 19 is read-only and the retry charges the committed signup","status":"passed","title":"#2 after a cancelled checkout 19 is read-only and the retry charges the committed signup","duration":120.29183400000011,"failureMessages":[],"location":{"line":1293,"column":3},"meta":{},"tags":[],"benchmarks":[]},{"ancestorTitles":["E3-W06 round 2"],"fullName":"E3-W06 round 2 #3 the fingerprint is a SHA-256 digest and the IBAN leaves the draft after a failed submission","status":"passed","title":"#3 the fingerprint is a SHA-256 digest and the IBAN leaves the draft after a failed submission","duration":33.210207999999966,"failureMessages":[],"location":{"line":1346,"column":3},"meta":{},"tags":[],"benchmarks":[]},{"ancestorTitles":["E3-W06 round 2"],"fullName":"E3-W06 round 2 #3 a config reload that drops SEPA removes the IBAN from the draft","status":"passed","title":"#3 a config reload that drops SEPA removes the IBAN from the draft","duration":11.564832999999908,"failureMessages":[],"location":{"line":1368,"column":3},"meta":{},"tags":[],"benchmarks":[]},{"ancestorTitles":["E3-W06 round 2"],"fullName":"E3-W06 round 2 #4 a cleared FOUND claim gives the account holder back to the applicant (R-04-10)","status":"passed","title":"#4 a cleared FOUND claim gives the account holder back to the applicant (R-04-10)","duration":23.85566599999993,"failureMessages":[],"location":{"line":1392,"column":3},"meta":{},"tags":[],"benchmarks":[]},{"ancestorTitles":["E3-W06 round 2"],"fullName":"E3-W06 round 2 #4 a holder typed by the applicant is kept when the claim changes","status":"passed","title":"#4 a holder typed by the applicant is kept when the claim changes","duration":11.338249999999789,"failureMessages":[],"location":{"line":1411,"column":3},"meta":{},"tags":[],"benchmarks":[]},{"ancestorTitles":["E3-W06 round 2"],"fullName":"E3-W06 round 2 #5 the birth date is checked against the club's today, not the browser's","status":"passed","title":"#5 the birth date is checked against the club's today, not the browser's","duration":60.623165999999856,"failureMessages":[],"location":{"line":1426,"column":3},"meta":{},"tags":[],"benchmarks":[]},{"ancestorTitles":["E3-W06 round 2"],"fullName":"E3-W06 round 2 #5 the dog's birth month is checked against the club's month, not the browser's","status":"passed","title":"#5 the dog's birth month is checked against the club's month, not the browser's","duration":24.39233400000012,"failureMessages":[],"location":{"line":1445,"column":3},"meta":{},"tags":[],"benchmarks":[]},{"ancestorTitles":["E3-W08 step 1: the «Pagament inicial» card is the selected plan's quote (R-04-14/15, T-04-32)"],"fullName":"E3-W08 step 1: the «Pagament inicial» card is the selected plan's quote (R-04-14/15, T-04-32) 05-08-2026 (before the split day): a full month today, half a month from the 16th","status":"passed","title":"05-08-2026 (before the split day): a full month today, half a month from the 16th","duration":13.257207999999991,"failureMessages":[],"location":{"line":1491,"column":3},"meta":{},"tags":[],"benchmarks":[]},{"ancestorTitles":["E3-W08 step 1: the «Pagament inicial» card is the selected plan's quote (R-04-14/15, T-04-32)"],"fullName":"E3-W08 step 1: the «Pagament inicial» card is the selected plan's quote (R-04-14/15, T-04-32) 17-08-2026: half a month today, the 1st of September in full, a 130 € total; the total is never sent","status":"passed","title":"17-08-2026: half a month today, the 1st of September in full, a 130 € total; the total is never sent","duration":24.31750000000011,"failureMessages":[],"location":{"line":1506,"column":3},"meta":{},"tags":[],"benchmarks":[]},{"ancestorTitles":["E3-W08 step 1: the «Pagament inicial» card is the selected plan's quote (R-04-14/15, T-04-32)"],"fullName":"E3-W08 step 1: the «Pagament inicial» card is the selected plan's quote (R-04-14/15, T-04-32) 31-12-2026: the alternative starts on the 1st of January (full month)","status":"passed","title":"31-12-2026: the alternative starts on the 1st of January (full month)","duration":11.176124999999956,"failureMessages":[],"location":{"line":1528,"column":3},"meta":{},"tags":[],"benchmarks":[]},{"ancestorTitles":["E3-W08 step 1: the «Pagament inicial» card is the selected plan's quote (R-04-14/15, T-04-32)"],"fullName":"E3-W08 step 1: the «Pagament inicial» card is the selected plan's quote (R-04-14/15, T-04-32) Pack 6: the pack line and no start options; Teràpia: its 50 € entry fee only","status":"passed","title":"Pack 6: the pack line and no start options; Teràpia: its 50 € entry fee only","duration":17.931708999999955,"failureMessages":[],"location":{"line":1538,"column":3},"meta":{},"tags":[],"benchmarks":[]},{"ancestorTitles":["E3-W08 step 1: the «Pagament inicial» card is the selected plan's quote (R-04-14/15, T-04-32)"],"fullName":"E3-W08 step 1: the «Pagament inicial» card is the selected plan's quote (R-04-14/15, T-04-32) a zero line of the quote is hidden (no «Entrada 0,00 €»)","status":"passed","title":"a zero line of the quote is hidden (no «Entrada 0,00 €»)","duration":8.026875000000018,"failureMessages":[],"location":{"line":1556,"column":3},"meta":{},"tags":[],"benchmarks":[]},{"ancestorTitles":["E3-W08 step 1: the «Pagament inicial» card is the selected plan's quote (R-04-14/15, T-04-32)"],"fullName":"E3-W08 step 1: the «Pagament inicial» card is the selected plan's quote (R-04-14/15, T-04-32) add-dog: on day 26 only TODAY (after billing.upfrontCutoffDay); on day 17 the 1st of next month pays the entry fee only","status":"passed","title":"add-dog: on day 26 only TODAY (after billing.upfrontCutoffDay); on day 17 the 1st of next month pays the entry fee only","duration":32.34191699999974,"failureMessages":[],"location":{"line":1568,"column":3},"meta":{},"tags":[],"benchmarks":[]},{"ancestorTitles":["E3-W08 round 2: the card after the signup exists, and the line concepts"],"fullName":"E3-W08 round 2: the card after the signup exists, and the line concepts #3 submitted on 15-08 with a full month, retried on 16-08: the card keeps the frozen full month and its total","status":"passed","title":"#3 submitted on 15-08 with a full month, retried on 16-08: the card keeps the frozen full month and its total","duration":30.810667000000194,"failureMessages":[],"location":{"line":1605,"column":3},"meta":{},"tags":[],"benchmarks":[]},{"ancestorTitles":["E3-W08 round 2: the card after the signup exists, and the line concepts"],"fullName":"E3-W08 round 2: the card after the signup exists, and the line concepts #3 the core's result shape (`additionalDog: null`, paid amounts) still renders the frozen card","status":"passed","title":"#3 the core's result shape (`additionalDog: null`, paid amounts) still renders the frozen card","duration":28.95833300000004,"failureMessages":[],"location":{"line":1630,"column":3},"meta":{},"tags":[],"benchmarks":[]},{"ancestorTitles":["E3-W08 round 2: the card after the signup exists, and the line concepts"],"fullName":"E3-W08 round 2: the card after the signup exists, and the line concepts #3 a committed add-dog shows the api's frozen additional-dog choice","status":"passed","title":"#3 a committed add-dog shows the api's frozen additional-dog choice","duration":26.913208000000395,"failureMessages":[],"location":{"line":1666,"column":3},"meta":{},"tags":[],"benchmarks":[]},{"ancestorTitles":["E3-W08 round 2: the card after the signup exists, and the line concepts"],"fullName":"E3-W08 round 2: the card after the signup exists, and the line concepts #4 every concept of a quote line has its label; the start concepts are left to the start options","status":"passed","title":"#4 every concept of a quote line has its label; the start concepts are left to the start options","duration":10.604874999999993,"failureMessages":[],"location":{"line":1685,"column":3},"meta":{},"tags":[],"benchmarks":[]},{"ancestorTitles":["E3-W08 step 2: signed uploads forward the upload-URL headers (R-04-08, M16)"],"fullName":"E3-W08 step 2: signed uploads forward the upload-URL headers (R-04-08, M16) public signup: the PUT carries every header the storage signed","status":"passed","title":"public signup: the PUT carries every header the storage signed","duration":16.427958000000217,"failureMessages":[],"location":{"line":1705,"column":14},"meta":{},"tags":[],"benchmarks":[]},{"ancestorTitles":["E3-W08 step 2: signed uploads forward the upload-URL headers (R-04-08, M16)"],"fullName":"E3-W08 step 2: signed uploads forward the upload-URL headers (R-04-08, M16) add-dog: the PUT carries every header the storage signed","status":"passed","title":"add-dog: the PUT carries every header the storage signed","duration":14.907166000000416,"failureMessages":[],"location":{"line":1705,"column":14},"meta":{},"tags":[],"benchmarks":[]},{"ancestorTitles":["E3-W08 step 4: the signup flags (R-04-08, R-04-12)"],"fullName":"E3-W08 step 4: the signup flags (R-04-08, R-04-12) T-04-31 allowFamilyGroupPending=false: a NOT_FOUND claim offers no «Deixa-ho pendent»","status":"passed","title":"T-04-31 allowFamilyGroupPending=false: a NOT_FOUND claim offers no «Deixa-ho pendent»","duration":14.261582999999973,"failureMessages":[],"location":{"line":1726,"column":3},"meta":{},"tags":[],"benchmarks":[]},{"ancestorTitles":["E3-W08 step 4: the signup flags (R-04-08, R-04-12)"],"fullName":"E3-W08 step 4: the signup flags (R-04-08, R-04-12) T-04-31 allowFamilyGroupPending=true: the same claim can be left pending","status":"passed","title":"T-04-31 allowFamilyGroupPending=true: the same claim can be left pending","duration":15.526208000000224,"failureMessages":[],"location":{"line":1741,"column":3},"meta":{},"tags":[],"benchmarks":[]},{"ancestorTitles":["E3-W08 step 4: the signup flags (R-04-08, R-04-12)"],"fullName":"E3-W08 step 4: the signup flags (R-04-08, R-04-12) T-04-30 requireDogDocumentAtSignup=true: 17 requires the vaccination card with an actionable error","status":"passed","title":"T-04-30 requireDogDocumentAtSignup=true: 17 requires the vaccination card with an actionable error","duration":25.529583999999886,"failureMessages":[],"location":{"line":1753,"column":3},"meta":{},"tags":[],"benchmarks":[]},{"ancestorTitles":["E3-W08 step 4: the signup flags (R-04-08, R-04-12)"],"fullName":"E3-W08 step 4: the signup flags (R-04-08, R-04-12) T-04-30 requireDogDocumentAtSignup=false: 17 continues without a file and shows the optional note","status":"passed","title":"T-04-30 requireDogDocumentAtSignup=false: 17 continues without a file and shows the optional note","duration":13.958458000000064,"failureMessages":[],"location":{"line":1782,"column":3},"meta":{},"tags":[],"benchmarks":[]},{"ancestorTitles":["E3-W08 step 5: screens 16 and 17 and the public shell"],"fullName":"E3-W08 step 5: screens 16 and 17 and the public shell 17: each plan card shows its name, its conditions and its price, never the long description; no zero entry line","status":"passed","title":"17: each plan card shows its name, its conditions and its price, never the long description; no zero entry line","duration":14.348291000000245,"failureMessages":[],"location":{"line":1795,"column":3},"meta":{},"tags":[],"benchmarks":[]},{"ancestorTitles":["E3-W08 step 5: screens 16 and 17 and the public shell"],"fullName":"E3-W08 step 5: screens 16 and 17 and the public shell round 2 #6: a maintenance plan without an entry fee shows its minimum fee and no «Entrada a compte: 0,00 €»","status":"passed","title":"round 2 #6: a maintenance plan without an entry fee shows its minimum fee and no «Entrada a compte: 0,00 €»","duration":10.56616699999995,"failureMessages":[],"location":{"line":1825,"column":3},"meta":{},"tags":[],"benchmarks":[]},{"ancestorTitles":["E3-W08 step 5: screens 16 and 17 and the public shell"],"fullName":"E3-W08 step 5: screens 16 and 17 and the public shell 16 (R-04-02, T-04-03): «Població» is free with no town, fixed with one and a selector with several","status":"passed","title":"16 (R-04-02, T-04-03): «Població» is free with no town, fixed with one and a selector with several","duration":31.222957999999835,"failureMessages":[],"location":{"line":1837,"column":3},"meta":{},"tags":[],"benchmarks":[]},{"ancestorTitles":["E3-W08 step 5: screens 16 and 17 and the public shell"],"fullName":"E3-W08 step 5: screens 16 and 17 and the public shell 16: the «Ja ets soci…» card carries its ⓘ icon; the language selector its globe","status":"passed","title":"16: the «Ja ets soci…» card carries its ⓘ icon; the language selector its globe","duration":10.957958999999846,"failureMessages":[],"location":{"line":1866,"column":3},"meta":{},"tags":[],"benchmarks":[]},{"ancestorTitles":["E3-W08 step 5: screens 16 and 17 and the public shell"],"fullName":"E3-W08 step 5: screens 16 and 17 and the public shell the public footer reads «{legalName} · {taxId} · {city}» from /branding","status":"passed","title":"the public footer reads «{legalName} · {taxId} · {city}» from /branding","duration":23.296416999999565,"failureMessages":[],"location":{"line":1874,"column":3},"meta":{},"tags":[],"benchmarks":[]},{"ancestorTitles":["E3-W08 step 5: screens 16 and 17 and the public shell"],"fullName":"E3-W08 step 5: screens 16 and 17 and the public shell T-02-07 E3-W12 step 5 (S02 R-02-02, Jordi 25-09): the registered office from /branding legalAddress, below the first line","status":"passed","title":"T-02-07 E3-W12 step 5 (S02 R-02-02, Jordi 25-09): the registered office from /branding legalAddress, below the first line","duration":27.258708000000297,"failureMessages":[],"location":{"line":1905,"column":3},"meta":{},"tags":[],"benchmarks":[]},{"ancestorTitles":["E3-W08 step 5: screens 16 and 17 and the public shell"],"fullName":"E3-W08 step 5: screens 16 and 17 and the public shell A32: the club's primary buttons have dark text, AA against the primary, and BrandingProvider does not warn","status":"passed","title":"A32: the club's primary buttons have dark text, AA against the primary, and BrandingProvider does not warn","duration":8.43545899999981,"failureMessages":[],"location":{"line":1935,"column":3},"meta":{},"tags":[],"benchmarks":[]},{"ancestorTitles":["E3-W08 step 7: the three narrow cases of the E3-W06 round-2 review"],"fullName":"E3-W08 step 7: the three narrow cases of the E3-W06 round-2 review #1 a slow full page load: the departing page never renders nor consumes the destination's error","status":"passed","title":"#1 a slow full page load: the departing page never renders nor consumes the destination's error","duration":403.661959,"failureMessages":[],"location":{"line":1949,"column":3},"meta":{},"tags":[],"benchmarks":[]},{"ancestorTitles":["E3-W08 step 7: the three narrow cases of the E3-W06 round-2 review"],"fullName":"E3-W08 step 7: the three narrow cases of the E3-W06 round-2 review #2 a cancelled checkout is consumed once: cancel → retry → lost answer → reload → retry with the same key","status":"passed","title":"#2 a cancelled checkout is consumed once: cancel → retry → lost answer → reload → retry with the same key","duration":123.18862499999977,"failureMessages":[],"location":{"line":1976,"column":3},"meta":{},"tags":[],"benchmarks":[]},{"ancestorTitles":["E3-W08 step 7: the three narrow cases of the E3-W06 round-2 review"],"fullName":"E3-W08 step 7: the three narrow cases of the E3-W06 round-2 review round 2 #2: a page restored from the back-forward cache shows its step again, with the draft the next page left","status":"passed","title":"round 2 #2: a page restored from the back-forward cache shows its step again, with the draft the next page left","duration":30.24175000000014,"failureMessages":[],"location":{"line":2012,"column":3},"meta":{},"tags":[],"benchmarks":[]},{"ancestorTitles":["E3-W08 step 7: the three narrow cases of the E3-W06 round-2 review"],"fullName":"E3-W08 step 7: the three narrow cases of the E3-W06 round-2 review round 2 #2: a pageshow that is not a bfcache restore changes nothing","status":"passed","title":"round 2 #2: a pageshow that is not a bfcache restore changes nothing","duration":17.027540999999474,"failureMessages":[],"location":{"line":2043,"column":3},"meta":{},"tags":[],"benchmarks":[]},{"ancestorTitles":["E3-W08 step 7: the three narrow cases of the E3-W06 round-2 review"],"fullName":"E3-W08 step 7: the three narrow cases of the E3-W06 round-2 review #3 a passport-only applicant's INVALID_ID_DOCUMENT lands on the passport field","status":"passed","title":"#3 a passport-only applicant's INVALID_ID_DOCUMENT lands on the passport field","duration":79.79995800000052,"failureMessages":[],"location":{"line":2057,"column":3},"meta":{},"tags":[],"benchmarks":[]}],"startTime":1790377552227,"endTime":1790377555736.8,"status":"passed","message":"","name":"/Users/jordib/dev/agilityhub/agilityhub-core-web/apps/clubs/src/SignupPage.test.tsx"},{"assertionResults":[{"ancestorTitles":["T-07-30 app: block «Activitats» of 04, detail, rows of 03 and 25"],"fullName":"T-07-30 app: block «Activitats» of 04, detail, rows of 03 and 25 draws the 04 block with the exact badges; the full row with waitlist stays tappable","status":"passed","title":"draws the 04 block with the exact badges; the full row with waitlist stays tappable","duration":115.22008299999993,"failureMessages":[],"location":{"line":76,"column":3},"meta":{},"tags":[],"benchmarks":[]},{"ancestorTitles":["T-07-30 app: block «Activitats» of 04, detail, rows of 03 and 25"],"fullName":"T-07-30 app: block «Activitats» of 04, detail, rows of 03 and 25 R-07-14 without WAITLIST the full activity is «Completa» and inert; an open one without maximum is «Obertes»","status":"passed","title":"R-07-14 without WAITLIST the full activity is «Completa» and inert; an open one without maximum is «Obertes»","duration":43.59070799999995,"failureMessages":[],"location":{"line":97,"column":3},"meta":{},"tags":[],"benchmarks":[]},{"ancestorTitles":["T-07-30 app: block «Activitats» of 04, detail, rows of 03 and 25"],"fullName":"T-07-30 app: block «Activitats» of 04, detail, rows of 03 and 25 R-07-14 omits the block without ACTIVITIES","status":"passed","title":"R-07-14 omits the block without ACTIVITIES","duration":7.2904580000001715,"failureMessages":[],"location":{"line":118,"column":3},"meta":{},"tags":[],"benchmarks":[]},{"ancestorTitles":["T-07-30 app: block «Activitats» of 04, detail, rows of 03 and 25"],"fullName":"T-07-30 app: block «Activitats» of 04, detail, rows of 03 and 25 OPEN: [INSCRIU-M'HI] registers and then offers [ANUL·LA LA INSCRIPCIÓ]","status":"passed","title":"OPEN: [INSCRIU-M'HI] registers and then offers [ANUL·LA LA INSCRIPCIÓ]","duration":46.891624999999976,"failureMessages":[],"location":{"line":127,"column":3},"meta":{},"tags":[],"benchmarks":[]},{"ancestorTitles":["T-07-30 app: block «Activitats» of 04, detail, rows of 03 and 25"],"fullName":"T-07-30 app: block «Activitats» of 04, detail, rows of 03 and 25 FULL_WAITLIST: the waitlist dialog → toast «Ets a la llista d'espera» → [SURT DE LA LLISTA D'ESPERA]","status":"passed","title":"FULL_WAITLIST: the waitlist dialog → toast «Ets a la llista d'espera» → [SURT DE LA LLISTA D'ESPERA]","duration":62.09970899999985,"failureMessages":[],"location":{"line":140,"column":3},"meta":{},"tags":[],"benchmarks":[]},{"ancestorTitles":["T-07-30 app: block «Activitats» of 04, detail, rows of 03 and 25"],"fullName":"T-07-30 app: block «Activitats» of 04, detail, rows of 03 and 25 R-07-08 an ACTIVITY_FULL answer with waitlistAvailable opens the waitlist dialog","status":"passed","title":"R-07-08 an ACTIVITY_FULL answer with waitlistAvailable opens the waitlist dialog","duration":17.61241700000005,"failureMessages":[],"location":{"line":162,"column":3},"meta":{},"tags":[],"benchmarks":[]},{"ancestorTitles":["T-07-30 app: block «Activitats» of 04, detail, rows of 03 and 25"],"fullName":"T-07-30 app: block «Activitats» of 04, detail, rows of 03 and 25 registered: [ANUL·LA LA INSCRIPCIÓ] with confirmation; after the start, the contact text","status":"passed","title":"registered: [ANUL·LA LA INSCRIPCIÓ] with confirmation; after the start, the contact text","duration":53.281625000000076,"failureMessages":[],"location":{"line":185,"column":3},"meta":{},"tags":[],"benchmarks":[]},{"ancestorTitles":["T-07-30 app: block «Activitats» of 04, detail, rows of 03 and 25"],"fullName":"T-07-30 app: block «Activitats» of 04, detail, rows of 03 and 25 an activity that is not visible shows «No disponible»","status":"passed","title":"an activity that is not visible shows «No disponible»","duration":11.211667000000034,"failureMessages":[],"location":{"line":211,"column":3},"meta":{},"tags":[],"benchmarks":[]},{"ancestorTitles":["T-07-30 app: block «Activitats» of 04, detail, rows of 03 and 25"],"fullName":"T-07-30 app: block «Activitats» of 04, detail, rows of 03 and 25 03: «Torneig d'Estiu 2026 · inscrita · Divendres 7 · 18:30–20:30 · totes les pistes», never a dog","status":"passed","title":"03: «Torneig d'Estiu 2026 · inscrita · Divendres 7 · 18:30–20:30 · totes les pistes», never a dog","duration":12.392790999999988,"failureMessages":[],"location":{"line":219,"column":3},"meta":{},"tags":[],"benchmarks":[]},{"ancestorTitles":["T-07-30 app: block «Activitats» of 04, detail, rows of 03 and 25"],"fullName":"T-07-30 app: block «Activitats» of 04, detail, rows of 03 and 25 03: a start-only activity (api endsAtLocal null) reads «9:00» and stays until midnight","status":"passed","title":"03: a start-only activity (api endsAtLocal null) reads «9:00» and stays until midnight","duration":15.145416000000068,"failureMessages":[],"location":{"line":230,"column":3},"meta":{},"tags":[],"benchmarks":[]},{"ancestorTitles":["T-07-30 app: block «Activitats» of 04, detail, rows of 03 and 25"],"fullName":"T-07-30 app: block «Activitats» of 04, detail, rows of 03 and 25 03: never shows a dog, even when the data carries one","status":"passed","title":"03: never shows a dog, even when the data carries one","duration":8.163332999999966,"failureMessages":[],"location":{"line":246,"column":3},"meta":{},"tags":[],"benchmarks":[]},{"ancestorTitles":["T-07-30 app: block «Activitats» of 04, detail, rows of 03 and 25"],"fullName":"T-07-30 app: block «Activitats» of 04, detail, rows of 03 and 25 R-07-11 omits the block with an empty bookable[] and draws a NOT_BOOKABLE row inert","status":"passed","title":"R-07-11 omits the block with an empty bookable[] and draws a NOT_BOOKABLE row inert","duration":17.264249999999947,"failureMessages":[],"location":{"line":273,"column":3},"meta":{},"tags":[],"benchmarks":[]},{"ancestorTitles":["T-07-30 app: block «Activitats» of 04, detail, rows of 03 and 25"],"fullName":"T-07-30 app: block «Activitats» of 04, detail, rows of 03 and 25 R-07-14 a failed block shows the error with a retry; only MODULE_DISABLED hides it","status":"passed","title":"R-07-14 a failed block shows the error with a retry; only MODULE_DISABLED hides it","duration":26.042374999999993,"failureMessages":[],"location":{"line":307,"column":3},"meta":{},"tags":[],"benchmarks":[]},{"ancestorTitles":["T-07-30 app: block «Activitats» of 04, detail, rows of 03 and 25"],"fullName":"T-07-30 app: block «Activitats» of 04, detail, rows of 03 and 25 R-07-08 ACTIVITY_FULL without a waitlist shows «Completa», no dialog","status":"passed","title":"R-07-08 ACTIVITY_FULL without a waitlist shows «Completa», no dialog","duration":17.43504199999984,"failureMessages":[],"location":{"line":346,"column":3},"meta":{},"tags":[],"benchmarks":[]},{"ancestorTitles":["T-07-30 app: block «Activitats» of 04, detail, rows of 03 and 25"],"fullName":"T-07-30 app: block «Activitats» of 04, detail, rows of 03 and 25 a waitlisted registration without a position reads «en llista d'espera», never «()»","status":"passed","title":"a waitlisted registration without a position reads «en llista d'espera», never «()»","duration":11.935917000000018,"failureMessages":[],"location":{"line":366,"column":3},"meta":{},"tags":[],"benchmarks":[]},{"ancestorTitles":["T-07-30 app: block «Activitats» of 04, detail, rows of 03 and 25"],"fullName":"T-07-30 app: block «Activitats» of 04, detail, rows of 03 and 25 decodes the detail path safely (a malformed /activitats/%E0 does not throw)","status":"passed","title":"decodes the detail path safely (a malformed /activitats/%E0 does not throw)","duration":0.28416699999979755,"failureMessages":[],"location":{"line":389,"column":3},"meta":{},"tags":[],"benchmarks":[]},{"ancestorTitles":["T-07-30 app: block «Activitats» of 04, detail, rows of 03 and 25"],"fullName":"T-07-30 app: block «Activitats» of 04, detail, rows of 03 and 25 03: a waitlisted registration shows «en llista d'espera»","status":"passed","title":"03: a waitlisted registration shows «en llista d'espera»","duration":6.520624999999882,"failureMessages":[],"location":{"line":394,"column":3},"meta":{},"tags":[],"benchmarks":[]},{"ancestorTitles":["T-07-30 app: block «Activitats» of 04, detail, rows of 03 and 25"],"fullName":"T-07-30 app: block «Activitats» of 04, detail, rows of 03 and 25 25: «ds 12/07 · Seminari d'obstacles · feta» and «cancel·lada pel club» with the quoted notice","status":"passed","title":"25: «ds 12/07 · Seminari d'obstacles · feta» and «cancel·lada pel club» with the quoted notice","duration":6.604874999999993,"failureMessages":[],"location":{"line":418,"column":3},"meta":{},"tags":[],"benchmarks":[]},{"ancestorTitles":["T-07-30 E4-W08 app detail follow-ups of the E4-W04 round-2 review"],"fullName":"T-07-30 E4-W08 app detail follow-ups of the E4-W04 round-2 review R-07-09/10 an impersonated cancellation asks for «Motiu» and sends {reason}; 400 VALIDATION_ERROR on reason (details.field, the core's shape) stays on the field","status":"passed","title":"R-07-09/10 an impersonated cancellation asks for «Motiu» and sends {reason}; 400 VALIDATION_ERROR on reason (details.field, the core's shape) stays on the field","duration":41.802041000000145,"failureMessages":[],"location":{"line":506,"column":5},"meta":{},"tags":[],"benchmarks":[]},{"ancestorTitles":["T-07-30 E4-W08 app detail follow-ups of the E4-W04 round-2 review"],"fullName":"T-07-30 E4-W08 app detail follow-ups of the E4-W04 round-2 review R-07-09/10 an impersonated cancellation asks for «Motiu» and sends {reason}; 400 VALIDATION_ERROR on reason (details.fieldErrors[]) stays on the field","status":"passed","title":"R-07-09/10 an impersonated cancellation asks for «Motiu» and sends {reason}; 400 VALIDATION_ERROR on reason (details.fieldErrors[]) stays on the field","duration":37.439416000000165,"failureMessages":[],"location":{"line":506,"column":5},"meta":{},"tags":[],"benchmarks":[]},{"ancestorTitles":["T-07-30 E4-W08 app detail follow-ups of the E4-W04 round-2 review"],"fullName":"T-07-30 E4-W08 app detail follow-ups of the E4-W04 round-2 review R-07-09 a member session asks for no reason and keeps sending {}","status":"passed","title":"R-07-09 a member session asks for no reason and keeps sending {}","duration":29.048583000000008,"failureMessages":[],"location":{"line":567,"column":3},"meta":{},"tags":[],"benchmarks":[]},{"ancestorTitles":["T-07-30 E4-W08 app detail follow-ups of the E4-W04 round-2 review"],"fullName":"T-07-30 E4-W08 app detail follow-ups of the E4-W04 round-2 review R-07-09 the deadline is live: opened a minute before, the button becomes the contact text when it passes, without a remount","status":"passed","title":"R-07-09 the deadline is live: opened a minute before, the button becomes the contact text when it passes, without a remount","duration":67.90262499999994,"failureMessages":[],"location":{"line":583,"column":3},"meta":{},"tags":[],"benchmarks":[]},{"ancestorTitles":["T-07-30 E4-W08 app detail follow-ups of the E4-W04 round-2 review"],"fullName":"T-07-30 E4-W08 app detail follow-ups of the E4-W04 round-2 review R-07-09 checks the deadline again before opening the confirmation (a clock that jumped past it)","status":"passed","title":"R-07-09 checks the deadline again before opening the confirmation (a clock that jumped past it)","duration":66.97987499999999,"failureMessages":[],"location":{"line":605,"column":3},"meta":{},"tags":[],"benchmarks":[]},{"ancestorTitles":["T-07-30 E4-W08 app detail follow-ups of the E4-W04 round-2 review"],"fullName":"T-07-30 E4-W08 app detail follow-ups of the E4-W04 round-2 review R-07-09 a confirmation left open past the deadline closes instead of sending","status":"passed","title":"R-07-09 a confirmation left open past the deadline closes instead of sending","duration":87.992708,"failureMessages":[],"location":{"line":621,"column":3},"meta":{},"tags":[],"benchmarks":[]}],"startTime":1790377552245,"endTime":1790377553055.9927,"status":"passed","message":"","name":"/Users/jordib/dev/agilityhub/agilityhub-core-web/apps/clubs/src/activities/activities.test.tsx"},{"assertionResults":[{"ancestorTitles":["T-06-29 screen 23 «Visió global»"],"fullName":"T-06-29 screen 23 «Visió global» shows n/n +e with the planned instructor, training names, the block and the cancelled class","status":"passed","title":"shows n/n +e with the planned instructor, training names, the block and the cancelled class","duration":144.77949999999998,"failureMessages":[],"location":{"line":63,"column":3},"meta":{},"tags":[],"benchmarks":[]},{"ancestorTitles":["T-06-29 screen 23 «Visió global»"],"fullName":"T-06-29 screen 23 «Visió global» drops «+e» when the club has no WAITLIST module","status":"passed","title":"drops «+e» when the club has no WAITLIST module","duration":40.96016600000007,"failureMessages":[],"location":{"line":98,"column":3},"meta":{},"tags":[],"benchmarks":[]},{"ancestorTitles":["T-06-29 screen 23 «Visió global»"],"fullName":"T-06-29 screen 23 «Visió global» opens the class drawer with the instructor projection of the tapped class","status":"passed","title":"opens the class drawer with the instructor projection of the tapped class","duration":77.64066700000012,"failureMessages":[],"location":{"line":107,"column":3},"meta":{},"tags":[],"benchmarks":[]},{"ancestorTitles":["T-06-29 screen 23 «Visió global»"],"fullName":"T-06-29 screen 23 «Visió global» opens the block drawer and cancels the block (POST /ring-blocks/{id}/cancellation)","status":"passed","title":"opens the block drawer and cancels the block (POST /ring-blocks/{id}/cancellation)","duration":72.46945800000003,"failureMessages":[],"location":{"line":121,"column":3},"meta":{},"tags":[],"benchmarks":[]},{"ancestorTitles":["T-06-29 screen 23 «Visió global»"],"fullName":"T-06-29 screen 23 «Visió global» maps 409 INVALID_STATE and 422 RING_BLOCK_MANAGED_BY_ACTIVITY on the block cancellation","status":"passed","title":"maps 409 INVALID_STATE and 422 RING_BLOCK_MANAGED_BY_ACTIVITY on the block cancellation","duration":69.65637500000003,"failureMessages":[],"location":{"line":147,"column":3},"meta":{},"tags":[],"benchmarks":[]},{"ancestorTitles":["T-06-29 screen 23 «Visió global»"],"fullName":"T-06-29 screen 23 «Visió global» answers 403 to a member asking for the instructor view","status":"passed","title":"answers 403 to a member asking for the instructor view","duration":25.587541999999985,"failureMessages":[],"location":{"line":180,"column":3},"meta":{},"tags":[],"benchmarks":[]}],"startTime":1790377552213,"endTime":1790377552643.5876,"status":"passed","message":"","name":"/Users/jordib/dev/agilityhub/agilityhub-core-web/apps/clubs/src/today/OverviewPage.test.tsx"},{"assertionResults":[{"ancestorTitles":["T-06-29 screen 10 «Classes del dia»"],"fullName":"T-06-29 screen 10 «Classes del dia» draws the mockup grid with identical ring columns, the date header and the week chips","status":"passed","title":"draws the mockup grid with identical ring columns, the date header and the week chips","duration":135.61245800000006,"failureMessages":[],"location":{"line":72,"column":3},"meta":{},"tags":[],"benchmarks":[]},{"ancestorTitles":["T-06-29 screen 10 «Classes del dia»"],"fullName":"T-06-29 screen 10 «Classes del dia» renders «Ocupada» + generic reason in grey without background and never a count","status":"passed","title":"renders «Ocupada» + generic reason in grey without background and never a count","duration":43.45316600000001,"failureMessages":[],"location":{"line":102,"column":3},"meta":{},"tags":[],"benchmarks":[]},{"ancestorTitles":["T-06-29 screen 10 «Classes del dia»"],"fullName":"T-06-29 screen 10 «Classes del dia» opens the risk balloon with the api riskText on tap and closes it on a second tap or elsewhere","status":"passed","title":"opens the risk balloon with the api riskText on tap and closes it on a second tap or elsewhere","duration":57.61012500000015,"failureMessages":[],"location":{"line":126,"column":3},"meta":{},"tags":[],"benchmarks":[]},{"ancestorTitles":["T-06-29 screen 10 «Classes del dia»"],"fullName":"T-06-29 screen 10 «Classes del dia» uses the club's today (Europe/Madrid) whatever the device time zone","status":"passed","title":"uses the club's today (Europe/Madrid) whatever the device time zone","duration":35.23554100000001,"failureMessages":[],"location":{"line":145,"column":3},"meta":{},"tags":[],"benchmarks":[]},{"ancestorTitles":["T-06-29 screen 10 «Classes del dia»"],"fullName":"T-06-29 screen 10 «Classes del dia» never shows a count in the member view even when a cell carries occupancy","status":"passed","title":"never shows a count in the member view even when a cell carries occupancy","duration":29.207625000000007,"failureMessages":[],"location":{"line":163,"column":3},"meta":{},"tags":[],"benchmarks":[]},{"ancestorTitles":["T-06-29 screen 10 «Classes del dia»"],"fullName":"T-06-29 screen 10 «Classes del dia» moves by chips and arrows (Sunday only by the arrows) and keeps ?date in the address","status":"passed","title":"moves by chips and arrows (Sunday only by the arrows) and keeps ?date in the address","duration":60.63641699999994,"failureMessages":[],"location":{"line":207,"column":3},"meta":{},"tags":[],"benchmarks":[]},{"ancestorTitles":["T-06-29 screen 10 «Classes del dia»"],"fullName":"T-06-29 screen 10 «Classes del dia» shows the api «Sense» column as delivered and the activity cell","status":"passed","title":"shows the api «Sense» column as delivered and the activity cell","duration":32.370125000000144,"failureMessages":[],"location":{"line":236,"column":3},"meta":{},"tags":[],"benchmarks":[]},{"ancestorTitles":["T-06-29 screen 10 «Classes del dia»"],"fullName":"T-06-29 screen 10 «Classes del dia» never adds a «Sense» column of its own when the api does not send one","status":"passed","title":"never adds a «Sense» column of its own when the api does not send one","duration":27.636833000000024,"failureMessages":[],"location":{"line":249,"column":3},"meta":{},"tags":[],"benchmarks":[]},{"ancestorTitles":["T-06-29 screen 10 «Classes del dia»"],"fullName":"T-06-29 screen 10 «Classes del dia» falls back to the club-local today and rewrites the address for ?date=2026-13-01","status":"passed","title":"falls back to the club-local today and rewrites the address for ?date=2026-13-01","duration":32.62695899999994,"failureMessages":[],"location":{"line":310,"column":62},"meta":{},"tags":[],"benchmarks":[]},{"ancestorTitles":["T-06-29 screen 10 «Classes del dia»"],"fullName":"T-06-29 screen 10 «Classes del dia» falls back to the club-local today and rewrites the address for ?date=2026-08-32","status":"passed","title":"falls back to the club-local today and rewrites the address for ?date=2026-08-32","duration":32.2361249999999,"failureMessages":[],"location":{"line":310,"column":62},"meta":{},"tags":[],"benchmarks":[]},{"ancestorTitles":["T-06-29 screen 10 «Classes del dia»"],"fullName":"T-06-29 screen 10 «Classes del dia» falls back to the club-local today and rewrites the address for ?date=2026-02-30","status":"passed","title":"falls back to the club-local today and rewrites the address for ?date=2026-02-30","duration":30.0502919999999,"failureMessages":[],"location":{"line":310,"column":62},"meta":{},"tags":[],"benchmarks":[]},{"ancestorTitles":["T-06-29 screen 10 «Classes del dia»"],"fullName":"T-06-29 screen 10 «Classes del dia» falls back to the club-local today and rewrites the address for ?date=hola","status":"passed","title":"falls back to the club-local today and rewrites the address for ?date=hola","duration":29.758374999999887,"failureMessages":[],"location":{"line":310,"column":62},"meta":{},"tags":[],"benchmarks":[]},{"ancestorTitles":["T-06-29 screen 10 «Classes del dia»"],"fullName":"T-06-29 screen 10 «Classes del dia» rewrites an invalid ?date= after mounting, never during render (E4-W03 review #4)","status":"passed","title":"rewrites an invalid ?date= after mounting, never during render (E4-W03 review #4)","duration":20.49962500000015,"failureMessages":[],"location":{"line":325,"column":3},"meta":{},"tags":[],"benchmarks":[]},{"ancestorTitles":["T-06-29 screen 10 «Classes del dia»"],"fullName":"T-06-29 screen 10 «Classes del dia» R-06-14 in Pacific/Auckland: requested date, header and chips name the club's calendar day","status":"passed","title":"R-06-14 in Pacific/Auckland: requested date, header and chips name the club's calendar day","duration":45.906124999999975,"failureMessages":[],"location":{"line":357,"column":5},"meta":{},"tags":[],"benchmarks":[]},{"ancestorTitles":["T-06-29 screen 10 «Classes del dia»"],"fullName":"T-06-29 screen 10 «Classes del dia» R-06-14 in Pacific/Kiritimati: requested date, header and chips name the club's calendar day","status":"passed","title":"R-06-14 in Pacific/Kiritimati: requested date, header and chips name the club's calendar day","duration":46.89175,"failureMessages":[],"location":{"line":357,"column":5},"meta":{},"tags":[],"benchmarks":[]},{"ancestorTitles":["T-06-29 screen 10 «Classes del dia»"],"fullName":"T-06-29 screen 10 «Classes del dia» R-06-14 in Europe/Madrid: requested date, header and chips name the club's calendar day","status":"passed","title":"R-06-14 in Europe/Madrid: requested date, header and chips name the club's calendar day","duration":45.40000000000009,"failureMessages":[],"location":{"line":357,"column":5},"meta":{},"tags":[],"benchmarks":[]},{"ancestorTitles":["T-06-29 screen 10 «Classes del dia»"],"fullName":"T-06-29 screen 10 «Classes del dia» R-06-14 in America/Bogota: requested date, header and chips name the club's calendar day","status":"passed","title":"R-06-14 in America/Bogota: requested date, header and chips name the club's calendar day","duration":45.35850000000005,"failureMessages":[],"location":{"line":357,"column":5},"meta":{},"tags":[],"benchmarks":[]},{"ancestorTitles":["T-06-29 screen 10 «Classes del dia»"],"fullName":"T-06-29 screen 10 «Classes del dia» shows the empty state (dayGridEmpty) and the error toast with retry","status":"passed","title":"shows the empty state (dayGridEmpty) and the error toast with retry","duration":45.881624999999985,"failureMessages":[],"location":{"line":384,"column":3},"meta":{},"tags":[],"benchmarks":[]}],"startTime":1790377552214,"endTime":1790377553010.8816,"status":"passed","message":"","name":"/Users/jordib/dev/agilityhub/agilityhub-core-web/apps/clubs/src/today/TodayPage.test.tsx"},{"assertionResults":[{"ancestorTitles":["T-06-30 screens 10 / 23 vocabulary and ca literals"],"fullName":"T-06-30 screens 10 / 23 vocabulary and ca literals has no forbidden term nor internal code in home, instructor and enums (ca/es/en)","status":"passed","title":"has no forbidden term nor internal code in home, instructor and enums (ca/es/en)","duration":37.55566699999997,"failureMessages":[],"location":{"line":24,"column":3},"meta":{},"tags":[],"benchmarks":[]},{"ancestorTitles":["T-06-30 screens 10 / 23 vocabulary and ca literals"],"fullName":"T-06-30 screens 10 / 23 vocabulary and ca literals keeps the exact ca literals of mockups 10 and 23","status":"passed","title":"keeps the exact ca literals of mockups 10 and 23","duration":12.507166999999981,"failureMessages":[],"location":{"line":38,"column":3},"meta":{},"tags":[],"benchmarks":[]}],"startTime":1790377552055,"endTime":1790377552105.507,"status":"passed","message":"","name":"/Users/jordib/dev/agilityhub/agilityhub-core-web/apps/clubs/src/today/literals.test.ts"}]}