{"numTotalTestSuites":40,"numPassedTestSuites":40,"numFailedTestSuites":0,"numPendingTestSuites":0,"numTotalTests":181,"numPassedTests":181,"numFailedTests":0,"numPendingTests":0,"numTodoTests":0,"snapshot":{"added":0,"failure":false,"filesAdded":0,"filesRemoved":0,"filesRemovedList":[],"filesUnmatched":0,"filesUpdated":0,"matched":0,"total":0,"unchecked":0,"uncheckedKeysByFile":[],"unmatched":0,"updated":0,"didUpdate":false},"startTime":1790377563912,"success":true,"testResults":[{"assertionResults":[{"ancestorTitles":["public club pages client"],"fullName":"public club pages client returns the locale-selected public page projection","status":"passed","title":"returns the locale-selected public page projection","duration":11.194416999999987,"failureMessages":[],"location":{"line":20,"column":3},"meta":{},"tags":[],"benchmarks":[]}],"startTime":1790377564365,"endTime":1790377564376.1943,"status":"passed","message":"","name":"/Users/jordib/dev/agilityhub/agilityhub-core-web/packages/api-client/src/club-pages.test.ts"},{"assertionResults":[{"ancestorTitles":["E4-W07 requestExport (CONVENCIONS_API §4, R-14-12)"],"fullName":"E4-W07 requestExport (CONVENCIONS_API §4, R-14-12) types every list export path and nothing else","status":"passed","title":"types every list export path and nothing else","duration":1.1192080000000146,"failureMessages":[],"location":{"line":98,"column":3},"meta":{},"tags":[],"benchmarks":[]},{"ancestorTitles":["E4-W07 requestExport (CONVENCIONS_API §4, R-14-12)"],"fullName":"E4-W07 requestExport (CONVENCIONS_API §4, R-14-12) 200: returns the file with the Content-Type and the Content-Disposition name, and sends the list's parameters","status":"passed","title":"200: returns the file with the Content-Type and the Content-Disposition name, and sends the list's parameters","duration":6.869833000000028,"failureMessages":[],"location":{"line":103,"column":3},"meta":{},"tags":[],"benchmarks":[]},{"ancestorTitles":["E4-W07 requestExport (CONVENCIONS_API §4, R-14-12)"],"fullName":"E4-W07 requestExport (CONVENCIONS_API §4, R-14-12) binary-safe: the bytes saveFile hands to the browser are the response bytes","status":"passed","title":"binary-safe: the bytes saveFile hands to the browser are the response bytes","duration":3.528165999999999,"failureMessages":[],"location":{"line":123,"column":3},"meta":{},"tags":[],"benchmarks":[]},{"ancestorTitles":["E4-W07 requestExport (CONVENCIONS_API §4, R-14-12)"],"fullName":"E4-W07 requestExport (CONVENCIONS_API §4, R-14-12) 200 without Content-Disposition: falls back to {list}.{format}","status":"passed","title":"200 without Content-Disposition: falls back to {list}.{format}","duration":1.6551670000000058,"failureMessages":[],"location":{"line":147,"column":3},"meta":{},"tags":[],"benchmarks":[]},{"ancestorTitles":["E4-W07 requestExport (CONVENCIONS_API §4, R-14-12)"],"fullName":"E4-W07 requestExport (CONVENCIONS_API §4, R-14-12) 202: returns the queued job id without reading a file","status":"passed","title":"202: returns the queued job id without reading a file","duration":1.2648750000000177,"failureMessages":[],"location":{"line":163,"column":3},"meta":{},"tags":[],"benchmarks":[]},{"ancestorTitles":["E4-W07 requestExport (CONVENCIONS_API §4, R-14-12)"],"fullName":"E4-W07 requestExport (CONVENCIONS_API §4, R-14-12) 202 without a job id is an error, not a download","status":"passed","title":"202 without a job id is an error, not a download","duration":0.9879579999999919,"failureMessages":[],"location":{"line":182,"column":3},"meta":{},"tags":[],"benchmarks":[]},{"ancestorTitles":["E4-W07 requestExport (CONVENCIONS_API §4, R-14-12)"],"fullName":"E4-W07 requestExport (CONVENCIONS_API §4, R-14-12) 422 EXPORT_TOO_LARGE arrives as the ApiError of the middleware","status":"passed","title":"422 EXPORT_TOO_LARGE arrives as the ApiError of the middleware","duration":0.6712499999999864,"failureMessages":[],"location":{"line":192,"column":48},"meta":{},"tags":[],"benchmarks":[]},{"ancestorTitles":["E4-W07 requestExport (CONVENCIONS_API §4, R-14-12)"],"fullName":"E4-W07 requestExport (CONVENCIONS_API §4, R-14-12) 422 EXPORT_LIMIT arrives as the ApiError of the middleware","status":"passed","title":"422 EXPORT_LIMIT arrives as the ApiError of the middleware","duration":0.6297500000000014,"failureMessages":[],"location":{"line":192,"column":48},"meta":{},"tags":[],"benchmarks":[]},{"ancestorTitles":["E4-W07 contentDispositionFileName"],"fullName":"E4-W07 contentDispositionFileName attachment; filename=\"canic_members_20260810-0912.xlsx\" → canic_members_20260810-0912.xlsx","status":"passed","title":"attachment; filename=\"canic_members_20260810-0912.xlsx\" → canic_members_20260810-0912.xlsx","duration":0.2194589999999721,"failureMessages":[],"location":{"line":225,"column":14},"meta":{},"tags":[],"benchmarks":[]},{"ancestorTitles":["E4-W07 contentDispositionFileName"],"fullName":"E4-W07 contentDispositionFileName attachment; filename=canic_dogs_20260810-0912.pdf → canic_dogs_20260810-0912.pdf","status":"passed","title":"attachment; filename=canic_dogs_20260810-0912.pdf → canic_dogs_20260810-0912.pdf","duration":0.1033329999999637,"failureMessages":[],"location":{"line":225,"column":14},"meta":{},"tags":[],"benchmarks":[]},{"ancestorTitles":["E4-W07 contentDispositionFileName"],"fullName":"E4-W07 contentDispositionFileName attachment; filename=\"=?UTF-8?Q?x?=\"; filename*=UTF-8''c%C3%A0nic_members_20260810-0912.xlsx → cànic_members_20260810-0912.xlsx","status":"passed","title":"attachment; filename=\"=?UTF-8?Q?x?=\"; filename*=UTF-8''c%C3%A0nic_members_20260810-0912.xlsx → cànic_members_20260810-0912.xlsx","duration":0.0847919999999931,"failureMessages":[],"location":{"line":225,"column":14},"meta":{},"tags":[],"benchmarks":[]},{"ancestorTitles":["E4-W07 contentDispositionFileName"],"fullName":"E4-W07 contentDispositionFileName attachment; filename=\"a \\\"quoted\\\" name.pdf\" → a \"quoted\" name.pdf","status":"passed","title":"attachment; filename=\"a \\\"quoted\\\" name.pdf\" → a \"quoted\" name.pdf","duration":0.03874999999999318,"failureMessages":[],"location":{"line":225,"column":14},"meta":{},"tags":[],"benchmarks":[]},{"ancestorTitles":["E4-W07 contentDispositionFileName"],"fullName":"E4-W07 contentDispositionFileName attachment; filename=\"../../etc/members.xlsx\" → members.xlsx","status":"passed","title":"attachment; filename=\"../../etc/members.xlsx\" → members.xlsx","duration":0.03495900000001484,"failureMessages":[],"location":{"line":225,"column":14},"meta":{},"tags":[],"benchmarks":[]},{"ancestorTitles":["E4-W07 contentDispositionFileName"],"fullName":"E4-W07 contentDispositionFileName attachment → undefined","status":"passed","title":"attachment → undefined","duration":0.05666600000000699,"failureMessages":[],"location":{"line":225,"column":14},"meta":{},"tags":[],"benchmarks":[]},{"ancestorTitles":["E4-W07 contentDispositionFileName"],"fullName":"E4-W07 contentDispositionFileName null → undefined","status":"passed","title":"null → undefined","duration":0.03000000000002956,"failureMessages":[],"location":{"line":225,"column":14},"meta":{},"tags":[],"benchmarks":[]},{"ancestorTitles":["E4-W07 saveFile"],"fullName":"E4-W07 saveFile clicks one hidden link with the file name, removes it and revokes the URL later","status":"passed","title":"clicks one hidden link with the file name, removes it and revokes the URL later","duration":1.3086250000000064,"failureMessages":[],"location":{"line":231,"column":3},"meta":{},"tags":[],"benchmarks":[]}],"startTime":1790377564342,"endTime":1790377564360.3086,"status":"passed","message":"","name":"/Users/jordib/dev/agilityhub/agilityhub-core-web/packages/api-client/src/exports.test.ts"},{"assertionResults":[{"ancestorTitles":["typed API client"],"fullName":"typed API client uses the configured base URL and injects locale and authorization headers","status":"passed","title":"uses the configured base URL and injects locale and authorization headers","duration":9.196124999999995,"failureMessages":[],"location":{"line":31,"column":3},"meta":{},"tags":[],"benchmarks":[]},{"ancestorTitles":["typed API client"],"fullName":"typed API client maps every non-2xx response to ApiError","status":"passed","title":"maps every non-2xx response to ApiError","duration":2.39391599999999,"failureMessages":[],"location":{"line":75,"column":3},"meta":{},"tags":[],"benchmarks":[]},{"ancestorTitles":["typed API client"],"fullName":"typed API client maps a fetch failure to the NETWORK ApiError","status":"passed","title":"maps a fetch failure to the NETWORK ApiError","duration":0.4169159999999579,"failureMessages":[],"location":{"line":101,"column":3},"meta":{},"tags":[],"benchmarks":[]},{"ancestorTitles":["typed API client"],"fullName":"typed API client adds a UUID idempotency key to configured POST operations","status":"passed","title":"adds a UUID idempotency key to configured POST operations","duration":2.744792000000018,"failureMessages":[],"location":{"line":122,"column":3},"meta":{},"tags":[],"benchmarks":[]},{"ancestorTitles":["typed API client"],"fullName":"typed API client R-06-07 sends an Idempotency-Key on POST /weeks/{id}/generation by default","status":"passed","title":"R-06-07 sends an Idempotency-Key on POST /weeks/{id}/generation by default","duration":1.159749999999974,"failureMessages":[],"location":{"line":154,"column":3},"meta":{},"tags":[],"benchmarks":[]},{"ancestorTitles":["typed API client"],"fullName":"typed API client R-06-10 / R-06-11 sends an Idempotency-Key on class cancellations and ring blocks by default","status":"passed","title":"R-06-10 / R-06-11 sends an Idempotency-Key on class cancellations and ring blocks by default","duration":2.5109999999999673,"failureMessages":[],"location":{"line":176,"column":3},"meta":{},"tags":[],"benchmarks":[]},{"ancestorTitles":["TanStack Query defaults"],"fullName":"TanStack Query defaults uses a 30 second stale time and retries only network and 5xx failures","status":"passed","title":"uses a 30 second stale time and retries only network and 5xx failures","duration":0.19620899999995345,"failureMessages":[],"location":{"line":229,"column":3},"meta":{},"tags":[],"benchmarks":[]},{"ancestorTitles":["TanStack Query defaults"],"fullName":"TanStack Query defaults namespaces query keys by host","status":"passed","title":"namespaces query keys by host","duration":0.11679100000003473,"failureMessages":[],"location":{"line":251,"column":3},"meta":{},"tags":[],"benchmarks":[]},{"ancestorTitles":["MSW bootstrap handlers"],"fullName":"MSW bootstrap handlers exports the bootstrap, identity continuation, onboarding, and dynamic manifest handlers","status":"passed","title":"exports the bootstrap, identity continuation, onboarding, and dynamic manifest handlers","duration":5.375625000000014,"failureMessages":[],"location":{"line":260,"column":3},"meta":{},"tags":[],"benchmarks":[]},{"ancestorTitles":["MSW bootstrap handlers"],"fullName":"MSW bootstrap handlers serves branding, current account, club settings, token, and health fixtures","status":"passed","title":"serves branding, current account, club settings, token, and health fixtures","duration":8.690084000000013,"failureMessages":[],"location":{"line":289,"column":3},"meta":{},"tags":[],"benchmarks":[]},{"ancestorTitles":["R-03-22 census list handlers"],"fullName":"R-03-22 census list handlers paginates members, reports applied filters, and resolves facet labels","status":"passed","title":"paginates members, reports applied filters, and resolves facet labels","duration":126.021208,"failureMessages":[],"location":{"line":322,"column":3},"meta":{},"tags":[],"benchmarks":[]},{"ancestorTitles":["R-03-22 census list handlers"],"fullName":"R-03-22 census list handlers serves 242 dogs and rejects unknown filter fields","status":"passed","title":"serves 242 dogs and rejects unknown filter fields","duration":249.52354200000002,"failureMessages":[],"location":{"line":366,"column":3},"meta":{},"tags":[],"benchmarks":[]}],"startTime":1790377564375,"endTime":1790377564783.5234,"status":"passed","message":"","name":"/Users/jordib/dev/agilityhub/agilityhub-core-web/packages/api-client/src/index.test.ts"},{"assertionResults":[{"ancestorTitles":["E4-W04 activity MSW handlers follow the S07 contract (forms A, B and the D7 list)"],"fullName":"E4-W04 activity MSW handlers follow the S07 contract (forms A, B and the D7 list) lists the D7 activities by date desc without the deleted ones (ListPage + overlay)","status":"passed","title":"lists the D7 activities by date desc without the deleted ones (ListPage + overlay)","duration":21.439707999999996,"failureMessages":[],"location":{"line":86,"column":3},"meta":{},"tags":[],"benchmarks":[]},{"ancestorTitles":["E4-W04 activity MSW handlers follow the S07 contract (forms A, B and the D7 list)"],"fullName":"E4-W04 activity MSW handlers follow the S07 contract (forms A, B and the D7 list) serves form A, the member forms, the conflicts and the cancellation preview","status":"passed","title":"serves form A, the member forms, the conflicts and the cancellation preview","duration":36.16279200000008,"failureMessages":[],"location":{"line":112,"column":3},"meta":{},"tags":[],"benchmarks":[]},{"ancestorTitles":["E4-W04 activity MSW handlers follow the S07 contract (forms A, B and the D7 list)"],"fullName":"E4-W04 activity MSW handlers follow the S07 contract (forms A, B and the D7 list) R-07-05 publishes the draft only after the conflict options (409 → 422 → 200)","status":"passed","title":"R-07-05 publishes the draft only after the conflict options (409 → 422 → 200)","duration":22.609125000000063,"failureMessages":[],"location":{"line":170,"column":3},"meta":{},"tags":[],"benchmarks":[]},{"ancestorTitles":["E4-W04 activity MSW handlers follow the S07 contract (forms A, B and the D7 list)"],"fullName":"E4-W04 activity MSW handlers follow the S07 contract (forms A, B and the D7 list) R-07-06 cancels with registrants only with the notice text","status":"passed","title":"R-07-06 cancels with registrants only with the notice text","duration":4.979415999999901,"failureMessages":[],"location":{"line":223,"column":3},"meta":{},"tags":[],"benchmarks":[]},{"ancestorTitles":["E4-W04 activity MSW handlers follow the S07 contract (forms A, B and the D7 list)"],"fullName":"E4-W04 activity MSW handlers follow the S07 contract (forms A, B and the D7 list) R-07-08/09 registers, answers ACTIVITY_FULL, joins the waitlist and promotes FIFO","status":"passed","title":"R-07-08/09 registers, answers ACTIVITY_FULL, joins the waitlist and promotes FIFO","duration":18.47483299999999,"failureMessages":[],"location":{"line":244,"column":3},"meta":{},"tags":[],"benchmarks":[]},{"ancestorTitles":["E4-W04 activity MSW handlers follow the S07 contract (forms A, B and the D7 list)"],"fullName":"E4-W04 activity MSW handlers follow the S07 contract (forms A, B and the D7 list) R-07-14 without WAITLIST a full activity answers ACTIVITY_FULL {waitlistAvailable: false}","status":"passed","title":"R-07-14 without WAITLIST a full activity answers ACTIVITY_FULL {waitlistAvailable: false}","duration":1.8024580000000014,"failureMessages":[],"location":{"line":303,"column":3},"meta":{},"tags":[],"benchmarks":[]},{"ancestorTitles":["E4-W04 activity MSW handlers follow the S07 contract (forms A, B and the D7 list)"],"fullName":"E4-W04 activity MSW handlers follow the S07 contract (forms A, B and the D7 list) R-07-09 refuses to cancel after the start (EVENT_START)","status":"passed","title":"R-07-09 refuses to cancel after the start (EVENT_START)","duration":1.9405000000000427,"failureMessages":[],"location":{"line":315,"column":3},"meta":{},"tags":[],"benchmarks":[]},{"ancestorTitles":["E4-W04 activity MSW handlers follow the S07 contract (forms A, B and the D7 list)"],"fullName":"E4-W04 activity MSW handlers follow the S07 contract (forms A, B and the D7 list) R-07-14 answers MODULE_DISABLED without ACTIVITIES and 403 to an instructor's mutation","status":"passed","title":"R-07-14 answers MODULE_DISABLED without ACTIVITIES and 403 to an instructor's mutation","duration":7.3468749999999545,"failureMessages":[],"location":{"line":328,"column":3},"meta":{},"tags":[],"benchmarks":[]},{"ancestorTitles":["E4-W04 activity MSW handlers follow the S07 contract (forms A, B and the D7 list)"],"fullName":"E4-W04 activity MSW handlers follow the S07 contract (forms A, B and the D7 list) R-07-05 another ring block (type RING_BLOCK) is never forced, not even with every option","status":"passed","title":"R-07-05 another ring block (type RING_BLOCK) is never forced, not even with every option","duration":8.979667000000063,"failureMessages":[],"location":{"line":356,"column":3},"meta":{},"tags":[],"benchmarks":[]},{"ancestorTitles":["E4-W04 activity MSW handlers follow the S07 contract (forms A, B and the D7 list)"],"fullName":"E4-W04 activity MSW handlers follow the S07 contract (forms A, B and the D7 list) R-07-08 a member's cancellation promotes waitlist position 1 (FIFO)","status":"passed","title":"R-07-08 a member's cancellation promotes waitlist position 1 (FIFO)","duration":6.490042000000017,"failureMessages":[],"location":{"line":397,"column":3},"meta":{},"tags":[],"benchmarks":[]},{"ancestorTitles":["E4-W04 activity MSW handlers follow the S07 contract (forms A, B and the D7 list)"],"fullName":"E4-W04 activity MSW handlers follow the S07 contract (forms A, B and the D7 list) CONVENCIONS_API §4 registrants `fields` as the published core: a column key is 400 INVALID_FILTER, keys not asked for come back null","status":"passed","title":"CONVENCIONS_API §4 registrants `fields` as the published core: a column key is 400 INVALID_FILTER, keys not asked for come back null","duration":6.752666999999974,"failureMessages":[],"location":{"line":438,"column":3},"meta":{},"tags":[],"benchmarks":[]},{"ancestorTitles":["E4-W04 activity MSW handlers follow the S07 contract (forms A, B and the D7 list)"],"fullName":"E4-W04 activity MSW handlers follow the S07 contract (forms A, B and the D7 list) E5-T15 a cancelled waitlisted registration keeps its position; a promoted one has none","status":"passed","title":"E5-T15 a cancelled waitlisted registration keeps its position; a promoted one has none","duration":4.319958000000042,"failureMessages":[],"location":{"line":471,"column":3},"meta":{},"tags":[],"benchmarks":[]},{"ancestorTitles":["E4-W04 activity MSW handlers follow the S07 contract (forms A, B and the D7 list)"],"fullName":"E4-W04 activity MSW handlers follow the S07 contract (forms A, B and the D7 list) R-07-04 requires the title in the club's default locale, not in ca","status":"passed","title":"R-07-04 requires the title in the club's default locale, not in ca","duration":9.442499999999995,"failureMessages":[],"location":{"line":508,"column":3},"meta":{},"tags":[],"benchmarks":[]},{"ancestorTitles":["E4-W04 activity MSW handlers follow the S07 contract (forms A, B and the D7 list)"],"fullName":"E4-W04 activity MSW handlers follow the S07 contract (forms A, B and the D7 list) S07 §3 an activity without an end time has endsAtLocal null, as the api (S07 «Canvis» 24-09, E3-T16 round-2 snapshot)","status":"passed","title":"S07 §3 an activity without an end time has endsAtLocal null, as the api (S07 «Canvis» 24-09, E3-T16 round-2 snapshot)","duration":4.037625000000048,"failureMessages":[],"location":{"line":540,"column":3},"meta":{},"tags":[],"benchmarks":[]},{"ancestorTitles":["E4-W08 activity mocks answer like the api (impersonation, parameters)"],"fullName":"E4-W08 activity mocks answer like the api (impersonation, parameters) R-07-09/10 E4-W10 an impersonated cancellation without a reason is 400 VALIDATION_ERROR with details.field = reason, as the core's CancellationDeadline answers; with it, ADMIN","status":"passed","title":"R-07-09/10 E4-W10 an impersonated cancellation without a reason is 400 VALIDATION_ERROR with details.field = reason, as the core's CancellationDeadline answers; with it, ADMIN","duration":7.3087920000000395,"failureMessages":[],"location":{"line":554,"column":3},"meta":{},"tags":[],"benchmarks":[]},{"ancestorTitles":["E4-W08 activity mocks answer like the api (impersonation, parameters)"],"fullName":"E4-W08 activity mocks answer like the api (impersonation, parameters) R-07-09 a member's own cancellation keeps sending {} and is recorded as MEMBER","status":"passed","title":"R-07-09 a member's own cancellation keeps sending {} and is recorded as MEMBER","duration":1.6206250000000182,"failureMessages":[],"location":{"line":588,"column":3},"meta":{},"tags":[],"benchmarks":[]},{"ancestorTitles":["E4-W08 activity mocks answer like the api (impersonation, parameters)"],"fullName":"E4-W08 activity mocks answer like the api (impersonation, parameters) MATRIU_PERMISOS `/parameters/{key}` answers 403 FORBIDDEN to an INSTRUCTOR, the value to an ADMIN","status":"passed","title":"MATRIU_PERMISOS `/parameters/{key}` answers 403 FORBIDDEN to an INSTRUCTOR, the value to an ADMIN","duration":1.2609169999999494,"failureMessages":[],"location":{"line":600,"column":3},"meta":{},"tags":[],"benchmarks":[]}],"startTime":1790377564445,"endTime":1790377564610.261,"status":"passed","message":"","name":"/Users/jordib/dev/agilityhub/agilityhub-core-web/packages/api-client/src/mocks/activity-handlers.test.ts"},{"assertionResults":[{"ancestorTitles":["E4-W02 calendar MSW handlers follow the S06 contract (forms B and D)"],"fullName":"E4-W02 calendar MSW handlers follow the S06 contract (forms B and D) serves the D4 week (form B) with the Thursday warning and the Carretera block","status":"passed","title":"serves the D4 week (form B) with the Thursday warning and the Carretera block","duration":56.16495899999995,"failureMessages":[],"location":{"line":62,"column":3},"meta":{},"tags":[],"benchmarks":[]},{"ancestorTitles":["E4-W02 calendar MSW handlers follow the S06 contract (forms B and D)"],"fullName":"E4-W02 calendar MSW handlers follow the S06 contract (forms B and D) R-06-08 validates the draft week and refuses the inconsistent one","status":"passed","title":"R-06-08 validates the draft week and refuses the inconsistent one","duration":49.66208300000005,"failureMessages":[],"location":{"line":76,"column":3},"meta":{},"tags":[],"benchmarks":[]},{"ancestorTitles":["E4-W02 calendar MSW handlers follow the S06 contract (forms B and D)"],"fullName":"E4-W02 calendar MSW handlers follow the S06 contract (forms B and D) E5-T15 GET /class-sessions/{id} adds instructorNames and the ring; PATCH does not","status":"passed","title":"E5-T15 GET /class-sessions/{id} adds instructorNames and the ring; PATCH does not","duration":46.61187499999994,"failureMessages":[],"location":{"line":103,"column":3},"meta":{},"tags":[],"benchmarks":[]},{"ancestorTitles":["E4-W02 calendar MSW handlers follow the S06 contract (forms B and D)"],"fullName":"E4-W02 calendar MSW handlers follow the S06 contract (forms B and D) R-06-10 cancels with the notice text and R-06-09 checks the version","status":"passed","title":"R-06-10 cancels with the notice text and R-06-09 checks the version","duration":45.03004199999998,"failureMessages":[],"location":{"line":120,"column":3},"meta":{},"tags":[],"benchmarks":[]},{"ancestorTitles":["E4-W02 calendar MSW handlers follow the S06 contract (forms B and D)"],"fullName":"E4-W02 calendar MSW handlers follow the S06 contract (forms B and D) R-06-11 refuses a block over a class with the conflict list","status":"passed","title":"R-06-11 refuses a block over a class with the conflict list","duration":37.89687500000002,"failureMessages":[],"location":{"line":159,"column":3},"meta":{},"tags":[],"benchmarks":[]},{"ancestorTitles":["E4-W02 calendar MSW handlers follow the S06 contract (forms B and D)"],"fullName":"E4-W02 calendar MSW handlers follow the S06 contract (forms B and D) R-06-05 answers RING_HAS_BOOKINGS when a class or a block moves onto a training booking","status":"passed","title":"R-06-05 answers RING_HAS_BOOKINGS when a class or a block moves onto a training booking","duration":42.18258300000002,"failureMessages":[],"location":{"line":196,"column":3},"meta":{},"tags":[],"benchmarks":[]},{"ancestorTitles":["E4-W02 calendar MSW handlers follow the S06 contract (forms B and D)"],"fullName":"E4-W02 calendar MSW handlers follow the S06 contract (forms B and D) serves the instructor day grid (form D) of the Wednesday","status":"passed","title":"serves the instructor day grid (form D) of the Wednesday","duration":37.08570899999995,"failureMessages":[],"location":{"line":245,"column":3},"meta":{},"tags":[],"benchmarks":[]},{"ancestorTitles":["E4-W09 opening hours in the calendar MSW handlers (S02 R-02-09, S06 §3)"],"fullName":"E4-W09 opening hours in the calendar MSW handlers (S02 R-02-09, S06 §3) R-02-09 a weekday absent from club.openingHours is closed: classes and ring blocks there get OUTSIDE_OPENING_HOURS","status":"passed","title":"R-02-09 a weekday absent from club.openingHours is closed: classes and ring blocks there get OUTSIDE_OPENING_HOURS","duration":37.176333,"failureMessages":[],"location":{"line":288,"column":3},"meta":{},"tags":[],"benchmarks":[]},{"ancestorTitles":["E4-W09 opening hours in the calendar MSW handlers (S02 R-02-09, S06 §3)"],"fullName":"E4-W09 opening hours in the calendar MSW handlers (S02 R-02-09, S06 §3) S06 §3 with an opening at 07:05 and 10-minute slots: 07:10 is the first valid start","status":"passed","title":"S06 §3 with an opening at 07:05 and 10-minute slots: 07:10 is the first valid start","duration":37.22158400000001,"failureMessages":[],"location":{"line":316,"column":3},"meta":{},"tags":[],"benchmarks":[]},{"ancestorTitles":["E4-W10 the template MSW handlers refuse a band on a closed day of the kind (S06 R-06-01, WeekTemplateRules)"],"fullName":"E4-W10 the template MSW handlers refuse a band on a closed day of the kind (S06 R-06-01, WeekTemplateRules) R-06-01 R-02-09 Monday closed: WEEKDAYS bands (new or moved) get OUTSIDE_OPENING_HOURS; the Saturday template still takes them","status":"passed","title":"R-06-01 R-02-09 Monday closed: WEEKDAYS bands (new or moved) get OUTSIDE_OPENING_HOURS; the Saturday template still takes them","duration":36.99804100000006,"failureMessages":[],"location":{"line":341,"column":3},"meta":{},"tags":[],"benchmarks":[]}],"startTime":1790377564444,"endTime":1790377564870.998,"status":"passed","message":"","name":"/Users/jordib/dev/agilityhub/agilityhub-core-web/packages/api-client/src/mocks/calendar-handlers.test.ts"},{"assertionResults":[{"ancestorTitles":["E4-W03 day-grid MSW handlers: roles, impersonation and tenant (S06 §6, MATRIU_PERMISOS)"],"fullName":"E4-W03 day-grid MSW handlers: roles, impersonation and tenant (S06 §6, MATRIU_PERMISOS) gives staff the instructor projection of a class and the full block","status":"passed","title":"gives staff the instructor projection of a class and the full block","duration":60.50937499999998,"failureMessages":[],"location":{"line":40,"column":3},"meta":{},"tags":[],"benchmarks":[]},{"ancestorTitles":["E4-W03 day-grid MSW handlers: roles, impersonation and tenant (S06 §6, MATRIU_PERMISOS)"],"fullName":"E4-W03 day-grid MSW handlers: roles, impersonation and tenant (S06 §6, MATRIU_PERMISOS) E5-T15 gives staff the detail-only instructorNames and ring of a class","status":"passed","title":"E5-T15 gives staff the detail-only instructorNames and ring of a class","duration":44.232417,"failureMessages":[],"location":{"line":46,"column":3},"meta":{},"tags":[],"benchmarks":[]},{"ancestorTitles":["E4-W03 day-grid MSW handlers: roles, impersonation and tenant (S06 §6, MATRIU_PERMISOS)"],"fullName":"E4-W03 day-grid MSW handlers: roles, impersonation and tenant (S06 §6, MATRIU_PERMISOS) gives the member the member projection of a class, never a cancelled one","status":"passed","title":"gives the member the member projection of a class, never a cancelled one","duration":46.26070800000002,"failureMessages":[],"location":{"line":54,"column":47},"meta":{},"tags":[],"benchmarks":[]},{"ancestorTitles":["E4-W03 day-grid MSW handlers: roles, impersonation and tenant (S06 §6, MATRIU_PERMISOS)"],"fullName":"E4-W03 day-grid MSW handlers: roles, impersonation and tenant (S06 §6, MATRIU_PERMISOS) gives the impersonated the member projection of a class, never a cancelled one","status":"passed","title":"gives the impersonated the member projection of a class, never a cancelled one","duration":44.15745800000002,"failureMessages":[],"location":{"line":54,"column":47},"meta":{},"tags":[],"benchmarks":[]},{"ancestorTitles":["E4-W03 day-grid MSW handlers: roles, impersonation and tenant (S06 §6, MATRIU_PERMISOS)"],"fullName":"E4-W03 day-grid MSW handlers: roles, impersonation and tenant (S06 §6, MATRIU_PERMISOS) redacts the block for a member (no note, no author) and denies the impersonation","status":"passed","title":"redacts the block for a member (no note, no author) and denies the impersonation","duration":33.57654100000002,"failureMessages":[],"location":{"line":70,"column":3},"meta":{},"tags":[],"benchmarks":[]},{"ancestorTitles":["E4-W03 day-grid MSW handlers: roles, impersonation and tenant (S06 §6, MATRIU_PERMISOS)"],"fullName":"E4-W03 day-grid MSW handlers: roles, impersonation and tenant (S06 §6, MATRIU_PERMISOS) answers 403 to a member or an impersonation cancelling a block, which stays active","status":"passed","title":"answers 403 to a member or an impersonation cancelling a block, which stays active","duration":37.48341700000003,"failureMessages":[],"location":{"line":83,"column":3},"meta":{},"tags":[],"benchmarks":[]},{"ancestorTitles":["E4-W03 day-grid MSW handlers: roles, impersonation and tenant (S06 §6, MATRIU_PERMISOS)"],"fullName":"E4-W03 day-grid MSW handlers: roles, impersonation and tenant (S06 §6, MATRIU_PERMISOS) answers 403 to the instructor view for a member and for an impersonation","status":"passed","title":"answers 403 to the instructor view for a member and for an impersonation","duration":33.38041599999997,"failureMessages":[],"location":{"line":96,"column":3},"meta":{},"tags":[],"benchmarks":[]},{"ancestorTitles":["E4-W03 day-grid MSW handlers: roles, impersonation and tenant (S06 §6, MATRIU_PERMISOS)"],"fullName":"E4-W03 day-grid MSW handlers: roles, impersonation and tenant (S06 §6, MATRIU_PERMISOS) scopes the fixtures to their club: another tenant gets 404 and empty days","status":"passed","title":"scopes the fixtures to their club: another tenant gets 404 and empty days","duration":41.73458299999993,"failureMessages":[],"location":{"line":110,"column":3},"meta":{},"tags":[],"benchmarks":[]},{"ancestorTitles":["E4-W03 day-grid MSW handlers: roles, impersonation and tenant (S06 §6, MATRIU_PERMISOS)"],"fullName":"E4-W03 day-grid MSW handlers: roles, impersonation and tenant (S06 §6, MATRIU_PERMISOS) answers 400 VALIDATION_ERROR to date=2026-13-01","status":"passed","title":"answers 400 VALIDATION_ERROR to date=2026-13-01","duration":30.670292000000018,"failureMessages":[],"location":{"line":120,"column":62},"meta":{},"tags":[],"benchmarks":[]},{"ancestorTitles":["E4-W03 day-grid MSW handlers: roles, impersonation and tenant (S06 §6, MATRIU_PERMISOS)"],"fullName":"E4-W03 day-grid MSW handlers: roles, impersonation and tenant (S06 §6, MATRIU_PERMISOS) answers 400 VALIDATION_ERROR to date=2026-08-32","status":"passed","title":"answers 400 VALIDATION_ERROR to date=2026-08-32","duration":29.501041999999984,"failureMessages":[],"location":{"line":120,"column":62},"meta":{},"tags":[],"benchmarks":[]},{"ancestorTitles":["E4-W03 day-grid MSW handlers: roles, impersonation and tenant (S06 §6, MATRIU_PERMISOS)"],"fullName":"E4-W03 day-grid MSW handlers: roles, impersonation and tenant (S06 §6, MATRIU_PERMISOS) answers 400 VALIDATION_ERROR to date=2026-02-30","status":"passed","title":"answers 400 VALIDATION_ERROR to date=2026-02-30","duration":29.379834000000074,"failureMessages":[],"location":{"line":120,"column":62},"meta":{},"tags":[],"benchmarks":[]},{"ancestorTitles":["E4-W03 day-grid MSW handlers: roles, impersonation and tenant (S06 §6, MATRIU_PERMISOS)"],"fullName":"E4-W03 day-grid MSW handlers: roles, impersonation and tenant (S06 §6, MATRIU_PERMISOS) answers 400 VALIDATION_ERROR to date=hola","status":"passed","title":"answers 400 VALIDATION_ERROR to date=hola","duration":29.402333999999996,"failureMessages":[],"location":{"line":120,"column":62},"meta":{},"tags":[],"benchmarks":[]},{"ancestorTitles":["E4-W03 day-grid MSW handlers: roles, impersonation and tenant (S06 §6, MATRIU_PERMISOS)"],"fullName":"E4-W03 day-grid MSW handlers: roles, impersonation and tenant (S06 §6, MATRIU_PERMISOS) answers 400 VALIDATION_ERROR with empty details to view=\"foo\"","status":"passed","title":"answers 400 VALIDATION_ERROR with empty details to view=\"foo\"","duration":29.109375,"failureMessages":[],"location":{"line":133,"column":29},"meta":{},"tags":[],"benchmarks":[]},{"ancestorTitles":["E4-W03 day-grid MSW handlers: roles, impersonation and tenant (S06 §6, MATRIU_PERMISOS)"],"fullName":"E4-W03 day-grid MSW handlers: roles, impersonation and tenant (S06 §6, MATRIU_PERMISOS) answers 400 VALIDATION_ERROR with empty details to view=\"MEMBER\"","status":"passed","title":"answers 400 VALIDATION_ERROR with empty details to view=\"MEMBER\"","duration":29.401458000000048,"failureMessages":[],"location":{"line":133,"column":29},"meta":{},"tags":[],"benchmarks":[]},{"ancestorTitles":["E4-W03 day-grid MSW handlers: roles, impersonation and tenant (S06 §6, MATRIU_PERMISOS)"],"fullName":"E4-W03 day-grid MSW handlers: roles, impersonation and tenant (S06 §6, MATRIU_PERMISOS) serves the member view to view=\"\"","status":"passed","title":"serves the member view to view=\"\"","duration":28.939624999999978,"failureMessages":[],"location":{"line":146,"column":27},"meta":{},"tags":[],"benchmarks":[]},{"ancestorTitles":["E4-W03 day-grid MSW handlers: roles, impersonation and tenant (S06 §6, MATRIU_PERMISOS)"],"fullName":"E4-W03 day-grid MSW handlers: roles, impersonation and tenant (S06 §6, MATRIU_PERMISOS) serves the member view to view=undefined","status":"passed","title":"serves the member view to view=undefined","duration":28.906875000000014,"failureMessages":[],"location":{"line":146,"column":27},"meta":{},"tags":[],"benchmarks":[]}],"startTime":1790377564349,"endTime":1790377564925.907,"status":"passed","message":"","name":"/Users/jordib/dev/agilityhub/agilityhub-core-web/packages/api-client/src/mocks/day-grid-handlers.test.ts"},{"assertionResults":[{"ancestorTitles":["T-01-25 OpenAPI mock fixture contract"],"fullName":"T-01-25 OpenAPI mock fixture contract maps every JSON fixture to an authoritative component schema","status":"passed","title":"maps every JSON fixture to an authoritative component schema","duration":0.7556250000000091,"failureMessages":[],"location":{"line":119,"column":3},"meta":{},"tags":[],"benchmarks":[]},{"ancestorTitles":["T-01-25 OpenAPI mock fixture contract"],"fullName":"T-01-25 OpenAPI mock fixture contract validates audit-entries.json","status":"passed","title":"validates audit-entries.json","duration":12.486875000000055,"failureMessages":[],"location":{"line":123,"column":24},"meta":{},"tags":[],"benchmarks":[]},{"ancestorTitles":["T-01-25 OpenAPI mock fixture contract"],"fullName":"T-01-25 OpenAPI mock fixture contract validates branding-canic.json","status":"passed","title":"validates branding-canic.json","duration":15.614958999999999,"failureMessages":[],"location":{"line":123,"column":24},"meta":{},"tags":[],"benchmarks":[]},{"ancestorTitles":["T-01-25 OpenAPI mock fixture contract"],"fullName":"T-01-25 OpenAPI mock fixture contract validates branding-minim.json","status":"passed","title":"validates branding-minim.json","duration":13.955874999999992,"failureMessages":[],"location":{"line":123,"column":24},"meta":{},"tags":[],"benchmarks":[]},{"ancestorTitles":["T-01-25 OpenAPI mock fixture contract"],"fullName":"T-01-25 OpenAPI mock fixture contract validates club-pages.json","status":"passed","title":"validates club-pages.json","duration":13.160499999999956,"failureMessages":[],"location":{"line":123,"column":24},"meta":{},"tags":[],"benchmarks":[]},{"ancestorTitles":["T-01-25 OpenAPI mock fixture contract"],"fullName":"T-01-25 OpenAPI mock fixture contract validates dashboard.json","status":"passed","title":"validates dashboard.json","duration":14.769750000000045,"failureMessages":[],"location":{"line":123,"column":24},"meta":{},"tags":[],"benchmarks":[]},{"ancestorTitles":["T-01-25 OpenAPI mock fixture contract"],"fullName":"T-01-25 OpenAPI mock fixture contract validates export-jobs.json","status":"passed","title":"validates export-jobs.json","duration":10.882041999999956,"failureMessages":[],"location":{"line":123,"column":24},"meta":{},"tags":[],"benchmarks":[]},{"ancestorTitles":["T-01-25 OpenAPI mock fixture contract"],"fullName":"T-01-25 OpenAPI mock fixture contract validates me-admin.json","status":"passed","title":"validates me-admin.json","duration":11.930541999999946,"failureMessages":[],"location":{"line":123,"column":24},"meta":{},"tags":[],"benchmarks":[]},{"ancestorTitles":["T-01-25 OpenAPI mock fixture contract"],"fullName":"T-01-25 OpenAPI mock fixture contract validates me-impersonated.json","status":"passed","title":"validates me-impersonated.json","duration":12.214833999999996,"failureMessages":[],"location":{"line":123,"column":24},"meta":{},"tags":[],"benchmarks":[]},{"ancestorTitles":["T-01-25 OpenAPI mock fixture contract"],"fullName":"T-01-25 OpenAPI mock fixture contract validates me-instructor.json","status":"passed","title":"validates me-instructor.json","duration":10.940584000000058,"failureMessages":[],"location":{"line":123,"column":24},"meta":{},"tags":[],"benchmarks":[]},{"ancestorTitles":["T-01-25 OpenAPI mock fixture contract"],"fullName":"T-01-25 OpenAPI mock fixture contract validates me-member.json","status":"passed","title":"validates me-member.json","duration":11.544457999999963,"failureMessages":[],"location":{"line":123,"column":24},"meta":{},"tags":[],"benchmarks":[]},{"ancestorTitles":["T-01-25 OpenAPI mock fixture contract"],"fullName":"T-01-25 OpenAPI mock fixture contract validates me-multi-profile.json","status":"passed","title":"validates me-multi-profile.json","duration":11.185207999999989,"failureMessages":[],"location":{"line":123,"column":24},"meta":{},"tags":[],"benchmarks":[]},{"ancestorTitles":["T-01-25 OpenAPI mock fixture contract"],"fullName":"T-01-25 OpenAPI mock fixture contract validates member-signup-review.json","status":"passed","title":"validates member-signup-review.json","duration":21.701458000000002,"failureMessages":[],"location":{"line":123,"column":24},"meta":{},"tags":[],"benchmarks":[]},{"ancestorTitles":["T-01-25 OpenAPI mock fixture contract"],"fullName":"T-01-25 OpenAPI mock fixture contract validates sessions.json","status":"passed","title":"validates sessions.json","duration":10.591665999999918,"failureMessages":[],"location":{"line":123,"column":24},"meta":{},"tags":[],"benchmarks":[]},{"ancestorTitles":["T-01-25 OpenAPI mock fixture contract"],"fullName":"T-01-25 OpenAPI mock fixture contract validates signup-config-canic.json","status":"passed","title":"validates signup-config-canic.json","duration":14.282083000000057,"failureMessages":[],"location":{"line":123,"column":24},"meta":{},"tags":[],"benchmarks":[]},{"ancestorTitles":["E4-W01 planning fixtures follow the S06 contract (WeekTemplate, Coverage, WeekListItem)"],"fullName":"E4-W01 planning fixtures follow the S06 contract (WeekTemplate, Coverage, WeekListItem) validates the Setmana A template","status":"passed","title":"validates the Setmana A template","duration":2.7294999999999163,"failureMessages":[],"location":{"line":147,"column":86},"meta":{},"tags":[],"benchmarks":[]},{"ancestorTitles":["E4-W01 planning fixtures follow the S06 contract (WeekTemplate, Coverage, WeekListItem)"],"fullName":"E4-W01 planning fixtures follow the S06 contract (WeekTemplate, Coverage, WeekListItem) validates the Setmana B template","status":"passed","title":"validates the Setmana B template","duration":2.098165999999992,"failureMessages":[],"location":{"line":147,"column":86},"meta":{},"tags":[],"benchmarks":[]},{"ancestorTitles":["E4-W01 planning fixtures follow the S06 contract (WeekTemplate, Coverage, WeekListItem)"],"fullName":"E4-W01 planning fixtures follow the S06 contract (WeekTemplate, Coverage, WeekListItem) validates the Dissabtes template","status":"passed","title":"validates the Dissabtes template","duration":1.5607089999999744,"failureMessages":[],"location":{"line":147,"column":86},"meta":{},"tags":[],"benchmarks":[]},{"ancestorTitles":["E4-W01 planning fixtures follow the S06 contract (WeekTemplate, Coverage, WeekListItem)"],"fullName":"E4-W01 planning fixtures follow the S06 contract (WeekTemplate, Coverage, WeekListItem) validates the E29 level catalog (Level.progression overlay of pending.json)","status":"passed","title":"validates the E29 level catalog (Level.progression overlay of pending.json)","duration":0.26350000000002183,"failureMessages":[],"location":{"line":155,"column":3},"meta":{},"tags":[],"benchmarks":[]},{"ancestorTitles":["E4-W01 planning fixtures follow the S06 contract (WeekTemplate, Coverage, WeekListItem)"],"fullName":"E4-W01 planning fixtures follow the S06 contract (WeekTemplate, Coverage, WeekListItem) keeps every fixture description equal to the mock resolver, so an edit never flips «D i sup.»","status":"passed","title":"keeps every fixture description equal to the mock resolver, so an edit never flips «D i sup.»","duration":0.5697499999999991,"failureMessages":[],"location":{"line":171,"column":3},"meta":{},"tags":[],"benchmarks":[]},{"ancestorTitles":["E4-W01 planning fixtures follow the S06 contract (WeekTemplate, Coverage, WeekListItem)"],"fullName":"E4-W01 planning fixtures follow the S06 contract (WeekTemplate, Coverage, WeekListItem) validates the coverage table and the week list items","status":"passed","title":"validates the coverage table and the week list items","duration":2.3854579999999714,"failureMessages":[],"location":{"line":189,"column":3},"meta":{},"tags":[],"benchmarks":[]},{"ancestorTitles":["E4-W02 calendar fixtures follow the S06 contract (ClassSession, RingBlock, CancellationPreview)"],"fullName":"E4-W02 calendar fixtures follow the S06 contract (ClassSession, RingBlock, CancellationPreview) validates every class session of the D4, D4b and inconsistent weeks","status":"passed","title":"validates every class session of the D4, D4b and inconsistent weeks","duration":3.18258400000002,"failureMessages":[],"location":{"line":214,"column":3},"meta":{},"tags":[],"benchmarks":[]},{"ancestorTitles":["E4-W02 calendar fixtures follow the S06 contract (ClassSession, RingBlock, CancellationPreview)"],"fullName":"E4-W02 calendar fixtures follow the S06 contract (ClassSession, RingBlock, CancellationPreview) keeps every calendar fixture description equal to the mock resolver (E29: {F,G} = «F i sup.»)","status":"passed","title":"keeps every calendar fixture description equal to the mock resolver (E29: {F,G} = «F i sup.»)","duration":0.32083399999999074,"failureMessages":[],"location":{"line":232,"column":3},"meta":{},"tags":[],"benchmarks":[]},{"ancestorTitles":["E4-W02 calendar fixtures follow the S06 contract (ClassSession, RingBlock, CancellationPreview)"],"fullName":"E4-W02 calendar fixtures follow the S06 contract (ClassSession, RingBlock, CancellationPreview) validates the ring block and the cancellation preview of the Wednesday 18:50 class","status":"passed","title":"validates the ring block and the cancellation preview of the Wednesday 18:50 class","duration":1.937167000000045,"failureMessages":[],"location":{"line":247,"column":3},"meta":{},"tags":[],"benchmarks":[]},{"ancestorTitles":["E4-W02 calendar fixtures follow the S06 contract (ClassSession, RingBlock, CancellationPreview)"],"fullName":"E4-W02 calendar fixtures follow the S06 contract (ClassSession, RingBlock, CancellationPreview) R-06-14 derives UTC instants from the club-local time across the DST change","status":"passed","title":"R-06-14 derives UTC instants from the club-local time across the DST change","duration":1.2232079999999996,"failureMessages":[],"location":{"line":269,"column":3},"meta":{},"tags":[],"benchmarks":[]},{"ancestorTitles":["E4-W03 day-grid fixtures follow the S06 contract (DayGrid form D, ClassSession, RingBlock)"],"fullName":"E4-W03 day-grid fixtures follow the S06 contract (DayGrid form D, ClassSession, RingBlock) validates the 2026-08-03 member grid","status":"passed","title":"validates the 2026-08-03 member grid","duration":2.2855839999999716,"failureMessages":[],"location":{"line":301,"column":95},"meta":{},"tags":[],"benchmarks":[]},{"ancestorTitles":["E4-W03 day-grid fixtures follow the S06 contract (DayGrid form D, ClassSession, RingBlock)"],"fullName":"E4-W03 day-grid fixtures follow the S06 contract (DayGrid form D, ClassSession, RingBlock) validates the 2026-08-03 instructor grid","status":"passed","title":"validates the 2026-08-03 instructor grid","duration":0.8524589999999534,"failureMessages":[],"location":{"line":301,"column":95},"meta":{},"tags":[],"benchmarks":[]},{"ancestorTitles":["E4-W03 day-grid fixtures follow the S06 contract (DayGrid form D, ClassSession, RingBlock)"],"fullName":"E4-W03 day-grid fixtures follow the S06 contract (DayGrid form D, ClassSession, RingBlock) validates the 2026-08-04 member grid","status":"passed","title":"validates the 2026-08-04 member grid","duration":0.6544159999999692,"failureMessages":[],"location":{"line":301,"column":95},"meta":{},"tags":[],"benchmarks":[]},{"ancestorTitles":["E4-W03 day-grid fixtures follow the S06 contract (DayGrid form D, ClassSession, RingBlock)"],"fullName":"E4-W03 day-grid fixtures follow the S06 contract (DayGrid form D, ClassSession, RingBlock) validates the 2026-08-04 instructor grid","status":"passed","title":"validates the 2026-08-04 instructor grid","duration":0.63900000000001,"failureMessages":[],"location":{"line":301,"column":95},"meta":{},"tags":[],"benchmarks":[]},{"ancestorTitles":["E4-W03 day-grid fixtures follow the S06 contract (DayGrid form D, ClassSession, RingBlock)"],"fullName":"E4-W03 day-grid fixtures follow the S06 contract (DayGrid form D, ClassSession, RingBlock) validates the 2026-08-05 member grid","status":"passed","title":"validates the 2026-08-05 member grid","duration":0.5819169999999758,"failureMessages":[],"location":{"line":301,"column":95},"meta":{},"tags":[],"benchmarks":[]},{"ancestorTitles":["E4-W03 day-grid fixtures follow the S06 contract (DayGrid form D, ClassSession, RingBlock)"],"fullName":"E4-W03 day-grid fixtures follow the S06 contract (DayGrid form D, ClassSession, RingBlock) validates the 2026-08-05 instructor grid","status":"passed","title":"validates the 2026-08-05 instructor grid","duration":0.5575840000000198,"failureMessages":[],"location":{"line":301,"column":95},"meta":{},"tags":[],"benchmarks":[]},{"ancestorTitles":["E4-W03 day-grid fixtures follow the S06 contract (DayGrid form D, ClassSession, RingBlock)"],"fullName":"E4-W03 day-grid fixtures follow the S06 contract (DayGrid form D, ClassSession, RingBlock) validates the 2026-08-06 member grid","status":"passed","title":"validates the 2026-08-06 member grid","duration":0.5945840000000544,"failureMessages":[],"location":{"line":301,"column":95},"meta":{},"tags":[],"benchmarks":[]},{"ancestorTitles":["E4-W03 day-grid fixtures follow the S06 contract (DayGrid form D, ClassSession, RingBlock)"],"fullName":"E4-W03 day-grid fixtures follow the S06 contract (DayGrid form D, ClassSession, RingBlock) validates the 2026-08-06 instructor grid","status":"passed","title":"validates the 2026-08-06 instructor grid","duration":0.561458000000016,"failureMessages":[],"location":{"line":301,"column":95},"meta":{},"tags":[],"benchmarks":[]},{"ancestorTitles":["E4-W03 day-grid fixtures follow the S06 contract (DayGrid form D, ClassSession, RingBlock)"],"fullName":"E4-W03 day-grid fixtures follow the S06 contract (DayGrid form D, ClassSession, RingBlock) projects the member view as the api does (R-06-12): no counts, names, notes nor staff kinds","status":"passed","title":"projects the member view as the api does (R-06-12): no counts, names, notes nor staff kinds","duration":2.1557090000000017,"failureMessages":[],"location":{"line":310,"column":3},"meta":{},"tags":[],"benchmarks":[]},{"ancestorTitles":["E4-W03 day-grid fixtures follow the S06 contract (DayGrid form D, ClassSession, RingBlock)"],"fullName":"E4-W03 day-grid fixtures follow the S06 contract (DayGrid form D, ClassSession, RingBlock) carries the screen 23 counts, trainings, block and cancelled class in the instructor view","status":"passed","title":"carries the screen 23 counts, trainings, block and cancelled class in the instructor view","duration":0.3065829999999323,"failureMessages":[],"location":{"line":347,"column":3},"meta":{},"tags":[],"benchmarks":[]},{"ancestorTitles":["E4-W03 day-grid fixtures follow the S06 contract (DayGrid form D, ClassSession, RingBlock)"],"fullName":"E4-W03 day-grid fixtures follow the S06 contract (DayGrid form D, ClassSession, RingBlock) validates the class sessions and ring blocks behind the screen 23 drawers","status":"passed","title":"validates the class sessions and ring blocks behind the screen 23 drawers","duration":8.616041999999993,"failureMessages":[],"location":{"line":388,"column":3},"meta":{},"tags":[],"benchmarks":[]},{"ancestorTitles":["E4-W03 day-grid fixtures follow the S06 contract (DayGrid form D, ClassSession, RingBlock)"],"fullName":"E4-W03 day-grid fixtures follow the S06 contract (DayGrid form D, ClassSession, RingBlock) sends the «Sense» column last, translated, only when a class has no ring","status":"passed","title":"sends the «Sense» column last, translated, only when a class has no ring","duration":0.16458299999999326,"failureMessages":[],"location":{"line":404,"column":3},"meta":{},"tags":[],"benchmarks":[]},{"ancestorTitles":["E4-W03 day-grid fixtures follow the S06 contract (DayGrid form D, ClassSession, RingBlock)"],"fullName":"E4-W03 day-grid fixtures follow the S06 contract (DayGrid form D, ClassSession, RingBlock) validates the member projections of the class and the block (S06 §6 «Altres formes»)","status":"passed","title":"validates the member projections of the class and the block (S06 §6 «Altres formes»)","duration":17.706792000000064,"failureMessages":[],"location":{"line":418,"column":3},"meta":{},"tags":[],"benchmarks":[]},{"ancestorTitles":["E3-W08 the computed signup configuration and results follow SignupConfig and SignupUpfront"],"fullName":"E3-W08 the computed signup configuration and results follow SignupConfig and SignupUpfront validates GET /signup on 2026-08-05 (add-dog: false) and each submission upfront","status":"passed","title":"validates GET /signup on 2026-08-05 (add-dog: false) and each submission upfront","duration":6.239958999999999,"failureMessages":[],"location":{"line":460,"column":14},"meta":{},"tags":[],"benchmarks":[]},{"ancestorTitles":["E3-W08 the computed signup configuration and results follow SignupConfig and SignupUpfront"],"fullName":"E3-W08 the computed signup configuration and results follow SignupConfig and SignupUpfront validates GET /signup on 2026-08-17 (add-dog: false) and each submission upfront","status":"passed","title":"validates GET /signup on 2026-08-17 (add-dog: false) and each submission upfront","duration":2.0294999999999845,"failureMessages":[],"location":{"line":460,"column":14},"meta":{},"tags":[],"benchmarks":[]},{"ancestorTitles":["E3-W08 the computed signup configuration and results follow SignupConfig and SignupUpfront"],"fullName":"E3-W08 the computed signup configuration and results follow SignupConfig and SignupUpfront validates GET /signup on 2026-12-31 (add-dog: false) and each submission upfront","status":"passed","title":"validates GET /signup on 2026-12-31 (add-dog: false) and each submission upfront","duration":1.888166999999953,"failureMessages":[],"location":{"line":460,"column":14},"meta":{},"tags":[],"benchmarks":[]},{"ancestorTitles":["E3-W08 the computed signup configuration and results follow SignupConfig and SignupUpfront"],"fullName":"E3-W08 the computed signup configuration and results follow SignupConfig and SignupUpfront validates GET /signup on 2026-08-17 (add-dog: true) and each submission upfront","status":"passed","title":"validates GET /signup on 2026-08-17 (add-dog: true) and each submission upfront","duration":1.8318749999999682,"failureMessages":[],"location":{"line":460,"column":14},"meta":{},"tags":[],"benchmarks":[]},{"ancestorTitles":["E3-W08 the computed signup configuration and results follow SignupConfig and SignupUpfront"],"fullName":"E3-W08 the computed signup configuration and results follow SignupConfig and SignupUpfront validates GET /signup on 2026-08-26 (add-dog: true) and each submission upfront","status":"passed","title":"validates GET /signup on 2026-08-26 (add-dog: true) and each submission upfront","duration":2.4842909999999847,"failureMessages":[],"location":{"line":460,"column":14},"meta":{},"tags":[],"benchmarks":[]},{"ancestorTitles":["E3-W07 D2 signup review fixtures follow the S04 contract (MemberSignupView, ValidationDryRun)"],"fullName":"E3-W07 D2 signup review fixtures follow the S04 contract (MemberSignupView, ValidationDryRun) validates the the mockup view, each dog with its own version","status":"passed","title":"validates the the mockup view, each dog with its own version","duration":8.94779200000005,"failureMessages":[],"location":{"line":508,"column":5},"meta":{},"tags":[],"benchmarks":[]},{"ancestorTitles":["E3-W07 D2 signup review fixtures follow the S04 contract (MemberSignupView, ValidationDryRun)"],"fullName":"E3-W07 D2 signup review fixtures follow the S04 contract (MemberSignupView, ValidationDryRun) validates the manual view, each dog with its own version","status":"passed","title":"validates the manual view, each dog with its own version","duration":1.3457919999999604,"failureMessages":[],"location":{"line":508,"column":5},"meta":{},"tags":[],"benchmarks":[]},{"ancestorTitles":["E3-W07 D2 signup review fixtures follow the S04 contract (MemberSignupView, ValidationDryRun)"],"fullName":"E3-W07 D2 signup review fixtures follow the S04 contract (MemberSignupView, ValidationDryRun) validates the family pending view, each dog with its own version","status":"passed","title":"validates the family pending view, each dog with its own version","duration":1.669499999999971,"failureMessages":[],"location":{"line":508,"column":5},"meta":{},"tags":[],"benchmarks":[]},{"ancestorTitles":["E3-W07 D2 signup review fixtures follow the S04 contract (MemberSignupView, ValidationDryRun)"],"fullName":"E3-W07 D2 signup review fixtures follow the S04 contract (MemberSignupView, ValidationDryRun) validates the add-dog view, each dog with its own version","status":"passed","title":"validates the add-dog view, each dog with its own version","duration":1.1960830000000442,"failureMessages":[],"location":{"line":508,"column":5},"meta":{},"tags":[],"benchmarks":[]},{"ancestorTitles":["E3-W07 D2 signup review fixtures follow the S04 contract (MemberSignupView, ValidationDryRun)"],"fullName":"E3-W07 D2 signup review fixtures follow the S04 contract (MemberSignupView, ValidationDryRun) validates the a derived D1 row view, each dog with its own version","status":"passed","title":"validates the a derived D1 row view, each dog with its own version","duration":1.2213749999999663,"failureMessages":[],"location":{"line":508,"column":5},"meta":{},"tags":[],"benchmarks":[]},{"ancestorTitles":["E3-W07 D2 signup review fixtures follow the S04 contract (MemberSignupView, ValidationDryRun)"],"fullName":"E3-W07 D2 signup review fixtures follow the S04 contract (MemberSignupView, ValidationDryRun) validates the readmission (E38) view, each dog with its own version","status":"passed","title":"validates the readmission (E38) view, each dog with its own version","duration":1.319833000000017,"failureMessages":[],"location":{"line":508,"column":5},"meta":{},"tags":[],"benchmarks":[]},{"ancestorTitles":["E3-W07 D2 signup review fixtures follow the S04 contract (MemberSignupView, ValidationDryRun)"],"fullName":"E3-W07 D2 signup review fixtures follow the S04 contract (MemberSignupView, ValidationDryRun) validates every plan's dry run and deducts what was paid (S04 §5, E39)","status":"passed","title":"validates every plan's dry run and deducts what was paid (S04 §5, E39)","duration":1.4201249999999845,"failureMessages":[],"location":{"line":514,"column":3},"meta":{},"tags":[],"benchmarks":[]},{"ancestorTitles":["E3-W07 D2 signup review fixtures follow the S04 contract (MemberSignupView, ValidationDryRun)","E39b: a plan change closes a PARTIAL line (S04 §5)"],"fullName":"E3-W07 D2 signup review fixtures follow the S04 contract (MemberSignupView, ValidationDryRun) E39b: a plan change closes a PARTIAL line (S04 §5) a 60 € quote leaves 10 € to pay: the PARTIAL line is CANCELLED and a PAID line records the 50 €","status":"passed","title":"a 60 € quote leaves 10 € to pay: the PARTIAL line is CANCELLED and a PAID line records the 50 €","duration":0.5491670000000113,"failureMessages":[],"location":{"line":592,"column":5},"meta":{},"tags":[],"benchmarks":[]},{"ancestorTitles":["E3-W07 D2 signup review fixtures follow the S04 contract (MemberSignupView, ValidationDryRun)","E39b: a plan change closes a PARTIAL line (S04 §5)"],"fullName":"E3-W07 D2 signup review fixtures follow the S04 contract (MemberSignupView, ValidationDryRun) E39b: a plan change closes a PARTIAL line (S04 §5) a 40 € quote adds no line to pay and warns PAID_EXCEEDS_QUOTE for the 10 € to refund","status":"passed","title":"a 40 € quote adds no line to pay and warns PAID_EXCEEDS_QUOTE for the 10 € to refund","duration":0.09424999999998818,"failureMessages":[],"location":{"line":616,"column":5},"meta":{},"tags":[],"benchmarks":[]},{"ancestorTitles":["E3-W07 D2 signup review fixtures follow the S04 contract (MemberSignupView, ValidationDryRun)","E39b: a plan change closes a PARTIAL line (S04 §5)"],"fullName":"E3-W07 D2 signup review fixtures follow the S04 contract (MemberSignupView, ValidationDryRun) E39b: a plan change closes a PARTIAL line (S04 §5) the requested plan keeps the PARTIAL line open (no plan change)","status":"passed","title":"the requested plan keeps the PARTIAL line open (no plan change)","duration":0.06454199999996035,"failureMessages":[],"location":{"line":623,"column":5},"meta":{},"tags":[],"benchmarks":[]}],"startTime":1790377564481,"endTime":1790377564752.549,"status":"passed","message":"","name":"/Users/jordib/dev/agilityhub/agilityhub-core-web/packages/api-client/src/mocks/fixtures.contract.test.ts"},{"assertionResults":[{"ancestorTitles":["E4-W07 MSW list exports answer like the api (R-14-12, CONVENCIONS_API §4)"],"fullName":"E4-W07 MSW list exports answer like the api (R-14-12, CONVENCIONS_API §4) members /members/export: 200 with the file, its Content-Type and the api's file name","status":"passed","title":"members /members/export: 200 with the file, its Content-Type and the api's file name","duration":13.161583000000007,"failureMessages":[],"location":{"line":52,"column":4},"meta":{},"tags":[],"benchmarks":[]},{"ancestorTitles":["E4-W07 MSW list exports answer like the api (R-14-12, CONVENCIONS_API §4)"],"fullName":"E4-W07 MSW list exports answer like the api (R-14-12, CONVENCIONS_API §4) members /members/export: 200 with the file, its Content-Type and the api's file name","status":"passed","title":"members /members/export: 200 with the file, its Content-Type and the api's file name","duration":4.039708999999959,"failureMessages":[],"location":{"line":52,"column":4},"meta":{},"tags":[],"benchmarks":[]},{"ancestorTitles":["E4-W07 MSW list exports answer like the api (R-14-12, CONVENCIONS_API §4)"],"fullName":"E4-W07 MSW list exports answer like the api (R-14-12, CONVENCIONS_API §4) dogs /dogs/export: 200 with the file, its Content-Type and the api's file name","status":"passed","title":"dogs /dogs/export: 200 with the file, its Content-Type and the api's file name","duration":2.676708000000019,"failureMessages":[],"location":{"line":52,"column":4},"meta":{},"tags":[],"benchmarks":[]},{"ancestorTitles":["E4-W07 MSW list exports answer like the api (R-14-12, CONVENCIONS_API §4)"],"fullName":"E4-W07 MSW list exports answer like the api (R-14-12, CONVENCIONS_API §4) dogs /dogs/export: 200 with the file, its Content-Type and the api's file name","status":"passed","title":"dogs /dogs/export: 200 with the file, its Content-Type and the api's file name","duration":1.63983300000001,"failureMessages":[],"location":{"line":52,"column":4},"meta":{},"tags":[],"benchmarks":[]},{"ancestorTitles":["E4-W07 MSW list exports answer like the api (R-14-12, CONVENCIONS_API §4)"],"fullName":"E4-W07 MSW list exports answer like the api (R-14-12, CONVENCIONS_API §4) audit-entries /audit-entries/export: 200 with the file, its Content-Type and the api's file name","status":"passed","title":"audit-entries /audit-entries/export: 200 with the file, its Content-Type and the api's file name","duration":1.8024169999999913,"failureMessages":[],"location":{"line":52,"column":4},"meta":{},"tags":[],"benchmarks":[]},{"ancestorTitles":["E4-W07 MSW list exports answer like the api (R-14-12, CONVENCIONS_API §4)"],"fullName":"E4-W07 MSW list exports answer like the api (R-14-12, CONVENCIONS_API §4) audit-entries /audit-entries/export: 200 with the file, its Content-Type and the api's file name","status":"passed","title":"audit-entries /audit-entries/export: 200 with the file, its Content-Type and the api's file name","duration":1.0796659999999747,"failureMessages":[],"location":{"line":52,"column":4},"meta":{},"tags":[],"benchmarks":[]},{"ancestorTitles":["E4-W07 MSW list exports answer like the api (R-14-12, CONVENCIONS_API §4)"],"fullName":"E4-W07 MSW list exports answer like the api (R-14-12, CONVENCIONS_API §4) activities /activities/export: 200 with the file, its Content-Type and the api's file name","status":"passed","title":"activities /activities/export: 200 with the file, its Content-Type and the api's file name","duration":1.7717079999999896,"failureMessages":[],"location":{"line":52,"column":4},"meta":{},"tags":[],"benchmarks":[]},{"ancestorTitles":["E4-W07 MSW list exports answer like the api (R-14-12, CONVENCIONS_API §4)"],"fullName":"E4-W07 MSW list exports answer like the api (R-14-12, CONVENCIONS_API §4) activities /activities/export: 200 with the file, its Content-Type and the api's file name","status":"passed","title":"activities /activities/export: 200 with the file, its Content-Type and the api's file name","duration":1.636082999999985,"failureMessages":[],"location":{"line":52,"column":4},"meta":{},"tags":[],"benchmarks":[]},{"ancestorTitles":["E4-W07 MSW list exports answer like the api (R-14-12, CONVENCIONS_API §4)"],"fullName":"E4-W07 MSW list exports answer like the api (R-14-12, CONVENCIONS_API §4) activity-registrations /activity-registrations/export: 200 with the file, its Content-Type and the api's file name","status":"passed","title":"activity-registrations /activity-registrations/export: 200 with the file, its Content-Type and the api's file name","duration":2.7978749999999764,"failureMessages":[],"location":{"line":52,"column":4},"meta":{},"tags":[],"benchmarks":[]},{"ancestorTitles":["E4-W07 MSW list exports answer like the api (R-14-12, CONVENCIONS_API §4)"],"fullName":"E4-W07 MSW list exports answer like the api (R-14-12, CONVENCIONS_API §4) activity-registrations /activity-registrations/export: 200 with the file, its Content-Type and the api's file name","status":"passed","title":"activity-registrations /activity-registrations/export: 200 with the file, its Content-Type and the api's file name","duration":1.205083000000002,"failureMessages":[],"location":{"line":52,"column":4},"meta":{},"tags":[],"benchmarks":[]},{"ancestorTitles":["E4-W07 MSW list exports answer like the api (R-14-12, CONVENCIONS_API §4)"],"fullName":"E4-W07 MSW list exports answer like the api (R-14-12, CONVENCIONS_API §4) members: the exportsQueued switch answers 202 {jobId, statusUrl} and the drawer's job turns READY with the api's name","status":"passed","title":"members: the exportsQueued switch answers 202 {jobId, statusUrl} and the drawer's job turns READY with the api's name","duration":4.894208999999989,"failureMessages":[],"location":{"line":72,"column":17},"meta":{},"tags":[],"benchmarks":[]},{"ancestorTitles":["E4-W07 MSW list exports answer like the api (R-14-12, CONVENCIONS_API §4)"],"fullName":"E4-W07 MSW list exports answer like the api (R-14-12, CONVENCIONS_API §4) dogs: the exportsQueued switch answers 202 {jobId, statusUrl} and the drawer's job turns READY with the api's name","status":"passed","title":"dogs: the exportsQueued switch answers 202 {jobId, statusUrl} and the drawer's job turns READY with the api's name","duration":4.015709000000015,"failureMessages":[],"location":{"line":72,"column":17},"meta":{},"tags":[],"benchmarks":[]},{"ancestorTitles":["E4-W07 MSW list exports answer like the api (R-14-12, CONVENCIONS_API §4)"],"fullName":"E4-W07 MSW list exports answer like the api (R-14-12, CONVENCIONS_API §4) audit-entries: the exportsQueued switch answers 202 {jobId, statusUrl} and the drawer's job turns READY with the api's name","status":"passed","title":"audit-entries: the exportsQueued switch answers 202 {jobId, statusUrl} and the drawer's job turns READY with the api's name","duration":4.597707999999955,"failureMessages":[],"location":{"line":72,"column":17},"meta":{},"tags":[],"benchmarks":[]},{"ancestorTitles":["E4-W07 MSW list exports answer like the api (R-14-12, CONVENCIONS_API §4)"],"fullName":"E4-W07 MSW list exports answer like the api (R-14-12, CONVENCIONS_API §4) activities: the exportsQueued switch answers 202 {jobId, statusUrl} and the drawer's job turns READY with the api's name","status":"passed","title":"activities: the exportsQueued switch answers 202 {jobId, statusUrl} and the drawer's job turns READY with the api's name","duration":3.2841250000000173,"failureMessages":[],"location":{"line":72,"column":17},"meta":{},"tags":[],"benchmarks":[]},{"ancestorTitles":["E4-W07 MSW list exports answer like the api (R-14-12, CONVENCIONS_API §4)"],"fullName":"E4-W07 MSW list exports answer like the api (R-14-12, CONVENCIONS_API §4) activity-registrations: the exportsQueued switch answers 202 {jobId, statusUrl} and the drawer's job turns READY with the api's name","status":"passed","title":"activity-registrations: the exportsQueued switch answers 202 {jobId, statusUrl} and the drawer's job turns READY with the api's name","duration":3.990957999999978,"failureMessages":[],"location":{"line":72,"column":17},"meta":{},"tags":[],"benchmarks":[]},{"ancestorTitles":["E4-W07 MSW list exports answer like the api (R-14-12, CONVENCIONS_API §4)"],"fullName":"E4-W07 MSW list exports answer like the api (R-14-12, CONVENCIONS_API §4) queues above ExportPolicy.syncMaxRows (5000) and answers inline up to it","status":"passed","title":"queues above ExportPolicy.syncMaxRows (5000) and answers inline up to it","duration":0.308084000000008,"failureMessages":[],"location":{"line":106,"column":3},"meta":{},"tags":[],"benchmarks":[]},{"ancestorTitles":["E4-W07 MSW list exports answer like the api (R-14-12, CONVENCIONS_API §4)"],"fullName":"E4-W07 MSW list exports answer like the api (R-14-12, CONVENCIONS_API §4) the registrants export applies q and activityId like the list, and refuses an unknown filter","status":"passed","title":"the registrants export applies q and activityId like the list, and refuses an unknown filter","duration":9.945124999999962,"failureMessages":[],"location":{"line":112,"column":3},"meta":{},"tags":[],"benchmarks":[]},{"ancestorTitles":["E4-W07 MSW list exports answer like the api (R-14-12, CONVENCIONS_API §4)"],"fullName":"E4-W07 MSW list exports answer like the api (R-14-12, CONVENCIONS_API §4) the D5 selection export filters the members by id (x-filterable `id`)","status":"passed","title":"the D5 selection export filters the members by id (x-filterable `id`)","duration":2.0517920000000345,"failureMessages":[],"location":{"line":143,"column":3},"meta":{},"tags":[],"benchmarks":[]},{"ancestorTitles":["E4-W07 MSW list exports answer like the api (R-14-12, CONVENCIONS_API §4)"],"fullName":"E4-W07 MSW list exports answer like the api (R-14-12, CONVENCIONS_API §4) an INSTRUCTOR cannot export D7 or the registrants (ADMIN only)","status":"passed","title":"an INSTRUCTOR cannot export D7 or the registrants (ADMIN only)","duration":1.2396659999999997,"failureMessages":[],"location":{"line":157,"column":3},"meta":{},"tags":[],"benchmarks":[]}],"startTime":1790377564350,"endTime":1790377564416.2397,"status":"passed","message":"","name":"/Users/jordib/dev/agilityhub/agilityhub-core-web/packages/api-client/src/mocks/list-exports.test.ts"},{"assertionResults":[{"ancestorTitles":["E3-W10 build-time budget of the MSW mock worlds"],"fullName":"E3-W10 build-time budget of the MSW mock worlds finds every stateful world the handlers reset","status":"passed","title":"finds every stateful world the handlers reset","duration":1.1191249999999968,"failureMessages":[],"location":{"line":128,"column":3},"meta":{},"tags":[],"benchmarks":[]},{"ancestorTitles":["E3-W10 build-time budget of the MSW mock worlds"],"fullName":"E3-W10 build-time budget of the MSW mock worlds imports the mock modules afresh within the start-up budget","status":"passed","title":"imports the mock modules afresh within the start-up budget","duration":186.17783299999996,"failureMessages":[],"location":{"line":146,"column":3},"meta":{},"tags":[],"benchmarks":[]},{"ancestorTitles":["E3-W10 build-time budget of the MSW mock worlds"],"fullName":"E3-W10 build-time budget of the MSW mock worlds builds resetActivityState within its budget","status":"passed","title":"builds resetActivityState within its budget","duration":42.45141699999999,"failureMessages":[],"location":{"line":165,"column":18},"meta":{},"tags":[],"benchmarks":[]},{"ancestorTitles":["E3-W10 build-time budget of the MSW mock worlds"],"fullName":"E3-W10 build-time budget of the MSW mock worlds builds resetAuditMockState within its budget","status":"passed","title":"builds resetAuditMockState within its budget","duration":40.56716700000004,"failureMessages":[],"location":{"line":165,"column":18},"meta":{},"tags":[],"benchmarks":[]},{"ancestorTitles":["E3-W10 build-time budget of the MSW mock worlds"],"fullName":"E3-W10 build-time budget of the MSW mock worlds builds resetCatalogState within its budget","status":"passed","title":"builds resetCatalogState within its budget","duration":38.92700000000002,"failureMessages":[],"location":{"line":165,"column":18},"meta":{},"tags":[],"benchmarks":[]},{"ancestorTitles":["E3-W10 build-time budget of the MSW mock worlds"],"fullName":"E3-W10 build-time budget of the MSW mock worlds builds resetCensusRecordState within its budget","status":"passed","title":"builds resetCensusRecordState within its budget","duration":40.77749999999992,"failureMessages":[],"location":{"line":165,"column":18},"meta":{},"tags":[],"benchmarks":[]},{"ancestorTitles":["E3-W10 build-time budget of the MSW mock worlds"],"fullName":"E3-W10 build-time budget of the MSW mock worlds builds resetDashboardMockState within its budget","status":"passed","title":"builds resetDashboardMockState within its budget","duration":40.390292000000045,"failureMessages":[],"location":{"line":165,"column":18},"meta":{},"tags":[],"benchmarks":[]},{"ancestorTitles":["E3-W10 build-time budget of the MSW mock worlds"],"fullName":"E3-W10 build-time budget of the MSW mock worlds builds resetMemberSelfServiceState within its budget","status":"passed","title":"builds resetMemberSelfServiceState within its budget","duration":39.081999999999994,"failureMessages":[],"location":{"line":165,"column":18},"meta":{},"tags":[],"benchmarks":[]},{"ancestorTitles":["E3-W10 build-time budget of the MSW mock worlds"],"fullName":"E3-W10 build-time budget of the MSW mock worlds builds resetOnboardingMockState within its budget","status":"passed","title":"builds resetOnboardingMockState within its budget","duration":39.01295900000002,"failureMessages":[],"location":{"line":165,"column":18},"meta":{},"tags":[],"benchmarks":[]},{"ancestorTitles":["E3-W10 build-time budget of the MSW mock worlds"],"fullName":"E3-W10 build-time budget of the MSW mock worlds builds resetPlanningState within its budget","status":"passed","title":"builds resetPlanningState within its budget","duration":109.25708399999996,"failureMessages":[],"location":{"line":165,"column":18},"meta":{},"tags":[],"benchmarks":[]},{"ancestorTitles":["E3-W10 build-time budget of the MSW mock worlds"],"fullName":"E3-W10 build-time budget of the MSW mock worlds builds resetSettingsState within its budget","status":"passed","title":"builds resetSettingsState within its budget","duration":38.866540999999984,"failureMessages":[],"location":{"line":165,"column":18},"meta":{},"tags":[],"benchmarks":[]},{"ancestorTitles":["E3-W10 build-time budget of the MSW mock worlds"],"fullName":"E3-W10 build-time budget of the MSW mock worlds builds resetSignupMockState within its budget","status":"passed","title":"builds resetSignupMockState within its budget","duration":37.165042000000085,"failureMessages":[],"location":{"line":165,"column":18},"meta":{},"tags":[],"benchmarks":[]},{"ancestorTitles":["E3-W10 build-time budget of the MSW mock worlds"],"fullName":"E3-W10 build-time budget of the MSW mock worlds builds resetDayGridState within its budget","status":"passed","title":"builds resetDayGridState within its budget","duration":40.02020799999991,"failureMessages":[],"location":{"line":165,"column":18},"meta":{},"tags":[],"benchmarks":[]},{"ancestorTitles":["E3-W10 build-time budget of the MSW mock worlds"],"fullName":"E3-W10 build-time budget of the MSW mock worlds rebuilds on reset the same worlds the browser starts with, whatever the day","status":"passed","title":"rebuilds on reset the same worlds the browser starts with, whatever the day","duration":17.8226659999998,"failureMessages":[],"location":{"line":172,"column":3},"meta":{},"tags":[],"benchmarks":[]}],"startTime":1790377564340,"endTime":1790377565051.8228,"status":"passed","message":"","name":"/Users/jordib/dev/agilityhub/agilityhub-core-web/packages/api-client/src/mocks/mock-worlds.budget.test.ts"},{"assertionResults":[{"ancestorTitles":["E3-W08 the mock quotes per plan like the api (R-04-14/15, T-04-05/06)"],"fullName":"E3-W08 the mock quotes per plan like the api (R-04-14/15, T-04-05/06) MONTHLY: d < 16 → a full month today / half from the 16th; d ≥ 16 → half today / full on the 1st","status":"passed","title":"MONTHLY: d < 16 → a full month today / half from the 16th; d ≥ 16 → half today / full on the 1st","duration":14.05483300000003,"failureMessages":[],"location":{"line":113,"column":3},"meta":{},"tags":[],"benchmarks":[]},{"ancestorTitles":["E3-W08 the mock quotes per plan like the api (R-04-14/15, T-04-05/06)"],"fullName":"E3-W08 the mock quotes per plan like the api (R-04-14/15, T-04-05/06) PACK: the pack line and no options; MAINTENANCE (Teràpia): the 50 € entry only","status":"passed","title":"PACK: the pack line and no options; MAINTENANCE (Teràpia): the 50 € entry only","duration":1.538499999999999,"failureMessages":[],"location":{"line":132,"column":3},"meta":{},"tags":[],"benchmarks":[]},{"ancestorTitles":["E3-W08 the mock quotes per plan like the api (R-04-14/15, T-04-05/06)"],"fullName":"E3-W08 the mock quotes per plan like the api (R-04-14/15, T-04-05/06) add-dog: TODAY with the additional fee; the 1st of next month (entry only) up to day 25","status":"passed","title":"add-dog: TODAY with the additional fee; the 1st of next month (entry only) up to day 25","duration":2.283374999999978,"failureMessages":[],"location":{"line":138,"column":3},"meta":{},"tags":[],"benchmarks":[]},{"ancestorTitles":["E3-W08 the mock quotes per plan like the api (R-04-14/15, T-04-05/06)"],"fullName":"E3-W08 the mock quotes per plan like the api (R-04-14/15, T-04-05/06) the flags are sent: allowFamilyGroupPending (with FAMILY_GROUP only) and requireDogDocumentAtSignup","status":"passed","title":"the flags are sent: allowFamilyGroupPending (with FAMILY_GROUP only) and requireDogDocumentAtSignup","duration":3.918834000000004,"failureMessages":[],"location":{"line":150,"column":3},"meta":{},"tags":[],"benchmarks":[]},{"ancestorTitles":["E3-W08 the upload URL and the add-dog submission mocks"],"fullName":"E3-W08 the upload URL and the add-dog submission mocks R-04-08: the upload URL answers the headers the storage signed","status":"passed","title":"R-04-08: the upload URL answers the headers the storage signed","duration":1.0270830000000046,"failureMessages":[],"location":{"line":161,"column":3},"meta":{},"tags":[],"benchmarks":[]},{"ancestorTitles":["E3-W08 the upload URL and the add-dog submission mocks"],"fullName":"E3-W08 the upload URL and the add-dog submission mocks E36: an add-dog submission lists the dog PENDING on GET /me/dogs, without documents or licences","status":"passed","title":"E36: an add-dog submission lists the dog PENDING on GET /me/dogs, without documents or licences","duration":1.8910000000000196,"failureMessages":[],"location":{"line":173,"column":3},"meta":{},"tags":[],"benchmarks":[]},{"ancestorTitles":["E3-W08 round 2 #6: the submission mocks enforce the two signup flags, as the api does"],"fullName":"E3-W08 round 2 #6: the submission mocks enforce the two signup flags, as the api does T-04-13 requireDogDocumentAtSignup=true: no file → 422 DOG_DOCUMENT_REQUIRED (public and add-dog); a file → 201","status":"passed","title":"T-04-13 requireDogDocumentAtSignup=true: no file → 422 DOG_DOCUMENT_REQUIRED (public and add-dog); a file → 201","duration":4.380083000000013,"failureMessages":[],"location":{"line":220,"column":3},"meta":{},"tags":[],"benchmarks":[]},{"ancestorTitles":["E3-W08 round 2 #6: the submission mocks enforce the two signup flags, as the api does"],"fullName":"E3-W08 round 2 #6: the submission mocks enforce the two signup flags, as the api does T-04-13 requireDogDocumentAtSignup=false: no file → 201","status":"passed","title":"T-04-13 requireDogDocumentAtSignup=false: no file → 201","duration":1.913000000000011,"failureMessages":[],"location":{"line":229,"column":3},"meta":{},"tags":[],"benchmarks":[]},{"ancestorTitles":["E3-W08 round 2 #6: the submission mocks enforce the two signup flags, as the api does"],"fullName":"E3-W08 round 2 #6: the submission mocks enforce the two signup flags, as the api does T-04-16 leavePending with allowFamilyGroupPending=false → 400 VALIDATION_ERROR on the claim; with true → 201","status":"passed","title":"T-04-16 leavePending with allowFamilyGroupPending=false → 400 VALIDATION_ERROR on the claim; with true → 201","duration":3.226458999999977,"failureMessages":[],"location":{"line":235,"column":3},"meta":{},"tags":[],"benchmarks":[]},{"ancestorTitles":["T-04-01 / T-04-02 the signup mocks follow R-04-01 by country profile"],"fullName":"T-04-01 / T-04-02 the signup mocks follow R-04-01 by country profile ES: pads a seven-digit DNI (1234567L → 01234567L) and accepts it","status":"passed","title":"ES: pads a seven-digit DNI (1234567L → 01234567L) and accepts it","duration":2.4233750000000214,"failureMessages":[],"location":{"line":254,"column":3},"meta":{},"tags":[],"benchmarks":[]},{"ancestorTitles":["T-04-01 / T-04-02 the signup mocks follow R-04-01 by country profile"],"fullName":"T-04-01 / T-04-02 the signup mocks follow R-04-01 by country profile GENERIC: accepts OTHER with four characters or more and rejects DNI and short values","status":"passed","title":"GENERIC: accepts OTHER with four characters or more and rejects DNI and short values","duration":1.5544160000000034,"failureMessages":[],"location":{"line":268,"column":3},"meta":{},"tags":[],"benchmarks":[]},{"ancestorTitles":["T-04-14 T-04-20 E3-W11 step 2: the D2 view's paymentMethods, as api E3-T14 answers them (R-04-10, R-04-19)"],"fullName":"T-04-14 T-04-20 E3-W11 step 2: the D2 view's paymentMethods, as api E3-T14 answers them (R-04-10, R-04-19) a PENDING member: the methods GET /signup offers, assignable, in the reader's language, the applicant's marked current","status":"passed","title":"a PENDING member: the methods GET /signup offers, assignable, in the reader's language, the applicant's marked current","duration":1.1747079999999528,"failureMessages":[],"location":{"line":304,"column":3},"meta":{},"tags":[],"benchmarks":[]},{"ancestorTitles":["T-04-14 T-04-20 E3-W11 step 2: the D2 view's paymentMethods, as api E3-T14 answers them (R-04-10, R-04-19)"],"fullName":"T-04-14 T-04-20 E3-W11 step 2: the D2 view's paymentMethods, as api E3-T14 answers them (R-04-10, R-04-19) an add-dog (the member is ACTIVE): only the current method, not assignable, and a PATCH of it is 400 READ_ONLY","status":"passed","title":"an add-dog (the member is ACTIVE): only the current method, not assignable, and a PATCH of it is 400 READ_ONLY","duration":1.883833999999979,"failureMessages":[],"location":{"line":317,"column":3},"meta":{},"tags":[],"benchmarks":[]},{"ancestorTitles":["T-04-14 T-04-20 E3-W11 step 2: the D2 view's paymentMethods, as api E3-T14 answers them (R-04-10, R-04-19)"],"fullName":"T-04-14 T-04-20 E3-W11 step 2: the D2 view's paymentMethods, as api E3-T14 answers them (R-04-10, R-04-19) a method that is not assignable is 422 PAYMENT_METHOD_NOT_AVAILABLE; an assignable one becomes current","status":"passed","title":"a method that is not assignable is 422 PAYMENT_METHOD_NOT_AVAILABLE; an assignable one becomes current","duration":2.3526669999999967,"failureMessages":[],"location":{"line":329,"column":3},"meta":{},"tags":[],"benchmarks":[]},{"ancestorTitles":["T-04-14 T-04-20 E3-W11 step 2: the D2 view's paymentMethods, as api E3-T14 answers them (R-04-10, R-04-19)"],"fullName":"T-04-14 T-04-20 E3-W11 step 2: the D2 view's paymentMethods, as api E3-T14 answers them (R-04-10, R-04-19) the applicant's own method whose provider is off since stays listed last, current and not assignable","status":"passed","title":"the applicant's own method whose provider is off since stays listed last, current and not assignable","duration":0.13229099999995242,"failureMessages":[],"location":{"line":338,"column":3},"meta":{},"tags":[],"benchmarks":[]},{"ancestorTitles":["T-03-40 E3-W12 step 3: GET /me/dogs as the api answers it (S03 §6, api E3-T16)"],"fullName":"T-03-40 E3-W12 step 3: GET /me/dogs as the api answers it (S03 §6, api E3-T16) lists the catalog's document types in order, with the reader's labels, else the club's default language","status":"passed","title":"lists the catalog's document types in order, with the reader's labels, else the club's default language","duration":0.6679170000000454,"failureMessages":[],"location":{"line":361,"column":3},"meta":{},"tags":[],"benchmarks":[]},{"ancestorTitles":["T-03-40 E3-W12 step 3: GET /me/dogs as the api answers it (S03 §6, api E3-T16)"],"fullName":"T-03-40 E3-W12 step 3: GET /me/dogs as the api answers it (S03 §6, api E3-T16) R-03-30: a dog carries its level only with levels.enabled","status":"passed","title":"R-03-30: a dog carries its level only with levels.enabled","duration":1.8710829999999987,"failureMessages":[],"location":{"line":376,"column":3},"meta":{},"tags":[],"benchmarks":[]},{"ancestorTitles":["E3-W12 step 3: /parameters/* is for a non-impersonated ADMIN only (MATRIU_PERMISOS)"],"fullName":"E3-W12 step 3: /parameters/* is for a non-impersonated ADMIN only (MATRIU_PERMISOS) member: every /parameters read and write is 403 FORBIDDEN","status":"passed","title":"member: every /parameters read and write is 403 FORBIDDEN","duration":3.5580830000000105,"failureMessages":[],"location":{"line":391,"column":77},"meta":{},"tags":[],"benchmarks":[]},{"ancestorTitles":["E3-W12 step 3: /parameters/* is for a non-impersonated ADMIN only (MATRIU_PERMISOS)"],"fullName":"E3-W12 step 3: /parameters/* is for a non-impersonated ADMIN only (MATRIU_PERMISOS) instructor: every /parameters read and write is 403 FORBIDDEN","status":"passed","title":"instructor: every /parameters read and write is 403 FORBIDDEN","duration":2.029708000000028,"failureMessages":[],"location":{"line":391,"column":77},"meta":{},"tags":[],"benchmarks":[]},{"ancestorTitles":["E3-W12 step 3: /parameters/* is for a non-impersonated ADMIN only (MATRIU_PERMISOS)"],"fullName":"E3-W12 step 3: /parameters/* is for a non-impersonated ADMIN only (MATRIU_PERMISOS) impersonated: every /parameters read and write is 403 FORBIDDEN","status":"passed","title":"impersonated: every /parameters read and write is 403 FORBIDDEN","duration":2.0400829999999814,"failureMessages":[],"location":{"line":391,"column":77},"meta":{},"tags":[],"benchmarks":[]},{"ancestorTitles":["E3-W12 step 3: /parameters/* is for a non-impersonated ADMIN only (MATRIU_PERMISOS)"],"fullName":"E3-W12 step 3: /parameters/* is for a non-impersonated ADMIN only (MATRIU_PERMISOS) dayGridEmpty: every /parameters read and write is 403 FORBIDDEN","status":"passed","title":"dayGridEmpty: every /parameters read and write is 403 FORBIDDEN","duration":1.7847919999999817,"failureMessages":[],"location":{"line":391,"column":77},"meta":{},"tags":[],"benchmarks":[]},{"ancestorTitles":["E3-W12 step 3: /parameters/* is for a non-impersonated ADMIN only (MATRIU_PERMISOS)"],"fullName":"E3-W12 step 3: /parameters/* is for a non-impersonated ADMIN only (MATRIU_PERMISOS) an ADMIN reads them (the roles, not the active profile, decide); an impersonation token does not","status":"passed","title":"an ADMIN reads them (the roles, not the active profile, decide); an impersonation token does not","duration":1.6895420000000172,"failureMessages":[],"location":{"line":405,"column":3},"meta":{},"tags":[],"benchmarks":[]},{"ancestorTitles":["E3-W12 step 3: /parameters/* is for a non-impersonated ADMIN only (MATRIU_PERMISOS)"],"fullName":"E3-W12 step 3: /parameters/* is for a non-impersonated ADMIN only (MATRIU_PERMISOS) the ADMIN's census.dogDocumentTypes is the catalog's editable map","status":"passed","title":"the ADMIN's census.dogDocumentTypes is the catalog's editable map","duration":0.4144579999999678,"failureMessages":[],"location":{"line":416,"column":3},"meta":{},"tags":[],"benchmarks":[]}],"startTime":1790377564347,"endTime":1790377564405.6895,"status":"passed","message":"","name":"/Users/jordib/dev/agilityhub/agilityhub-core-web/packages/api-client/src/mocks/signup-handlers.test.ts"}]}